<?xml version="1.0" encoding="UTF-8"?>
<coverage generated="1500418725817" clover="3.2.0">
  <project timestamp="1500418725817" name="All files">
    <metrics statements="518" coveredstatements="158" conditionals="265" coveredconditionals="29" methods="121" coveredmethods="11" elements="904" coveredelements="198" complexity="0" loc="518" ncloc="518" packages="9" files="18" classes="18">
      <package name="src">
        <metrics statements="37" coveredstatements="35" conditionals="14" coveredconditionals="12" methods="5" coveredmethods="4"/>
        <file name="App.js" path="/Users/hitoi/Dropbox/Projects/agnes-client-side/src/App.js">
          <metrics statements="2" coveredstatements="2" conditionals="0" coveredconditionals="0" methods="1" coveredmethods="1"/>
          <line num="9" count="1" type="stmt"/>
          <line num="11" count="1" type="stmt"/>
        </file>
        <file name="router.js" path="/Users/hitoi/Dropbox/Projects/agnes-client-side/src/router.js">
          <metrics statements="3" coveredstatements="2" conditionals="0" coveredconditionals="0" methods="1" coveredmethods="0"/>
          <line num="13" count="1" type="stmt"/>
          <line num="43" count="1" type="stmt"/>
          <line num="44" count="0" type="stmt"/>
        </file>
        <file name="sample-array.js" path="/Users/hitoi/Dropbox/Projects/agnes-client-side/src/sample-array.js">
          <metrics statements="4" coveredstatements="4" conditionals="0" coveredconditionals="0" methods="0" coveredmethods="0"/>
          <line num="5" count="1" type="stmt"/>
          <line num="10" count="1" type="stmt"/>
          <line num="15" count="1" type="stmt"/>
          <line num="19" count="1" type="stmt"/>
        </file>
        <file name="sample.js" path="/Users/hitoi/Dropbox/Projects/agnes-client-side/src/sample.js">
          <metrics statements="23" coveredstatements="22" conditionals="12" coveredconditionals="10" methods="3" coveredmethods="3"/>
          <line num="1" count="1" type="stmt"/>
          <line num="2" count="1" type="stmt"/>
          <line num="3" count="1999" type="cond" truecount="2" falsecount="0"/>
          <line num="4" count="1000" type="stmt"/>
          <line num="6" count="999" type="stmt"/>
          <line num="7" count="999" type="stmt"/>
          <line num="8" count="999" type="stmt"/>
          <line num="9" count="999" type="stmt"/>
          <line num="11" count="1" type="stmt"/>
          <line num="12" count="999" type="cond" truecount="1" falsecount="1"/>
          <line num="13" count="0" type="stmt"/>
          <line num="15" count="999" type="stmt"/>
          <line num="16" count="999" type="cond" truecount="2" falsecount="0"/>
          <line num="17" count="8709" type="stmt"/>
          <line num="18" count="8709" type="cond" truecount="2" falsecount="0"/>
          <line num="19" count="4322" type="stmt"/>
          <line num="21" count="4387" type="stmt"/>
          <line num="24" count="999" type="cond" truecount="2" falsecount="0"/>
          <line num="25" count="517" type="stmt"/>
          <line num="26" count="482" type="cond" truecount="1" falsecount="1"/>
          <line num="27" count="482" type="stmt"/>
          <line num="29" count="999" type="stmt"/>
          <line num="31" count="1" type="stmt"/>
        </file>
        <file name="store.js" path="/Users/hitoi/Dropbox/Projects/agnes-client-side/src/store.js">
          <metrics statements="5" coveredstatements="5" conditionals="2" coveredconditionals="2" methods="0" coveredmethods="0"/>
          <line num="6" count="1" type="stmt"/>
          <line num="10" count="1" type="stmt"/>
          <line num="17" count="1" type="stmt"/>
          <line num="19" count="1" type="cond" truecount="2" falsecount="0"/>
          <line num="20" count="1" type="stmt"/>
        </file>
      </package>
      <package name="src.actions">
        <metrics statements="249" coveredstatements="35" conditionals="142" coveredconditionals="0" methods="42" coveredmethods="0"/>
        <file name="index.js" path="/Users/hitoi/Dropbox/Projects/agnes-client-side/src/actions/index.js">
          <metrics statements="238" coveredstatements="24" conditionals="142" coveredconditionals="0" methods="42" coveredmethods="0"/>
          <line num="22" count="1" type="stmt"/>
          <line num="23" count="0" type="stmt"/>
          <line num="30" count="1" type="stmt"/>
          <line num="31" count="0" type="stmt"/>
          <line num="36" count="1" type="stmt"/>
          <line num="37" count="0" type="stmt"/>
          <line num="42" count="1" type="stmt"/>
          <line num="43" count="0" type="stmt"/>
          <line num="52" count="1" type="stmt"/>
          <line num="53" count="0" type="stmt"/>
          <line num="54" count="0" type="stmt"/>
          <line num="56" count="0" type="cond" truecount="0" falsecount="4"/>
          <line num="57" count="0" type="stmt"/>
          <line num="60" count="0" type="stmt"/>
          <line num="61" count="0" type="stmt"/>
          <line num="63" count="0" type="stmt"/>
          <line num="68" count="1" type="stmt"/>
          <line num="71" count="0" type="stmt"/>
          <line num="73" count="0" type="stmt"/>
          <line num="74" count="0" type="stmt"/>
          <line num="86" count="0" type="cond" truecount="0" falsecount="2"/>
          <line num="90" count="0" type="stmt"/>
          <line num="99" count="0" type="cond" truecount="0" falsecount="2"/>
          <line num="103" count="0" type="stmt"/>
          <line num="105" count="0" type="cond" truecount="0" falsecount="2"/>
          <line num="106" count="0" type="stmt"/>
          <line num="107" count="0" type="stmt"/>
          <line num="127" count="0" type="stmt"/>
          <line num="186" count="1" type="stmt"/>
          <line num="189" count="0" type="cond" truecount="0" falsecount="2"/>
          <line num="190" count="0" type="stmt"/>
          <line num="192" count="0" type="stmt"/>
          <line num="198" count="0" type="cond" truecount="0" falsecount="2"/>
          <line num="200" count="0" type="stmt"/>
          <line num="206" count="0" type="cond" truecount="0" falsecount="2"/>
          <line num="207" count="0" type="stmt"/>
          <line num="212" count="0" type="stmt"/>
          <line num="221" count="1" type="stmt"/>
          <line num="222" count="0" type="stmt"/>
          <line num="227" count="1" type="stmt"/>
          <line num="228" count="0" type="stmt"/>
          <line num="231" count="0" type="cond" truecount="0" falsecount="2"/>
          <line num="232" count="0" type="stmt"/>
          <line num="233" count="0" type="cond" truecount="0" falsecount="2"/>
          <line num="234" count="0" type="stmt"/>
          <line num="236" count="0" type="stmt"/>
          <line num="239" count="0" type="stmt"/>
          <line num="241" count="0" type="stmt"/>
          <line num="245" count="1" type="stmt"/>
          <line num="246" count="0" type="stmt"/>
          <line num="247" count="0" type="cond" truecount="0" falsecount="2"/>
          <line num="248" count="0" type="stmt"/>
          <line num="250" count="0" type="stmt"/>
          <line num="254" count="1" type="stmt"/>
          <line num="255" count="0" type="stmt"/>
          <line num="256" count="0" type="stmt"/>
          <line num="257" count="0" type="stmt"/>
          <line num="258" count="0" type="stmt"/>
          <line num="263" count="0" type="cond" truecount="0" falsecount="4"/>
          <line num="264" count="0" type="stmt"/>
          <line num="269" count="0" type="cond" truecount="0" falsecount="2"/>
          <line num="270" count="0" type="stmt"/>
          <line num="271" count="0" type="cond" truecount="0" falsecount="2"/>
          <line num="272" count="0" type="stmt"/>
          <line num="274" count="0" type="stmt"/>
          <line num="289" count="0" type="stmt"/>
          <line num="301" count="0" type="stmt"/>
          <line num="303" count="1" type="stmt"/>
          <line num="304" count="0" type="stmt"/>
          <line num="305" count="0" type="stmt"/>
          <line num="307" count="0" type="cond" truecount="0" falsecount="2"/>
          <line num="308" count="0" type="stmt"/>
          <line num="312" count="0" type="cond" truecount="0" falsecount="2"/>
          <line num="313" count="0" type="stmt"/>
          <line num="316" count="0" type="stmt"/>
          <line num="320" count="0" type="stmt"/>
          <line num="327" count="1" type="stmt"/>
          <line num="328" count="0" type="stmt"/>
          <line num="329" count="0" type="stmt"/>
          <line num="330" count="0" type="stmt"/>
          <line num="331" count="0" type="stmt"/>
          <line num="337" count="0" type="cond" truecount="0" falsecount="2"/>
          <line num="338" count="0" type="cond" truecount="0" falsecount="2"/>
          <line num="339" count="0" type="stmt"/>
          <line num="343" count="0" type="stmt"/>
          <line num="344" count="0" type="stmt"/>
          <line num="346" count="0" type="stmt"/>
          <line num="348" count="0" type="stmt"/>
          <line num="352" count="0" type="stmt"/>
          <line num="357" count="0" type="cond" truecount="0" falsecount="2"/>
          <line num="362" count="0" type="cond" truecount="0" falsecount="4"/>
          <line num="363" count="0" type="stmt"/>
          <line num="367" count="0" type="stmt"/>
          <line num="369" count="0" type="stmt"/>
          <line num="370" count="0" type="stmt"/>
          <line num="371" count="0" type="stmt"/>
          <line num="375" count="0" type="stmt"/>
          <line num="380" count="0" type="cond" truecount="0" falsecount="2"/>
          <line num="381" count="0" type="cond" truecount="0" falsecount="2"/>
          <line num="382" count="0" type="stmt"/>
          <line num="386" count="0" type="stmt"/>
          <line num="388" count="0" type="stmt"/>
          <line num="389" count="0" type="stmt"/>
          <line num="390" count="0" type="stmt"/>
          <line num="392" count="0" type="stmt"/>
          <line num="398" count="0" type="cond" truecount="0" falsecount="2"/>
          <line num="399" count="0" type="cond" truecount="0" falsecount="2"/>
          <line num="400" count="0" type="stmt"/>
          <line num="404" count="0" type="stmt"/>
          <line num="406" count="0" type="stmt"/>
          <line num="407" count="0" type="stmt"/>
          <line num="408" count="0" type="stmt"/>
          <line num="410" count="0" type="stmt"/>
          <line num="418" count="0" type="stmt"/>
          <line num="422" count="1" type="stmt"/>
          <line num="423" count="0" type="stmt"/>
          <line num="425" count="0" type="stmt"/>
          <line num="428" count="0" type="stmt"/>
          <line num="431" count="0" type="stmt"/>
          <line num="434" count="0" type="stmt"/>
          <line num="437" count="0" type="cond" truecount="0" falsecount="2"/>
          <line num="445" count="0" type="cond" truecount="0" falsecount="2"/>
          <line num="446" count="0" type="stmt"/>
          <line num="448" count="0" type="stmt"/>
          <line num="450" count="0" type="stmt"/>
          <line num="452" count="0" type="stmt"/>
          <line num="453" count="0" type="cond" truecount="0" falsecount="2"/>
          <line num="454" count="0" type="stmt"/>
          <line num="455" count="0" type="stmt"/>
          <line num="456" count="0" type="cond" truecount="0" falsecount="2"/>
          <line num="457" count="0" type="stmt"/>
          <line num="472" count="0" type="stmt"/>
          <line num="474" count="1" type="stmt"/>
          <line num="476" count="0" type="cond" truecount="0" falsecount="2"/>
          <line num="477" count="0" type="stmt"/>
          <line num="479" count="0" type="stmt"/>
          <line num="480" count="0" type="stmt"/>
          <line num="481" count="0" type="cond" truecount="0" falsecount="2"/>
          <line num="482" count="0" type="stmt"/>
          <line num="485" count="0" type="stmt"/>
          <line num="488" count="0" type="stmt"/>
          <line num="492" count="1" type="stmt"/>
          <line num="493" count="0" type="stmt"/>
          <line num="496" count="0" type="cond" truecount="0" falsecount="2"/>
          <line num="497" count="0" type="stmt"/>
          <line num="499" count="0" type="stmt"/>
          <line num="500" count="0" type="stmt"/>
          <line num="501" count="0" type="cond" truecount="0" falsecount="2"/>
          <line num="502" count="0" type="stmt"/>
          <line num="504" count="0" type="stmt"/>
          <line num="507" count="0" type="stmt"/>
          <line num="512" count="1" type="stmt"/>
          <line num="513" count="0" type="cond" truecount="0" falsecount="2"/>
          <line num="514" count="0" type="stmt"/>
          <line num="517" count="0" type="stmt"/>
          <line num="519" count="0" type="stmt"/>
          <line num="522" count="1" type="stmt"/>
          <line num="523" count="0" type="stmt"/>
          <line num="524" count="0" type="stmt"/>
          <line num="525" count="0" type="stmt"/>
          <line num="527" count="0" type="stmt"/>
          <line num="531" count="1" type="stmt"/>
          <line num="537" count="0" type="stmt"/>
          <line num="538" count="0" type="stmt"/>
          <line num="539" count="0" type="stmt"/>
          <line num="540" count="0" type="stmt"/>
          <line num="543" count="0" type="stmt"/>
          <line num="550" count="0" type="stmt"/>
          <line num="554" count="0" type="cond" truecount="0" falsecount="2"/>
          <line num="556" count="0" type="stmt"/>
          <line num="559" count="0" type="stmt"/>
          <line num="560" count="0" type="stmt"/>
          <line num="562" count="0" type="stmt"/>
          <line num="565" count="0" type="cond" truecount="0" falsecount="2"/>
          <line num="566" count="0" type="cond" truecount="0" falsecount="2"/>
          <line num="567" count="0" type="stmt"/>
          <line num="608" count="1" type="stmt"/>
          <line num="613" count="0" type="stmt"/>
          <line num="615" count="0" type="cond" truecount="0" falsecount="2"/>
          <line num="617" count="0" type="stmt"/>
          <line num="625" count="0" type="cond" truecount="0" falsecount="4"/>
          <line num="627" count="0" type="stmt"/>
          <line num="629" count="0" type="stmt"/>
          <line num="634" count="1" type="stmt"/>
          <line num="640" count="0" type="stmt"/>
          <line num="641" count="0" type="cond" truecount="0" falsecount="2"/>
          <line num="643" count="0" type="stmt"/>
          <line num="648" count="0" type="cond" truecount="0" falsecount="4"/>
          <line num="649" count="0" type="stmt"/>
          <line num="651" count="0" type="stmt"/>
          <line num="659" count="1" type="stmt"/>
          <line num="664" count="0" type="stmt"/>
          <line num="665" count="0" type="stmt"/>
          <line num="666" count="0" type="stmt"/>
          <line num="671" count="0" type="cond" truecount="0" falsecount="2"/>
          <line num="673" count="0" type="cond" truecount="0" falsecount="4"/>
          <line num="674" count="0" type="stmt"/>
          <line num="675" count="0" type="cond" truecount="0" falsecount="5"/>
          <line num="676" count="0" type="stmt"/>
          <line num="689" count="0" type="cond" truecount="0" falsecount="4"/>
          <line num="691" count="0" type="stmt"/>
          <line num="698" count="0" type="cond" truecount="0" falsecount="4"/>
          <line num="699" count="0" type="stmt"/>
          <line num="706" count="0" type="cond" truecount="0" falsecount="4"/>
          <line num="708" count="0" type="stmt"/>
          <line num="710" count="0" type="cond" truecount="0" falsecount="6"/>
          <line num="711" count="0" type="stmt"/>
          <line num="722" count="1" type="stmt"/>
          <line num="727" count="0" type="stmt"/>
          <line num="728" count="0" type="stmt"/>
          <line num="729" count="0" type="stmt"/>
          <line num="731" count="0" type="cond" truecount="0" falsecount="4"/>
          <line num="732" count="0" type="stmt"/>
          <line num="739" count="0" type="cond" truecount="0" falsecount="5"/>
          <line num="740" count="0" type="cond" truecount="0" falsecount="2"/>
          <line num="741" count="0" type="stmt"/>
          <line num="748" count="0" type="cond" truecount="0" falsecount="2"/>
          <line num="752" count="0" type="stmt"/>
          <line num="753" count="0" type="cond" truecount="0" falsecount="2"/>
          <line num="754" count="0" type="stmt"/>
          <line num="758" count="0" type="stmt"/>
          <line num="767" count="0" type="stmt"/>
          <line num="769" count="0" type="stmt"/>
          <line num="772" count="0" type="cond" truecount="0" falsecount="2"/>
          <line num="774" count="0" type="stmt"/>
          <line num="782" count="0" type="stmt"/>
          <line num="784" count="0" type="stmt"/>
          <line num="788" count="1" type="stmt"/>
          <line num="789" count="0" type="stmt"/>
          <line num="794" count="0" type="cond" truecount="0" falsecount="2"/>
          <line num="795" count="0" type="stmt"/>
          <line num="797" count="0" type="stmt"/>
          <line num="800" count="0" type="cond" truecount="0" falsecount="2"/>
          <line num="803" count="0" type="stmt"/>
          <line num="805" count="0" type="stmt"/>
          <line num="809" count="0" type="stmt"/>
          <line num="810" count="0" type="cond" truecount="0" falsecount="4"/>
          <line num="821" count="0" type="stmt"/>
        </file>
        <file name="types.js" path="/Users/hitoi/Dropbox/Projects/agnes-client-side/src/actions/types.js">
          <metrics statements="11" coveredstatements="11" conditionals="0" coveredconditionals="0" methods="0" coveredmethods="0"/>
          <line num="1" count="1" type="stmt"/>
          <line num="2" count="1" type="stmt"/>
          <line num="3" count="1" type="stmt"/>
          <line num="4" count="1" type="stmt"/>
          <line num="5" count="1" type="stmt"/>
          <line num="6" count="1" type="stmt"/>
          <line num="7" count="1" type="stmt"/>
          <line num="8" count="1" type="stmt"/>
          <line num="9" count="1" type="stmt"/>
          <line num="10" count="1" type="stmt"/>
          <line num="12" count="1" type="stmt"/>
        </file>
      </package>
      <package name="src.components">
        <metrics statements="7" coveredstatements="4" conditionals="0" coveredconditionals="0" methods="3" coveredmethods="0"/>
        <file name="Home.js" path="/Users/hitoi/Dropbox/Projects/agnes-client-side/src/components/Home.js">
          <metrics statements="5" coveredstatements="3" conditionals="0" coveredconditionals="0" methods="2" coveredmethods="0"/>
          <line num="6" count="1" type="stmt"/>
          <line num="7" count="0" type="stmt"/>
          <line num="12" count="1" type="stmt"/>
          <line num="13" count="0" type="stmt"/>
          <line num="20" count="1" type="stmt"/>
        </file>
        <file name="MainPlaceHolder.js" path="/Users/hitoi/Dropbox/Projects/agnes-client-side/src/components/MainPlaceHolder.js">
          <metrics statements="2" coveredstatements="1" conditionals="0" coveredconditionals="0" methods="1" coveredmethods="0"/>
          <line num="3" count="1" type="stmt"/>
          <line num="4" count="0" type="stmt"/>
        </file>
      </package>
      <package name="src.components.Header">
        <metrics statements="5" coveredstatements="3" conditionals="0" coveredconditionals="0" methods="2" coveredmethods="0"/>
        <file name="index.js" path="/Users/hitoi/Dropbox/Projects/agnes-client-side/src/components/Header/index.js">
          <metrics statements="5" coveredstatements="3" conditionals="0" coveredconditionals="0" methods="2" coveredmethods="0"/>
          <line num="8" count="1" type="stmt"/>
          <line num="9" count="0" type="stmt"/>
          <line num="17" count="1" type="stmt"/>
          <line num="18" count="0" type="stmt"/>
          <line num="24" count="1" type="stmt"/>
        </file>
      </package>
      <package name="src.components.OutlineTree">
        <metrics statements="21" coveredstatements="4" conditionals="44" coveredconditionals="0" methods="11" coveredmethods="0"/>
        <file name="index.js" path="/Users/hitoi/Dropbox/Projects/agnes-client-side/src/components/OutlineTree/index.js">
          <metrics statements="21" coveredstatements="4" conditionals="44" coveredconditionals="0" methods="11" coveredmethods="0"/>
          <line num="6" count="1" type="stmt"/>
          <line num="7" count="0" type="stmt"/>
          <line num="10" count="1" type="stmt"/>
          <line num="11" count="0" type="stmt"/>
          <line num="13" count="0" type="stmt"/>
          <line num="14" count="0" type="cond" truecount="0" falsecount="2"/>
          <line num="15" count="0" type="stmt"/>
          <line num="19" count="0" type="stmt"/>
          <line num="21" count="0" type="stmt"/>
          <line num="25" count="0" type="stmt"/>
          <line num="26" count="0" type="cond" truecount="0" falsecount="6"/>
          <line num="28" count="0" type="stmt"/>
          <line num="32" count="0" type="stmt"/>
          <line num="46" count="0" type="stmt"/>
          <line num="50" count="0" type="stmt"/>
          <line num="64" count="0" type="stmt"/>
          <line num="81" count="0" type="stmt"/>
          <line num="136" count="1" type="stmt"/>
          <line num="137" count="0" type="stmt"/>
          <line num="139" count="0" type="stmt"/>
          <line num="150" count="1" type="stmt"/>
        </file>
      </package>
      <package name="src.components.TextEditorDraft">
        <metrics statements="44" coveredstatements="3" conditionals="6" coveredconditionals="0" methods="18" coveredmethods="0"/>
        <file name="index.js" path="/Users/hitoi/Dropbox/Projects/agnes-client-side/src/components/TextEditorDraft/index.js">
          <metrics statements="44" coveredstatements="3" conditionals="6" coveredconditionals="0" methods="18" coveredmethods="0"/>
          <line num="7" count="1" type="stmt"/>
          <line num="8" count="0" type="stmt"/>
          <line num="11" count="1" type="stmt"/>
          <line num="12" count="0" type="stmt"/>
          <line num="22" count="0" type="stmt"/>
          <line num="30" count="0" type="stmt"/>
          <line num="32" count="0" type="stmt"/>
          <line num="35" count="0" type="stmt"/>
          <line num="38" count="0" type="stmt"/>
          <line num="40" count="0" type="stmt"/>
          <line num="42" count="0" type="stmt"/>
          <line num="45" count="0" type="stmt"/>
          <line num="46" count="0" type="stmt"/>
          <line num="47" count="0" type="stmt"/>
          <line num="48" count="0" type="stmt"/>
          <line num="52" count="0" type="stmt"/>
          <line num="60" count="0" type="cond" truecount="0" falsecount="2"/>
          <line num="61" count="0" type="stmt"/>
          <line num="62" count="0" type="stmt"/>
          <line num="71" count="0" type="stmt"/>
          <line num="76" count="0" type="stmt"/>
          <line num="81" count="0" type="stmt"/>
          <line num="82" count="0" type="stmt"/>
          <line num="83" count="0" type="stmt"/>
          <line num="89" count="0" type="stmt"/>
          <line num="90" count="0" type="stmt"/>
          <line num="96" count="0" type="stmt"/>
          <line num="97" count="0" type="stmt"/>
          <line num="98" count="0" type="cond" truecount="0" falsecount="2"/>
          <line num="99" count="0" type="stmt"/>
          <line num="100" count="0" type="stmt"/>
          <line num="102" count="0" type="stmt"/>
          <line num="105" count="0" type="stmt"/>
          <line num="135" count="0" type="stmt"/>
          <line num="137" count="0" type="stmt"/>
          <line num="138" count="0" type="stmt"/>
          <line num="139" count="0" type="stmt"/>
          <line num="140" count="0" type="stmt"/>
          <line num="142" count="0" type="stmt"/>
          <line num="145" count="0" type="cond" truecount="0" falsecount="2"/>
          <line num="146" count="0" type="stmt"/>
          <line num="152" count="0" type="stmt"/>
          <line num="159" count="0" type="stmt"/>
          <line num="163" count="1" type="stmt"/>
        </file>
      </package>
      <package name="src.components.TreeNav">
        <metrics statements="38" coveredstatements="4" conditionals="2" coveredconditionals="0" methods="20" coveredmethods="0"/>
        <file name="index.js" path="/Users/hitoi/Dropbox/Projects/agnes-client-side/src/components/TreeNav/index.js">
          <metrics statements="38" coveredstatements="4" conditionals="2" coveredconditionals="0" methods="20" coveredmethods="0"/>
          <line num="6" count="1" type="stmt"/>
          <line num="7" count="0" type="stmt"/>
          <line num="10" count="1" type="stmt"/>
          <line num="11" count="0" type="stmt"/>
          <line num="13" count="0" type="stmt"/>
          <line num="14" count="0" type="stmt"/>
          <line num="15" count="0" type="stmt"/>
          <line num="18" count="0" type="stmt"/>
          <line num="19" count="0" type="stmt"/>
          <line num="20" count="0" type="stmt"/>
          <line num="23" count="0" type="stmt"/>
          <line num="24" count="0" type="stmt"/>
          <line num="25" count="0" type="stmt"/>
          <line num="28" count="0" type="stmt"/>
          <line num="30" count="0" type="stmt"/>
          <line num="31" count="0" type="cond" truecount="0" falsecount="2"/>
          <line num="32" count="0" type="stmt"/>
          <line num="36" count="0" type="stmt"/>
          <line num="39" count="0" type="stmt"/>
          <line num="41" count="0" type="stmt"/>
          <line num="42" count="0" type="stmt"/>
          <line num="45" count="0" type="stmt"/>
          <line num="47" count="0" type="stmt"/>
          <line num="48" count="0" type="stmt"/>
          <line num="53" count="1" type="stmt"/>
          <line num="54" count="0" type="stmt"/>
          <line num="60" count="0" type="stmt"/>
          <line num="70" count="0" type="stmt"/>
          <line num="80" count="0" type="stmt"/>
          <line num="96" count="0" type="stmt"/>
          <line num="105" count="0" type="stmt"/>
          <line num="114" count="0" type="stmt"/>
          <line num="131" count="0" type="stmt"/>
          <line num="145" count="0" type="stmt"/>
          <line num="156" count="0" type="stmt"/>
          <line num="166" count="0" type="stmt"/>
          <line num="176" count="0" type="stmt"/>
          <line num="212" count="1" type="stmt"/>
        </file>
      </package>
      <package name="src.components.TwoPanes">
        <metrics statements="9" coveredstatements="0" conditionals="9" coveredconditionals="0" methods="6" coveredmethods="0"/>
        <file name="index.js" path="/Users/hitoi/Dropbox/Projects/agnes-client-side/src/components/TwoPanes/index.js">
          <metrics statements="9" coveredstatements="0" conditionals="9" coveredconditionals="0" methods="6" coveredmethods="0"/>
          <line num="10" count="0" type="stmt"/>
          <line num="12" count="0" type="stmt"/>
          <line num="22" count="0" type="cond" truecount="0" falsecount="2"/>
          <line num="23" count="0" type="stmt"/>
          <line num="27" count="0" type="stmt"/>
          <line num="33" count="0" type="stmt"/>
          <line num="39" count="0" type="cond" truecount="0" falsecount="5"/>
          <line num="41" count="0" type="stmt"/>
          <line num="46" count="0" type="stmt"/>
        </file>
      </package>
      <package name="src.reducers">
        <metrics statements="108" coveredstatements="70" conditionals="48" coveredconditionals="17" methods="14" coveredmethods="7"/>
        <file name="dummy.js" path="/Users/hitoi/Dropbox/Projects/agnes-client-side/src/reducers/dummy.js">
          <metrics statements="40" coveredstatements="40" conditionals="10" coveredconditionals="9" methods="4" coveredmethods="4"/>
          <line num="2" count="1" type="stmt"/>
          <line num="58" count="1" type="stmt"/>
          <line num="59" count="2" type="stmt"/>
          <line num="60" count="2" type="stmt"/>
          <line num="61" count="10" type="stmt"/>
          <line num="62" count="10" type="cond" truecount="2" falsecount="0"/>
          <line num="63" count="1" type="stmt"/>
          <line num="66" count="2" type="stmt"/>
          <line num="69" count="1" type="stmt"/>
          <line num="70" count="2" type="stmt"/>
          <line num="72" count="2" type="stmt"/>
          <line num="73" count="10" type="stmt"/>
          <line num="76" count="2" type="stmt"/>
          <line num="78" count="1" type="stmt"/>
          <line num="79" count="10" type="stmt"/>
          <line num="82" count="10" type="cond" truecount="2" falsecount="0"/>
          <line num="83" count="9" type="stmt"/>
          <line num="84" count="1" type="cond" truecount="1" falsecount="1"/>
          <line num="85" count="1" type="stmt"/>
          <line num="87" count="10" type="stmt"/>
          <line num="93" count="1" type="stmt"/>
          <line num="94" count="10" type="stmt"/>
          <line num="97" count="10" type="cond" truecount="2" falsecount="0"/>
          <line num="98" count="2" type="stmt"/>
          <line num="99" count="8" type="cond" truecount="2" falsecount="0"/>
          <line num="100" count="1" type="stmt"/>
          <line num="102" count="7" type="stmt"/>
          <line num="105" count="10" type="stmt"/>
          <line num="107" count="10" type="stmt"/>
          <line num="110" count="1" type="stmt"/>
          <line num="112" count="1" type="stmt"/>
          <line num="113" count="1" type="stmt"/>
          <line num="114" count="1" type="stmt"/>
          <line num="115" count="1" type="stmt"/>
          <line num="117" count="1" type="stmt"/>
          <line num="118" count="1" type="stmt"/>
          <line num="119" count="1" type="stmt"/>
          <line num="120" count="1" type="stmt"/>
          <line num="122" count="1" type="stmt"/>
          <line num="134" count="1" type="stmt"/>
        </file>
        <file name="fetchFileName.js" path="/Users/hitoi/Dropbox/Projects/agnes-client-side/src/reducers/fetchFileName.js">
          <metrics statements="4" coveredstatements="3" conditionals="3" coveredconditionals="2" methods="1" coveredmethods="1"/>
          <line num="5" count="1" type="cond" truecount="1" falsecount="0"/>
          <line num="6" count="3" type="cond" truecount="1" falsecount="1"/>
          <line num="8" count="0" type="stmt"/>
          <line num="12" count="3" type="stmt"/>
        </file>
        <file name="index.js" path="/Users/hitoi/Dropbox/Projects/agnes-client-side/src/reducers/index.js">
          <metrics statements="1" coveredstatements="1" conditionals="0" coveredconditionals="0" methods="0" coveredmethods="0"/>
          <line num="6" count="1" type="stmt"/>
        </file>
        <file name="treeState.js" path="/Users/hitoi/Dropbox/Projects/agnes-client-side/src/reducers/treeState.js">
          <metrics statements="63" coveredstatements="26" conditionals="35" coveredconditionals="6" methods="9" coveredmethods="2"/>
          <line num="16" count="1" type="stmt"/>
          <line num="17" count="10" type="stmt"/>
          <line num="20" count="10" type="cond" truecount="2" falsecount="0"/>
          <line num="21" count="2" type="stmt"/>
          <line num="22" count="8" type="cond" truecount="2" falsecount="0"/>
          <line num="23" count="1" type="stmt"/>
          <line num="25" count="7" type="stmt"/>
          <line num="28" count="10" type="stmt"/>
          <line num="30" count="10" type="stmt"/>
          <line num="33" count="1" type="stmt"/>
          <line num="35" count="1" type="stmt"/>
          <line num="36" count="1" type="stmt"/>
          <line num="37" count="1" type="stmt"/>
          <line num="38" count="1" type="stmt"/>
          <line num="40" count="1" type="stmt"/>
          <line num="41" count="1" type="stmt"/>
          <line num="42" count="1" type="stmt"/>
          <line num="43" count="1" type="stmt"/>
          <line num="45" count="1" type="stmt"/>
          <line num="57" count="1" type="stmt"/>
          <line num="78" count="1" type="stmt"/>
          <line num="81" count="0" type="stmt"/>
          <line num="86" count="0" type="stmt"/>
          <line num="87" count="0" type="cond" truecount="0" falsecount="2"/>
          <line num="88" count="0" type="stmt"/>
          <line num="91" count="0" type="cond" truecount="0" falsecount="2"/>
          <line num="92" count="0" type="stmt"/>
          <line num="96" count="0" type="stmt"/>
          <line num="102" count="1" type="stmt"/>
          <line num="106" count="0" type="stmt"/>
          <line num="114" count="0" type="stmt"/>
          <line num="116" count="0" type="cond" truecount="0" falsecount="2"/>
          <line num="119" count="0" type="stmt"/>
          <line num="122" count="0" type="cond" truecount="0" falsecount="2"/>
          <line num="124" count="0" type="stmt"/>
          <line num="128" count="0" type="stmt"/>
          <line num="134" count="1" type="cond" truecount="1" falsecount="0"/>
          <line num="135" count="3" type="cond" truecount="1" falsecount="9"/>
          <line num="137" count="0" type="stmt"/>
          <line num="146" count="0" type="stmt"/>
          <line num="154" count="0" type="stmt"/>
          <line num="159" count="0" type="stmt"/>
          <line num="168" count="0" type="stmt"/>
          <line num="169" count="0" type="stmt"/>
          <line num="170" count="0" type="stmt"/>
          <line num="174" count="0" type="stmt"/>
          <line num="176" count="0" type="stmt"/>
          <line num="178" count="0" type="stmt"/>
          <line num="201" count="0" type="stmt"/>
          <line num="213" count="0" type="stmt"/>
          <line num="218" count="0" type="stmt"/>
          <line num="228" count="0" type="stmt"/>
          <line num="237" count="3" type="stmt"/>
          <line num="292" count="1" type="cond" truecount="0" falsecount="1"/>
          <line num="293" count="0" type="cond" truecount="0" falsecount="3"/>
          <line num="295" count="0" type="stmt"/>
          <line num="301" count="0" type="stmt"/>
          <line num="302" count="0" type="stmt"/>
          <line num="303" count="0" type="stmt"/>
          <line num="307" count="0" type="stmt"/>
          <line num="309" count="0" type="stmt"/>
          <line num="311" count="0" type="stmt"/>
          <line num="313" count="0" type="stmt"/>
        </file>
      </package>
    </metrics>
  </project>
</coverage>
