<?xml version="1.0" encoding="UTF-8"?>
<coverage generated="1500913183981" clover="3.2.0">
  <project timestamp="1500913183981" name="All files">
    <metrics statements="498" coveredstatements="272" conditionals="261" coveredconditionals="83" methods="120" coveredmethods="36" elements="879" coveredelements="391" complexity="0" loc="498" ncloc="498" packages="9" files="18" classes="18">
      <package name="src">
        <metrics statements="37" coveredstatements="35" conditionals="14" coveredconditionals="12" methods="5" coveredmethods="4"/>
        <file name="App.js" path="/Users/hitoi/Dropbox/Projects/agnes-client-side/src/App.js">
          <metrics statements="2" coveredstatements="2" conditionals="0" coveredconditionals="0" methods="1" coveredmethods="1"/>
          <line num="9" count="1" type="stmt"/>
          <line num="11" count="1" type="stmt"/>
        </file>
        <file name="router.js" path="/Users/hitoi/Dropbox/Projects/agnes-client-side/src/router.js">
          <metrics statements="3" coveredstatements="2" conditionals="0" coveredconditionals="0" methods="1" coveredmethods="0"/>
          <line num="13" count="1" type="stmt"/>
          <line num="43" count="1" type="stmt"/>
          <line num="44" count="0" type="stmt"/>
        </file>
        <file name="sample-array.js" path="/Users/hitoi/Dropbox/Projects/agnes-client-side/src/sample-array.js">
          <metrics statements="4" coveredstatements="4" conditionals="0" coveredconditionals="0" methods="0" coveredmethods="0"/>
          <line num="5" count="1" type="stmt"/>
          <line num="10" count="1" type="stmt"/>
          <line num="15" count="1" type="stmt"/>
          <line num="19" count="1" type="stmt"/>
        </file>
        <file name="sample.js" path="/Users/hitoi/Dropbox/Projects/agnes-client-side/src/sample.js">
          <metrics statements="23" coveredstatements="22" conditionals="12" coveredconditionals="10" methods="3" coveredmethods="3"/>
          <line num="1" count="1" type="stmt"/>
          <line num="2" count="1" type="stmt"/>
          <line num="3" count="1999" type="cond" truecount="2" falsecount="0"/>
          <line num="4" count="1000" type="stmt"/>
          <line num="6" count="999" type="stmt"/>
          <line num="7" count="999" type="stmt"/>
          <line num="8" count="999" type="stmt"/>
          <line num="9" count="999" type="stmt"/>
          <line num="11" count="1" type="stmt"/>
          <line num="12" count="999" type="cond" truecount="1" falsecount="1"/>
          <line num="13" count="0" type="stmt"/>
          <line num="15" count="999" type="stmt"/>
          <line num="16" count="999" type="cond" truecount="2" falsecount="0"/>
          <line num="17" count="8709" type="stmt"/>
          <line num="18" count="8709" type="cond" truecount="2" falsecount="0"/>
          <line num="19" count="4322" type="stmt"/>
          <line num="21" count="4387" type="stmt"/>
          <line num="24" count="999" type="cond" truecount="2" falsecount="0"/>
          <line num="25" count="517" type="stmt"/>
          <line num="26" count="482" type="cond" truecount="1" falsecount="1"/>
          <line num="27" count="482" type="stmt"/>
          <line num="29" count="999" type="stmt"/>
          <line num="31" count="1" type="stmt"/>
        </file>
        <file name="store.js" path="/Users/hitoi/Dropbox/Projects/agnes-client-side/src/store.js">
          <metrics statements="5" coveredstatements="5" conditionals="2" coveredconditionals="2" methods="0" coveredmethods="0"/>
          <line num="6" count="1" type="stmt"/>
          <line num="10" count="1" type="stmt"/>
          <line num="17" count="1" type="stmt"/>
          <line num="19" count="1" type="cond" truecount="2" falsecount="0"/>
          <line num="20" count="1" type="stmt"/>
        </file>
      </package>
      <package name="src.actions">
        <metrics statements="249" coveredstatements="168" conditionals="142" coveredconditionals="58" methods="42" coveredmethods="26"/>
        <file name="index.js" path="/Users/hitoi/Dropbox/Projects/agnes-client-side/src/actions/index.js">
          <metrics statements="238" coveredstatements="157" conditionals="142" coveredconditionals="58" methods="42" coveredmethods="26"/>
          <line num="20" count="2" type="stmt"/>
          <line num="21" count="1" type="stmt"/>
          <line num="29" count="2" type="stmt"/>
          <line num="30" count="1" type="stmt"/>
          <line num="36" count="2" type="stmt"/>
          <line num="37" count="1" type="stmt"/>
          <line num="42" count="2" type="stmt"/>
          <line num="43" count="1" type="stmt"/>
          <line num="56" count="2" type="stmt"/>
          <line num="57" count="5" type="stmt"/>
          <line num="58" count="5" type="stmt"/>
          <line num="60" count="5" type="cond" truecount="3" falsecount="1"/>
          <line num="61" count="0" type="stmt"/>
          <line num="64" count="5" type="stmt"/>
          <line num="65" count="56" type="stmt"/>
          <line num="67" count="5" type="stmt"/>
          <line num="72" count="2" type="stmt"/>
          <line num="75" count="3" type="stmt"/>
          <line num="77" count="3" type="stmt"/>
          <line num="78" count="3" type="stmt"/>
          <line num="90" count="3" type="cond" truecount="2" falsecount="0"/>
          <line num="94" count="1" type="stmt"/>
          <line num="103" count="2" type="cond" truecount="2" falsecount="0"/>
          <line num="107" count="1" type="stmt"/>
          <line num="109" count="1" type="cond" truecount="1" falsecount="1"/>
          <line num="110" count="1" type="stmt"/>
          <line num="111" count="1" type="stmt"/>
          <line num="131" count="3" type="stmt"/>
          <line num="142" count="2" type="stmt"/>
          <line num="145" count="13" type="cond" truecount="2" falsecount="0"/>
          <line num="146" count="6" type="stmt"/>
          <line num="148" count="7" type="stmt"/>
          <line num="154" count="25" type="cond" truecount="2" falsecount="0"/>
          <line num="156" count="3" type="stmt"/>
          <line num="162" count="22" type="cond" truecount="2" falsecount="0"/>
          <line num="163" count="4" type="stmt"/>
          <line num="168" count="18" type="stmt"/>
          <line num="177" count="2" type="stmt"/>
          <line num="178" count="9" type="stmt"/>
          <line num="183" count="2" type="stmt"/>
          <line num="184" count="3" type="stmt"/>
          <line num="187" count="3" type="cond" truecount="1" falsecount="1"/>
          <line num="188" count="0" type="stmt"/>
          <line num="189" count="3" type="cond" truecount="1" falsecount="1"/>
          <line num="190" count="0" type="stmt"/>
          <line num="192" count="3" type="stmt"/>
          <line num="195" count="3" type="stmt"/>
          <line num="197" count="3" type="stmt"/>
          <line num="201" count="2" type="stmt"/>
          <line num="202" count="5" type="stmt"/>
          <line num="203" count="46" type="cond" truecount="2" falsecount="0"/>
          <line num="204" count="41" type="stmt"/>
          <line num="206" count="5" type="stmt"/>
          <line num="210" count="2" type="stmt"/>
          <line num="211" count="4" type="stmt"/>
          <line num="212" count="4" type="stmt"/>
          <line num="213" count="4" type="stmt"/>
          <line num="214" count="4" type="stmt"/>
          <line num="219" count="4" type="cond" truecount="3" falsecount="1"/>
          <line num="220" count="0" type="stmt"/>
          <line num="225" count="4" type="cond" truecount="2" falsecount="0"/>
          <line num="226" count="1" type="stmt"/>
          <line num="227" count="3" type="cond" truecount="2" falsecount="0"/>
          <line num="228" count="1" type="stmt"/>
          <line num="230" count="2" type="stmt"/>
          <line num="245" count="4" type="stmt"/>
          <line num="257" count="10" type="stmt"/>
          <line num="259" count="2" type="stmt"/>
          <line num="260" count="45" type="stmt"/>
          <line num="261" count="54" type="stmt"/>
          <line num="263" count="45" type="cond" truecount="2" falsecount="0"/>
          <line num="264" count="10" type="stmt"/>
          <line num="268" count="35" type="cond" truecount="2" falsecount="0"/>
          <line num="269" count="10" type="stmt"/>
          <line num="272" count="35" type="stmt"/>
          <line num="276" count="25" type="stmt"/>
          <line num="283" count="2" type="stmt"/>
          <line num="284" count="16" type="stmt"/>
          <line num="285" count="16" type="stmt"/>
          <line num="286" count="16" type="stmt"/>
          <line num="287" count="16" type="stmt"/>
          <line num="293" count="16" type="cond" truecount="2" falsecount="0"/>
          <line num="294" count="4" type="cond" truecount="2" falsecount="0"/>
          <line num="295" count="2" type="stmt"/>
          <line num="299" count="2" type="stmt"/>
          <line num="300" count="2" type="stmt"/>
          <line num="302" count="2" type="stmt"/>
          <line num="304" count="2" type="stmt"/>
          <line num="308" count="2" type="stmt"/>
          <line num="313" count="12" type="cond" truecount="2" falsecount="0"/>
          <line num="318" count="4" type="cond" truecount="4" falsecount="0"/>
          <line num="319" count="3" type="stmt"/>
          <line num="323" count="1" type="stmt"/>
          <line num="325" count="1" type="stmt"/>
          <line num="326" count="1" type="stmt"/>
          <line num="327" count="1" type="stmt"/>
          <line num="331" count="1" type="stmt"/>
          <line num="336" count="8" type="cond" truecount="2" falsecount="0"/>
          <line num="337" count="4" type="cond" truecount="2" falsecount="0"/>
          <line num="338" count="3" type="stmt"/>
          <line num="342" count="1" type="stmt"/>
          <line num="344" count="1" type="stmt"/>
          <line num="345" count="1" type="stmt"/>
          <line num="346" count="1" type="stmt"/>
          <line num="348" count="1" type="stmt"/>
          <line num="354" count="4" type="cond" truecount="1" falsecount="1"/>
          <line num="366" count="4" type="cond" truecount="2" falsecount="0"/>
          <line num="367" count="2" type="stmt"/>
          <line num="371" count="2" type="stmt"/>
          <line num="373" count="2" type="stmt"/>
          <line num="374" count="2" type="stmt"/>
          <line num="375" count="2" type="stmt"/>
          <line num="377" count="2" type="stmt"/>
          <line num="384" count="0" type="stmt"/>
          <line num="388" count="2" type="stmt"/>
          <line num="389" count="0" type="stmt"/>
          <line num="391" count="0" type="stmt"/>
          <line num="394" count="0" type="stmt"/>
          <line num="397" count="0" type="stmt"/>
          <line num="400" count="0" type="stmt"/>
          <line num="403" count="0" type="cond" truecount="0" falsecount="2"/>
          <line num="411" count="0" type="cond" truecount="0" falsecount="2"/>
          <line num="412" count="0" type="stmt"/>
          <line num="414" count="0" type="stmt"/>
          <line num="416" count="0" type="stmt"/>
          <line num="418" count="0" type="stmt"/>
          <line num="419" count="0" type="cond" truecount="0" falsecount="2"/>
          <line num="420" count="0" type="stmt"/>
          <line num="421" count="0" type="stmt"/>
          <line num="422" count="0" type="cond" truecount="0" falsecount="2"/>
          <line num="423" count="0" type="stmt"/>
          <line num="438" count="12" type="stmt"/>
          <line num="440" count="2" type="stmt"/>
          <line num="442" count="2" type="cond" truecount="1" falsecount="1"/>
          <line num="443" count="0" type="stmt"/>
          <line num="445" count="2" type="stmt"/>
          <line num="446" count="2" type="stmt"/>
          <line num="447" count="2" type="cond" truecount="1" falsecount="1"/>
          <line num="448" count="2" type="stmt"/>
          <line num="451" count="0" type="stmt"/>
          <line num="454" count="2" type="stmt"/>
          <line num="458" count="2" type="stmt"/>
          <line num="459" count="2" type="stmt"/>
          <line num="462" count="2" type="cond" truecount="1" falsecount="1"/>
          <line num="463" count="0" type="stmt"/>
          <line num="465" count="2" type="stmt"/>
          <line num="466" count="2" type="stmt"/>
          <line num="467" count="3" type="cond" truecount="2" falsecount="0"/>
          <line num="468" count="2" type="stmt"/>
          <line num="470" count="1" type="stmt"/>
          <line num="473" count="2" type="stmt"/>
          <line num="478" count="2" type="stmt"/>
          <line num="479" count="30" type="cond" truecount="2" falsecount="0"/>
          <line num="480" count="18" type="stmt"/>
          <line num="483" count="12" type="stmt"/>
          <line num="485" count="12" type="stmt"/>
          <line num="488" count="2" type="stmt"/>
          <line num="489" count="12" type="stmt"/>
          <line num="490" count="12" type="stmt"/>
          <line num="491" count="12" type="stmt"/>
          <line num="493" count="12" type="stmt"/>
          <line num="497" count="2" type="stmt"/>
          <line num="503" count="25" type="stmt"/>
          <line num="504" count="25" type="stmt"/>
          <line num="505" count="25" type="stmt"/>
          <line num="506" count="35" type="stmt"/>
          <line num="509" count="25" type="stmt"/>
          <line num="516" count="51" type="stmt"/>
          <line num="520" count="155" type="cond" truecount="2" falsecount="0"/>
          <line num="522" count="25" type="stmt"/>
          <line num="525" count="25" type="stmt"/>
          <line num="526" count="25" type="stmt"/>
          <line num="528" count="25" type="stmt"/>
          <line num="531" count="130" type="cond" truecount="1" falsecount="1"/>
          <line num="532" count="130" type="cond" truecount="2" falsecount="0"/>
          <line num="533" count="26" type="stmt"/>
          <line num="574" count="2" type="stmt"/>
          <line num="579" count="0" type="stmt"/>
          <line num="581" count="0" type="cond" truecount="0" falsecount="2"/>
          <line num="583" count="0" type="stmt"/>
          <line num="591" count="0" type="cond" truecount="0" falsecount="4"/>
          <line num="593" count="0" type="stmt"/>
          <line num="595" count="0" type="stmt"/>
          <line num="600" count="2" type="stmt"/>
          <line num="606" count="0" type="stmt"/>
          <line num="607" count="0" type="cond" truecount="0" falsecount="2"/>
          <line num="609" count="0" type="stmt"/>
          <line num="614" count="0" type="cond" truecount="0" falsecount="4"/>
          <line num="615" count="0" type="stmt"/>
          <line num="617" count="0" type="stmt"/>
          <line num="625" count="2" type="stmt"/>
          <line num="630" count="0" type="stmt"/>
          <line num="631" count="0" type="stmt"/>
          <line num="632" count="0" type="stmt"/>
          <line num="637" count="0" type="cond" truecount="0" falsecount="2"/>
          <line num="639" count="0" type="cond" truecount="0" falsecount="4"/>
          <line num="640" count="0" type="stmt"/>
          <line num="641" count="0" type="cond" truecount="0" falsecount="5"/>
          <line num="642" count="0" type="stmt"/>
          <line num="655" count="0" type="cond" truecount="0" falsecount="4"/>
          <line num="657" count="0" type="stmt"/>
          <line num="664" count="0" type="cond" truecount="0" falsecount="4"/>
          <line num="665" count="0" type="stmt"/>
          <line num="672" count="0" type="cond" truecount="0" falsecount="4"/>
          <line num="674" count="0" type="stmt"/>
          <line num="676" count="0" type="cond" truecount="0" falsecount="6"/>
          <line num="677" count="0" type="stmt"/>
          <line num="688" count="2" type="stmt"/>
          <line num="693" count="0" type="stmt"/>
          <line num="694" count="0" type="stmt"/>
          <line num="695" count="0" type="stmt"/>
          <line num="697" count="0" type="cond" truecount="0" falsecount="4"/>
          <line num="698" count="0" type="stmt"/>
          <line num="705" count="0" type="cond" truecount="0" falsecount="5"/>
          <line num="706" count="0" type="cond" truecount="0" falsecount="2"/>
          <line num="707" count="0" type="stmt"/>
          <line num="714" count="0" type="cond" truecount="0" falsecount="2"/>
          <line num="718" count="0" type="stmt"/>
          <line num="719" count="0" type="cond" truecount="0" falsecount="2"/>
          <line num="720" count="0" type="stmt"/>
          <line num="724" count="0" type="stmt"/>
          <line num="733" count="0" type="stmt"/>
          <line num="735" count="0" type="stmt"/>
          <line num="738" count="0" type="cond" truecount="0" falsecount="2"/>
          <line num="740" count="0" type="stmt"/>
          <line num="748" count="0" type="stmt"/>
          <line num="750" count="0" type="stmt"/>
          <line num="754" count="2" type="stmt"/>
          <line num="755" count="0" type="stmt"/>
          <line num="760" count="0" type="cond" truecount="0" falsecount="2"/>
          <line num="761" count="0" type="stmt"/>
          <line num="763" count="0" type="stmt"/>
          <line num="766" count="0" type="cond" truecount="0" falsecount="2"/>
          <line num="769" count="0" type="stmt"/>
          <line num="771" count="0" type="stmt"/>
          <line num="775" count="0" type="stmt"/>
          <line num="776" count="0" type="cond" truecount="0" falsecount="4"/>
          <line num="787" count="0" type="stmt"/>
        </file>
        <file name="types.js" path="/Users/hitoi/Dropbox/Projects/agnes-client-side/src/actions/types.js">
          <metrics statements="11" coveredstatements="11" conditionals="0" coveredconditionals="0" methods="0" coveredmethods="0"/>
          <line num="1" count="2" type="stmt"/>
          <line num="2" count="2" type="stmt"/>
          <line num="3" count="2" type="stmt"/>
          <line num="4" count="2" type="stmt"/>
          <line num="5" count="2" type="stmt"/>
          <line num="6" count="2" type="stmt"/>
          <line num="7" count="2" type="stmt"/>
          <line num="8" count="2" type="stmt"/>
          <line num="9" count="2" type="stmt"/>
          <line num="10" count="2" type="stmt"/>
          <line num="12" count="2" type="stmt"/>
        </file>
      </package>
      <package name="src.components">
        <metrics statements="7" coveredstatements="4" conditionals="0" coveredconditionals="0" methods="3" coveredmethods="0"/>
        <file name="Home.js" path="/Users/hitoi/Dropbox/Projects/agnes-client-side/src/components/Home.js">
          <metrics statements="5" coveredstatements="3" conditionals="0" coveredconditionals="0" methods="2" coveredmethods="0"/>
          <line num="6" count="1" type="stmt"/>
          <line num="7" count="0" type="stmt"/>
          <line num="12" count="1" type="stmt"/>
          <line num="13" count="0" type="stmt"/>
          <line num="20" count="1" type="stmt"/>
        </file>
        <file name="MainPlaceHolder.js" path="/Users/hitoi/Dropbox/Projects/agnes-client-side/src/components/MainPlaceHolder.js">
          <metrics statements="2" coveredstatements="1" conditionals="0" coveredconditionals="0" methods="1" coveredmethods="0"/>
          <line num="3" count="1" type="stmt"/>
          <line num="4" count="0" type="stmt"/>
        </file>
      </package>
      <package name="src.components.Header">
        <metrics statements="5" coveredstatements="3" conditionals="0" coveredconditionals="0" methods="2" coveredmethods="0"/>
        <file name="index.js" path="/Users/hitoi/Dropbox/Projects/agnes-client-side/src/components/Header/index.js">
          <metrics statements="5" coveredstatements="3" conditionals="0" coveredconditionals="0" methods="2" coveredmethods="0"/>
          <line num="8" count="1" type="stmt"/>
          <line num="9" count="0" type="stmt"/>
          <line num="19" count="1" type="stmt"/>
          <line num="20" count="0" type="stmt"/>
          <line num="26" count="1" type="stmt"/>
        </file>
      </package>
      <package name="src.components.OutlineTree">
        <metrics statements="21" coveredstatements="4" conditionals="44" coveredconditionals="0" methods="11" coveredmethods="0"/>
        <file name="index.js" path="/Users/hitoi/Dropbox/Projects/agnes-client-side/src/components/OutlineTree/index.js">
          <metrics statements="21" coveredstatements="4" conditionals="44" coveredconditionals="0" methods="11" coveredmethods="0"/>
          <line num="6" count="1" type="stmt"/>
          <line num="7" count="0" type="stmt"/>
          <line num="10" count="1" type="stmt"/>
          <line num="11" count="0" type="stmt"/>
          <line num="13" count="0" type="stmt"/>
          <line num="14" count="0" type="cond" truecount="0" falsecount="2"/>
          <line num="15" count="0" type="stmt"/>
          <line num="19" count="0" type="stmt"/>
          <line num="21" count="0" type="stmt"/>
          <line num="25" count="0" type="stmt"/>
          <line num="26" count="0" type="cond" truecount="0" falsecount="6"/>
          <line num="28" count="0" type="stmt"/>
          <line num="32" count="0" type="stmt"/>
          <line num="46" count="0" type="stmt"/>
          <line num="50" count="0" type="stmt"/>
          <line num="64" count="0" type="stmt"/>
          <line num="81" count="0" type="stmt"/>
          <line num="136" count="1" type="stmt"/>
          <line num="137" count="0" type="stmt"/>
          <line num="139" count="0" type="stmt"/>
          <line num="150" count="1" type="stmt"/>
        </file>
      </package>
      <package name="src.components.TextEditorDraft">
        <metrics statements="43" coveredstatements="3" conditionals="6" coveredconditionals="0" methods="18" coveredmethods="0"/>
        <file name="index.js" path="/Users/hitoi/Dropbox/Projects/agnes-client-side/src/components/TextEditorDraft/index.js">
          <metrics statements="43" coveredstatements="3" conditionals="6" coveredconditionals="0" methods="18" coveredmethods="0"/>
          <line num="7" count="1" type="stmt"/>
          <line num="8" count="0" type="stmt"/>
          <line num="11" count="1" type="stmt"/>
          <line num="12" count="0" type="stmt"/>
          <line num="22" count="0" type="stmt"/>
          <line num="30" count="0" type="stmt"/>
          <line num="32" count="0" type="stmt"/>
          <line num="35" count="0" type="stmt"/>
          <line num="38" count="0" type="stmt"/>
          <line num="40" count="0" type="stmt"/>
          <line num="42" count="0" type="stmt"/>
          <line num="45" count="0" type="stmt"/>
          <line num="46" count="0" type="stmt"/>
          <line num="47" count="0" type="stmt"/>
          <line num="48" count="0" type="stmt"/>
          <line num="52" count="0" type="stmt"/>
          <line num="60" count="0" type="cond" truecount="0" falsecount="2"/>
          <line num="61" count="0" type="stmt"/>
          <line num="62" count="0" type="stmt"/>
          <line num="76" count="0" type="stmt"/>
          <line num="81" count="0" type="stmt"/>
          <line num="82" count="0" type="stmt"/>
          <line num="83" count="0" type="stmt"/>
          <line num="89" count="0" type="stmt"/>
          <line num="90" count="0" type="stmt"/>
          <line num="96" count="0" type="stmt"/>
          <line num="97" count="0" type="stmt"/>
          <line num="98" count="0" type="cond" truecount="0" falsecount="2"/>
          <line num="99" count="0" type="stmt"/>
          <line num="100" count="0" type="stmt"/>
          <line num="102" count="0" type="stmt"/>
          <line num="105" count="0" type="stmt"/>
          <line num="134" count="0" type="stmt"/>
          <line num="136" count="0" type="stmt"/>
          <line num="137" count="0" type="stmt"/>
          <line num="138" count="0" type="stmt"/>
          <line num="139" count="0" type="stmt"/>
          <line num="141" count="0" type="stmt"/>
          <line num="144" count="0" type="cond" truecount="0" falsecount="2"/>
          <line num="145" count="0" type="stmt"/>
          <line num="151" count="0" type="stmt"/>
          <line num="158" count="0" type="stmt"/>
          <line num="162" count="1" type="stmt"/>
        </file>
      </package>
      <package name="src.components.TreeNav">
        <metrics statements="38" coveredstatements="4" conditionals="2" coveredconditionals="0" methods="20" coveredmethods="0"/>
        <file name="index.js" path="/Users/hitoi/Dropbox/Projects/agnes-client-side/src/components/TreeNav/index.js">
          <metrics statements="38" coveredstatements="4" conditionals="2" coveredconditionals="0" methods="20" coveredmethods="0"/>
          <line num="6" count="1" type="stmt"/>
          <line num="7" count="0" type="stmt"/>
          <line num="10" count="1" type="stmt"/>
          <line num="11" count="0" type="stmt"/>
          <line num="13" count="0" type="stmt"/>
          <line num="14" count="0" type="stmt"/>
          <line num="15" count="0" type="stmt"/>
          <line num="18" count="0" type="stmt"/>
          <line num="19" count="0" type="stmt"/>
          <line num="20" count="0" type="stmt"/>
          <line num="23" count="0" type="stmt"/>
          <line num="24" count="0" type="stmt"/>
          <line num="25" count="0" type="stmt"/>
          <line num="28" count="0" type="stmt"/>
          <line num="30" count="0" type="stmt"/>
          <line num="31" count="0" type="cond" truecount="0" falsecount="2"/>
          <line num="32" count="0" type="stmt"/>
          <line num="36" count="0" type="stmt"/>
          <line num="39" count="0" type="stmt"/>
          <line num="41" count="0" type="stmt"/>
          <line num="42" count="0" type="stmt"/>
          <line num="45" count="0" type="stmt"/>
          <line num="47" count="0" type="stmt"/>
          <line num="48" count="0" type="stmt"/>
          <line num="53" count="1" type="stmt"/>
          <line num="54" count="0" type="stmt"/>
          <line num="60" count="0" type="stmt"/>
          <line num="70" count="0" type="stmt"/>
          <line num="80" count="0" type="stmt"/>
          <line num="92" count="0" type="stmt"/>
          <line num="101" count="0" type="stmt"/>
          <line num="110" count="0" type="stmt"/>
          <line num="125" count="0" type="stmt"/>
          <line num="136" count="0" type="stmt"/>
          <line num="147" count="0" type="stmt"/>
          <line num="157" count="0" type="stmt"/>
          <line num="167" count="0" type="stmt"/>
          <line num="216" count="1" type="stmt"/>
        </file>
      </package>
      <package name="src.components.TwoPanes">
        <metrics statements="9" coveredstatements="0" conditionals="9" coveredconditionals="0" methods="6" coveredmethods="0"/>
        <file name="index.js" path="/Users/hitoi/Dropbox/Projects/agnes-client-side/src/components/TwoPanes/index.js">
          <metrics statements="9" coveredstatements="0" conditionals="9" coveredconditionals="0" methods="6" coveredmethods="0"/>
          <line num="10" count="0" type="stmt"/>
          <line num="12" count="0" type="stmt"/>
          <line num="22" count="0" type="cond" truecount="0" falsecount="2"/>
          <line num="23" count="0" type="stmt"/>
          <line num="27" count="0" type="stmt"/>
          <line num="33" count="0" type="stmt"/>
          <line num="39" count="0" type="cond" truecount="0" falsecount="5"/>
          <line num="41" count="0" type="stmt"/>
          <line num="46" count="0" type="stmt"/>
        </file>
      </package>
      <package name="src.reducers">
        <metrics statements="89" coveredstatements="51" conditionals="44" coveredconditionals="13" methods="13" coveredmethods="6"/>
        <file name="dummy.js" path="/Users/hitoi/Dropbox/Projects/agnes-client-side/src/reducers/dummy.js">
          <metrics statements="40" coveredstatements="40" conditionals="10" coveredconditionals="9" methods="4" coveredmethods="4"/>
          <line num="2" count="3" type="stmt"/>
          <line num="64" count="3" type="stmt"/>
          <line num="65" count="9" type="stmt"/>
          <line num="66" count="9" type="stmt"/>
          <line num="67" count="33" type="stmt"/>
          <line num="68" count="33" type="cond" truecount="2" falsecount="0"/>
          <line num="69" count="6" type="stmt"/>
          <line num="72" count="9" type="stmt"/>
          <line num="75" count="3" type="stmt"/>
          <line num="76" count="15" type="stmt"/>
          <line num="78" count="15" type="stmt"/>
          <line num="79" count="55" type="stmt"/>
          <line num="82" count="15" type="stmt"/>
          <line num="84" count="3" type="stmt"/>
          <line num="85" count="55" type="stmt"/>
          <line num="89" count="55" type="cond" truecount="2" falsecount="0"/>
          <line num="90" count="45" type="stmt"/>
          <line num="91" count="10" type="cond" truecount="1" falsecount="1"/>
          <line num="92" count="10" type="stmt"/>
          <line num="94" count="55" type="stmt"/>
          <line num="100" count="3" type="stmt"/>
          <line num="101" count="30" type="stmt"/>
          <line num="104" count="30" type="cond" truecount="2" falsecount="0"/>
          <line num="105" count="6" type="stmt"/>
          <line num="106" count="24" type="cond" truecount="2" falsecount="0"/>
          <line num="107" count="3" type="stmt"/>
          <line num="109" count="21" type="stmt"/>
          <line num="112" count="30" type="stmt"/>
          <line num="114" count="30" type="stmt"/>
          <line num="117" count="3" type="stmt"/>
          <line num="119" count="3" type="stmt"/>
          <line num="120" count="3" type="stmt"/>
          <line num="121" count="3" type="stmt"/>
          <line num="122" count="3" type="stmt"/>
          <line num="124" count="3" type="stmt"/>
          <line num="125" count="3" type="stmt"/>
          <line num="126" count="3" type="stmt"/>
          <line num="127" count="3" type="stmt"/>
          <line num="129" count="3" type="stmt"/>
          <line num="141" count="3" type="stmt"/>
        </file>
        <file name="fetchFileName.js" path="/Users/hitoi/Dropbox/Projects/agnes-client-side/src/reducers/fetchFileName.js">
          <metrics statements="4" coveredstatements="3" conditionals="3" coveredconditionals="2" methods="1" coveredmethods="1"/>
          <line num="5" count="1" type="cond" truecount="1" falsecount="0"/>
          <line num="6" count="3" type="cond" truecount="1" falsecount="1"/>
          <line num="8" count="0" type="stmt"/>
          <line num="12" count="3" type="stmt"/>
        </file>
        <file name="index.js" path="/Users/hitoi/Dropbox/Projects/agnes-client-side/src/reducers/index.js">
          <metrics statements="1" coveredstatements="1" conditionals="0" coveredconditionals="0" methods="0" coveredmethods="0"/>
          <line num="6" count="1" type="stmt"/>
        </file>
        <file name="treeState.js" path="/Users/hitoi/Dropbox/Projects/agnes-client-side/src/reducers/treeState.js">
          <metrics statements="44" coveredstatements="7" conditionals="31" coveredconditionals="2" methods="8" coveredmethods="1"/>
          <line num="20" count="1" type="stmt"/>
          <line num="38" count="1" type="stmt"/>
          <line num="41" count="0" type="stmt"/>
          <line num="44" count="0" type="stmt"/>
          <line num="45" count="0" type="cond" truecount="0" falsecount="2"/>
          <line num="46" count="0" type="stmt"/>
          <line num="49" count="0" type="cond" truecount="0" falsecount="2"/>
          <line num="50" count="0" type="stmt"/>
          <line num="54" count="0" type="stmt"/>
          <line num="60" count="1" type="stmt"/>
          <line num="64" count="0" type="stmt"/>
          <line num="72" count="0" type="stmt"/>
          <line num="74" count="0" type="cond" truecount="0" falsecount="2"/>
          <line num="77" count="0" type="stmt"/>
          <line num="80" count="0" type="cond" truecount="0" falsecount="2"/>
          <line num="82" count="0" type="stmt"/>
          <line num="86" count="0" type="stmt"/>
          <line num="92" count="1" type="cond" truecount="1" falsecount="0"/>
          <line num="93" count="3" type="cond" truecount="1" falsecount="9"/>
          <line num="95" count="0" type="stmt"/>
          <line num="104" count="0" type="stmt"/>
          <line num="112" count="0" type="stmt"/>
          <line num="117" count="0" type="stmt"/>
          <line num="126" count="0" type="stmt"/>
          <line num="127" count="0" type="stmt"/>
          <line num="128" count="0" type="stmt"/>
          <line num="132" count="0" type="stmt"/>
          <line num="134" count="0" type="stmt"/>
          <line num="136" count="0" type="stmt"/>
          <line num="159" count="0" type="stmt"/>
          <line num="171" count="0" type="stmt"/>
          <line num="176" count="0" type="stmt"/>
          <line num="186" count="0" type="stmt"/>
          <line num="195" count="3" type="stmt"/>
          <line num="250" count="1" type="cond" truecount="0" falsecount="1"/>
          <line num="251" count="0" type="cond" truecount="0" falsecount="3"/>
          <line num="253" count="0" type="stmt"/>
          <line num="259" count="0" type="stmt"/>
          <line num="260" count="0" type="stmt"/>
          <line num="261" count="0" type="stmt"/>
          <line num="265" count="0" type="stmt"/>
          <line num="267" count="0" type="stmt"/>
          <line num="269" count="0" type="stmt"/>
          <line num="271" count="0" type="stmt"/>
        </file>
      </package>
    </metrics>
  </project>
</coverage>
