{"/Users/johnsmith/Dropbox/Projects/agnes-client-side/src/App.js": {"path":"/Users/johnsmith/Dropbox/Projects/agnes-client-side/src/App.js","statementMap":{"0":{"start":{"line":9,"column":12},"end":{"line":16,"column":1}},"1":{"start":{"line":11,"column":2},"end":{"line":15,"column":4}}},"fnMap":{"0":{"name":"(anonymous_0)","decl":{"start":{"line":9,"column":12},"end":{"line":9,"column":13}},"loc":{"start":{"line":9,"column":18},"end":{"line":16,"column":1}},"line":9}},"branchMap":{},"s":{"0":1,"1":1},"f":{"0":1},"b":{},"_coverageSchema":"332fd63041d2c1bcb487cc26dd0d5f7d97098a6c","hash":"36c079c515d6ef6189230bfdad849257a1e70cc0"}
,"/Users/johnsmith/Dropbox/Projects/agnes-client-side/src/router.js": {"path":"/Users/johnsmith/Dropbox/Projects/agnes-client-side/src/router.js","statementMap":{"0":{"start":{"line":13,"column":24},"end":{"line":41,"column":1}},"1":{"start":{"line":43,"column":15},"end":{"line":47,"column":1}},"2":{"start":{"line":44,"column":2},"end":{"line":46,"column":4}}},"fnMap":{"0":{"name":"(anonymous_0)","decl":{"start":{"line":43,"column":15},"end":{"line":43,"column":16}},"loc":{"start":{"line":43,"column":21},"end":{"line":47,"column":1}},"line":43}},"branchMap":{},"s":{"0":1,"1":1,"2":0},"f":{"0":0},"b":{},"_coverageSchema":"332fd63041d2c1bcb487cc26dd0d5f7d97098a6c","hash":"d27a0a91187a2eab58f429e0ed83d3ff7d8be159"}
,"/Users/johnsmith/Dropbox/Projects/agnes-client-side/src/sample-array.js": {"path":"/Users/johnsmith/Dropbox/Projects/agnes-client-side/src/sample-array.js","statementMap":{"0":{"start":{"line":5,"column":24},"end":{"line":5,"column":315}},"1":{"start":{"line":10,"column":30},"end":{"line":10,"column":321}},"2":{"start":{"line":15,"column":25},"end":{"line":15,"column":3916}},"3":{"start":{"line":19,"column":32},"end":{"line":19,"column":3923}}},"fnMap":{},"branchMap":{},"s":{"0":1,"1":1,"2":1,"3":1},"f":{},"b":{},"_coverageSchema":"332fd63041d2c1bcb487cc26dd0d5f7d97098a6c","hash":"9f60e922fce0817c2116fd31c66398a3ce7e234f"}
,"/Users/johnsmith/Dropbox/Projects/agnes-client-side/src/sample.js": {"path":"/Users/johnsmith/Dropbox/Projects/agnes-client-side/src/sample.js","statementMap":{"0":{"start":{"line":1,"column":28},"end":{"line":32,"column":1}},"1":{"start":{"line":2,"column":18},"end":{"line":10,"column":5}},"2":{"start":{"line":3,"column":6},"end":{"line":5,"column":7}},"3":{"start":{"line":4,"column":8},"end":{"line":4,"column":20}},"4":{"start":{"line":6,"column":22},"end":{"line":6,"column":42}},"5":{"start":{"line":7,"column":6},"end":{"line":7,"column":37}},"6":{"start":{"line":8,"column":6},"end":{"line":8,"column":48}},"7":{"start":{"line":9,"column":6},"end":{"line":9,"column":31}},"8":{"start":{"line":11,"column":12},"end":{"line":30,"column":5}},"9":{"start":{"line":12,"column":6},"end":{"line":14,"column":7}},"10":{"start":{"line":13,"column":8},"end":{"line":13,"column":20}},"11":{"start":{"line":15,"column":14},"end":{"line":15,"column":16}},"12":{"start":{"line":16,"column":6},"end":{"line":23,"column":7}},"13":{"start":{"line":17,"column":8},"end":{"line":17,"column":27}},"14":{"start":{"line":18,"column":8},"end":{"line":22,"column":9}},"15":{"start":{"line":19,"column":10},"end":{"line":19,"column":27}},"16":{"start":{"line":21,"column":10},"end":{"line":21,"column":27}},"17":{"start":{"line":24,"column":6},"end":{"line":28,"column":7}},"18":{"start":{"line":25,"column":8},"end":{"line":25,"column":24}},"19":{"start":{"line":26,"column":13},"end":{"line":28,"column":7}},"20":{"start":{"line":27,"column":8},"end":{"line":27,"column":24}},"21":{"start":{"line":29,"column":6},"end":{"line":29,"column":15}},"22":{"start":{"line":31,"column":4},"end":{"line":31,"column":24}}},"fnMap":{"0":{"name":"(anonymous_0)","decl":{"start":{"line":1,"column":28},"end":{"line":1,"column":29}},"loc":{"start":{"line":1,"column":39},"end":{"line":32,"column":1}},"line":1},"1":{"name":"(anonymous_1)","decl":{"start":{"line":2,"column":18},"end":{"line":2,"column":19}},"loc":{"start":{"line":2,"column":29},"end":{"line":10,"column":5}},"line":2},"2":{"name":"(anonymous_2)","decl":{"start":{"line":11,"column":12},"end":{"line":11,"column":13}},"loc":{"start":{"line":11,"column":29},"end":{"line":30,"column":5}},"line":11}},"branchMap":{"0":{"loc":{"start":{"line":3,"column":6},"end":{"line":5,"column":7}},"type":"if","locations":[{"start":{"line":3,"column":6},"end":{"line":5,"column":7}},{"start":{"line":3,"column":6},"end":{"line":5,"column":7}}],"line":3},"1":{"loc":{"start":{"line":12,"column":6},"end":{"line":14,"column":7}},"type":"if","locations":[{"start":{"line":12,"column":6},"end":{"line":14,"column":7}},{"start":{"line":12,"column":6},"end":{"line":14,"column":7}}],"line":12},"2":{"loc":{"start":{"line":16,"column":13},"end":{"line":16,"column":41}},"type":"binary-expr","locations":[{"start":{"line":16,"column":13},"end":{"line":16,"column":25}},{"start":{"line":16,"column":29},"end":{"line":16,"column":41}}],"line":16},"3":{"loc":{"start":{"line":18,"column":8},"end":{"line":22,"column":9}},"type":"if","locations":[{"start":{"line":18,"column":8},"end":{"line":22,"column":9}},{"start":{"line":18,"column":8},"end":{"line":22,"column":9}}],"line":18},"4":{"loc":{"start":{"line":24,"column":6},"end":{"line":28,"column":7}},"type":"if","locations":[{"start":{"line":24,"column":6},"end":{"line":28,"column":7}},{"start":{"line":24,"column":6},"end":{"line":28,"column":7}}],"line":24},"5":{"loc":{"start":{"line":26,"column":13},"end":{"line":28,"column":7}},"type":"if","locations":[{"start":{"line":26,"column":13},"end":{"line":28,"column":7}},{"start":{"line":26,"column":13},"end":{"line":28,"column":7}}],"line":26}},"s":{"0":1,"1":1,"2":1999,"3":1000,"4":999,"5":999,"6":999,"7":999,"8":1,"9":999,"10":0,"11":999,"12":999,"13":8709,"14":8709,"15":4322,"16":4387,"17":999,"18":517,"19":482,"20":482,"21":999,"22":1},"f":{"0":1,"1":1999,"2":999},"b":{"0":[1000,999],"1":[0,999],"2":[9708,9191],"3":[4322,4387],"4":[517,482],"5":[482,0]},"_coverageSchema":"332fd63041d2c1bcb487cc26dd0d5f7d97098a6c","hash":"9c92ed1561c5ab5b7601508d4ad0fde0a4df0167"}
,"/Users/johnsmith/Dropbox/Projects/agnes-client-side/src/store.js": {"path":"/Users/johnsmith/Dropbox/Projects/agnes-client-side/src/store.js","statementMap":{"0":{"start":{"line":6,"column":15},"end":{"line":8,"column":2}},"1":{"start":{"line":10,"column":21},"end":{"line":12,"column":1}},"2":{"start":{"line":17,"column":19},"end":{"line":17,"column":27}},"3":{"start":{"line":19,"column":25},"end":{"line":19,"column":79}},"4":{"start":{"line":20,"column":14},"end":{"line":22,"column":4}}},"fnMap":{},"branchMap":{"0":{"loc":{"start":{"line":19,"column":25},"end":{"line":19,"column":79}},"type":"binary-expr","locations":[{"start":{"line":19,"column":25},"end":{"line":19,"column":68}},{"start":{"line":19,"column":72},"end":{"line":19,"column":79}}],"line":19}},"s":{"0":1,"1":1,"2":1,"3":1,"4":1},"f":{},"b":{"0":[1,1]},"_coverageSchema":"332fd63041d2c1bcb487cc26dd0d5f7d97098a6c","hash":"a2f412c42546f0360330a649bf63feb6899e4b1d"}
,"/Users/johnsmith/Dropbox/Projects/agnes-client-side/src/actions/index.js": {"path":"/Users/johnsmith/Dropbox/Projects/agnes-client-side/src/actions/index.js","statementMap":{"0":{"start":{"line":20,"column":30},"end":{"line":27,"column":1}},"1":{"start":{"line":21,"column":2},"end":{"line":26,"column":3}},"2":{"start":{"line":29,"column":30},"end":{"line":34,"column":1}},"3":{"start":{"line":30,"column":2},"end":{"line":33,"column":3}},"4":{"start":{"line":36,"column":27},"end":{"line":41,"column":1}},"5":{"start":{"line":37,"column":2},"end":{"line":40,"column":3}},"6":{"start":{"line":42,"column":32},"end":{"line":50,"column":1}},"7":{"start":{"line":43,"column":2},"end":{"line":49,"column":3}},"8":{"start":{"line":56,"column":28},"end":{"line":68,"column":1}},"9":{"start":{"line":57,"column":12},"end":{"line":57,"column":14}},"10":{"start":{"line":58,"column":13},"end":{"line":58,"column":51}},"11":{"start":{"line":60,"column":4},"end":{"line":62,"column":5}},"12":{"start":{"line":61,"column":14},"end":{"line":61,"column":16}},"13":{"start":{"line":64,"column":4},"end":{"line":66,"column":5}},"14":{"start":{"line":65,"column":8},"end":{"line":65,"column":60}},"15":{"start":{"line":67,"column":4},"end":{"line":67,"column":13}},"16":{"start":{"line":72,"column":33},"end":{"line":141,"column":1}},"17":{"start":{"line":75,"column":14},"end":{"line":75,"column":68}},"18":{"start":{"line":77,"column":19},"end":{"line":77,"column":52}},"19":{"start":{"line":78,"column":23},"end":{"line":78,"column":70}},"20":{"start":{"line":90,"column":2},"end":{"line":115,"column":3}},"21":{"start":{"line":94,"column":4},"end":{"line":94,"column":66}},"22":{"start":{"line":103,"column":9},"end":{"line":115,"column":3}},"23":{"start":{"line":107,"column":4},"end":{"line":107,"column":62}},"24":{"start":{"line":109,"column":9},"end":{"line":115,"column":3}},"25":{"start":{"line":110,"column":4},"end":{"line":110,"column":20}},"26":{"start":{"line":111,"column":4},"end":{"line":111,"column":50}},"27":{"start":{"line":131,"column":2},"end":{"line":138,"column":3}},"28":{"start":{"line":142,"column":18},"end":{"line":176,"column":1}},"29":{"start":{"line":145,"column":2},"end":{"line":175,"column":3}},"30":{"start":{"line":146,"column":4},"end":{"line":146,"column":66}},"31":{"start":{"line":148,"column":4},"end":{"line":174,"column":5}},"32":{"start":{"line":154,"column":10},"end":{"line":169,"column":11}},"33":{"start":{"line":156,"column":12},"end":{"line":160,"column":13}},"34":{"start":{"line":162,"column":17},"end":{"line":169,"column":11}},"35":{"start":{"line":163,"column":12},"end":{"line":166,"column":13}},"36":{"start":{"line":168,"column":12},"end":{"line":168,"column":25}},"37":{"start":{"line":177,"column":30},"end":{"line":182,"column":1}},"38":{"start":{"line":178,"column":2},"end":{"line":181,"column":3}},"39":{"start":{"line":183,"column":24},"end":{"line":198,"column":1}},"40":{"start":{"line":184,"column":18},"end":{"line":186,"column":3}},"41":{"start":{"line":187,"column":2},"end":{"line":193,"column":3}},"42":{"start":{"line":188,"column":4},"end":{"line":188,"column":34}},"43":{"start":{"line":189,"column":9},"end":{"line":193,"column":3}},"44":{"start":{"line":190,"column":4},"end":{"line":190,"column":36}},"45":{"start":{"line":192,"column":4},"end":{"line":192,"column":28}},"46":{"start":{"line":195,"column":2},"end":{"line":195,"column":29}},"47":{"start":{"line":197,"column":2},"end":{"line":197,"column":18}},"48":{"start":{"line":201,"column":32},"end":{"line":208,"column":1}},"49":{"start":{"line":202,"column":2},"end":{"line":207,"column":7}},"50":{"start":{"line":203,"column":4},"end":{"line":205,"column":5}},"51":{"start":{"line":204,"column":6},"end":{"line":204,"column":41}},"52":{"start":{"line":206,"column":4},"end":{"line":206,"column":14}},"53":{"start":{"line":210,"column":28},"end":{"line":255,"column":1}},"54":{"start":{"line":211,"column":15},"end":{"line":211,"column":48}},"55":{"start":{"line":212,"column":11},"end":{"line":212,"column":34}},"56":{"start":{"line":213,"column":9},"end":{"line":213,"column":20}},"57":{"start":{"line":214,"column":11},"end":{"line":214,"column":39}},"58":{"start":{"line":219,"column":2},"end":{"line":223,"column":3}},"59":{"start":{"line":220,"column":4},"end":{"line":222,"column":5}},"60":{"start":{"line":225,"column":2},"end":{"line":231,"column":3}},"61":{"start":{"line":226,"column":4},"end":{"line":226,"column":35}},"62":{"start":{"line":227,"column":9},"end":{"line":231,"column":3}},"63":{"start":{"line":228,"column":4},"end":{"line":228,"column":62}},"64":{"start":{"line":230,"column":4},"end":{"line":230,"column":62}},"65":{"start":{"line":245,"column":2},"end":{"line":253,"column":3}},"66":{"start":{"line":257,"column":3},"end":{"line":257,"column":55}},"67":{"start":{"line":259,"column":39},"end":{"line":281,"column":1}},"68":{"start":{"line":260,"column":15},"end":{"line":262,"column":5}},"69":{"start":{"line":261,"column":5},"end":{"line":261,"column":40}},"70":{"start":{"line":263,"column":3},"end":{"line":279,"column":4}},"71":{"start":{"line":264,"column":5},"end":{"line":267,"column":6}},"72":{"start":{"line":268,"column":10},"end":{"line":279,"column":4}},"73":{"start":{"line":269,"column":5},"end":{"line":274,"column":6}},"74":{"start":{"line":272,"column":9},"end":{"line":272,"column":60}},"75":{"start":{"line":276,"column":5},"end":{"line":278,"column":6}},"76":{"start":{"line":283,"column":26},"end":{"line":377,"column":1}},"77":{"start":{"line":284,"column":15},"end":{"line":284,"column":48}},"78":{"start":{"line":285,"column":11},"end":{"line":285,"column":34}},"79":{"start":{"line":286,"column":9},"end":{"line":286,"column":20}},"80":{"start":{"line":287,"column":11},"end":{"line":287,"column":39}},"81":{"start":{"line":293,"column":2},"end":{"line":371,"column":3}},"82":{"start":{"line":294,"column":4},"end":{"line":312,"column":5}},"83":{"start":{"line":295,"column":6},"end":{"line":297,"column":7}},"84":{"start":{"line":299,"column":6},"end":{"line":299,"column":75}},"85":{"start":{"line":300,"column":23},"end":{"line":300,"column":61}},"86":{"start":{"line":302,"column":24},"end":{"line":302,"column":59}},"87":{"start":{"line":304,"column":6},"end":{"line":305,"column":58}},"88":{"start":{"line":308,"column":6},"end":{"line":311,"column":7}},"89":{"start":{"line":313,"column":9},"end":{"line":371,"column":3}},"90":{"start":{"line":318,"column":4},"end":{"line":335,"column":5}},"91":{"start":{"line":319,"column":6},"end":{"line":321,"column":7}},"92":{"start":{"line":323,"column":6},"end":{"line":323,"column":75}},"93":{"start":{"line":325,"column":25},"end":{"line":325,"column":59}},"94":{"start":{"line":326,"column":6},"end":{"line":326,"column":42}},"95":{"start":{"line":327,"column":6},"end":{"line":327,"column":49}},"96":{"start":{"line":331,"column":6},"end":{"line":334,"column":7}},"97":{"start":{"line":336,"column":9},"end":{"line":371,"column":3}},"98":{"start":{"line":337,"column":4},"end":{"line":352,"column":5}},"99":{"start":{"line":338,"column":6},"end":{"line":340,"column":7}},"100":{"start":{"line":342,"column":6},"end":{"line":342,"column":75}},"101":{"start":{"line":344,"column":25},"end":{"line":344,"column":54}},"102":{"start":{"line":345,"column":6},"end":{"line":345,"column":42}},"103":{"start":{"line":346,"column":6},"end":{"line":346,"column":46}},"104":{"start":{"line":348,"column":6},"end":{"line":351,"column":7}},"105":{"start":{"line":354,"column":9},"end":{"line":371,"column":3}},"106":{"start":{"line":355,"column":4},"end":{"line":370,"column":5}},"107":{"start":{"line":356,"column":6},"end":{"line":358,"column":7}},"108":{"start":{"line":360,"column":6},"end":{"line":360,"column":75}},"109":{"start":{"line":362,"column":25},"end":{"line":362,"column":54}},"110":{"start":{"line":363,"column":6},"end":{"line":363,"column":42}},"111":{"start":{"line":364,"column":6},"end":{"line":364,"column":46}},"112":{"start":{"line":366,"column":6},"end":{"line":369,"column":7}},"113":{"start":{"line":374,"column":2},"end":{"line":376,"column":3}},"114":{"start":{"line":378,"column":27},"end":{"line":396,"column":1}},"115":{"start":{"line":379,"column":15},"end":{"line":392,"column":3}},"116":{"start":{"line":381,"column":6},"end":{"line":381,"column":46}},"117":{"start":{"line":384,"column":6},"end":{"line":384,"column":46}},"118":{"start":{"line":387,"column":6},"end":{"line":387,"column":43}},"119":{"start":{"line":390,"column":6},"end":{"line":390,"column":44}},"120":{"start":{"line":393,"column":2},"end":{"line":395,"column":3}},"121":{"start":{"line":401,"column":2},"end":{"line":405,"column":3}},"122":{"start":{"line":402,"column":4},"end":{"line":402,"column":11}},"123":{"start":{"line":404,"column":4},"end":{"line":404,"column":45}},"124":{"start":{"line":406,"column":2},"end":{"line":406,"column":11}},"125":{"start":{"line":408,"column":4},"end":{"line":415,"column":5}},"126":{"start":{"line":409,"column":6},"end":{"line":414,"column":7}},"127":{"start":{"line":410,"column":8},"end":{"line":410,"column":21}},"128":{"start":{"line":411,"column":8},"end":{"line":411,"column":13}},"129":{"start":{"line":412,"column":13},"end":{"line":414,"column":7}},"130":{"start":{"line":413,"column":8},"end":{"line":413,"column":54}},"131":{"start":{"line":428,"column":2},"end":{"line":428,"column":25}},"132":{"start":{"line":430,"column":38},"end":{"line":447,"column":1}},"133":{"start":{"line":432,"column":2},"end":{"line":445,"column":3}},"134":{"start":{"line":433,"column":4},"end":{"line":433,"column":16}},"135":{"start":{"line":435,"column":17},"end":{"line":435,"column":21}},"136":{"start":{"line":436,"column":4},"end":{"line":443,"column":5}},"137":{"start":{"line":437,"column":6},"end":{"line":442,"column":7}},"138":{"start":{"line":438,"column":8},"end":{"line":438,"column":45}},"139":{"start":{"line":441,"column":8},"end":{"line":441,"column":41}},"140":{"start":{"line":444,"column":4},"end":{"line":444,"column":17}},"141":{"start":{"line":448,"column":38},"end":{"line":467,"column":1}},"142":{"start":{"line":449,"column":15},"end":{"line":449,"column":44}},"143":{"start":{"line":452,"column":2},"end":{"line":464,"column":3}},"144":{"start":{"line":453,"column":4},"end":{"line":453,"column":16}},"145":{"start":{"line":455,"column":17},"end":{"line":455,"column":21}},"146":{"start":{"line":456,"column":4},"end":{"line":462,"column":5}},"147":{"start":{"line":457,"column":6},"end":{"line":461,"column":7}},"148":{"start":{"line":458,"column":8},"end":{"line":458,"column":45}},"149":{"start":{"line":460,"column":8},"end":{"line":460,"column":41}},"150":{"start":{"line":463,"column":4},"end":{"line":463,"column":17}},"151":{"start":{"line":468,"column":33},"end":{"line":477,"column":1}},"152":{"start":{"line":469,"column":2},"end":{"line":476,"column":3}},"153":{"start":{"line":470,"column":4},"end":{"line":470,"column":15}},"154":{"start":{"line":473,"column":21},"end":{"line":473,"column":39}},"155":{"start":{"line":475,"column":4},"end":{"line":475,"column":47}},"156":{"start":{"line":478,"column":33},"end":{"line":486,"column":1}},"157":{"start":{"line":479,"column":15},"end":{"line":479,"column":19}},"158":{"start":{"line":480,"column":2},"end":{"line":482,"column":3}},"159":{"start":{"line":481,"column":4},"end":{"line":481,"column":37}},"160":{"start":{"line":483,"column":2},"end":{"line":485,"column":3}},"161":{"start":{"line":487,"column":29},"end":{"line":562,"column":1}},"162":{"start":{"line":493,"column":9},"end":{"line":493,"column":11}},"163":{"start":{"line":494,"column":2},"end":{"line":494,"column":37}},"164":{"start":{"line":495,"column":2},"end":{"line":495,"column":38}},"165":{"start":{"line":496,"column":2},"end":{"line":496,"column":51}},"166":{"start":{"line":496,"column":27},"end":{"line":496,"column":48}},"167":{"start":{"line":499,"column":2},"end":{"line":502,"column":3}},"168":{"start":{"line":506,"column":4},"end":{"line":526,"column":5}},"169":{"start":{"line":510,"column":6},"end":{"line":525,"column":7}},"170":{"start":{"line":512,"column":8},"end":{"line":512,"column":49}},"171":{"start":{"line":515,"column":8},"end":{"line":515,"column":41}},"172":{"start":{"line":516,"column":8},"end":{"line":516,"column":24}},"173":{"start":{"line":518,"column":8},"end":{"line":518,"column":13}},"174":{"start":{"line":521,"column":13},"end":{"line":525,"column":7}},"175":{"start":{"line":522,"column":8},"end":{"line":524,"column":9}},"176":{"start":{"line":523,"column":10},"end":{"line":523,"column":87}},"177":{"start":{"line":564,"column":26},"end":{"line":589,"column":1}},"178":{"start":{"line":569,"column":21},"end":{"line":569,"column":55}},"179":{"start":{"line":571,"column":2},"end":{"line":576,"column":3}},"180":{"start":{"line":573,"column":4},"end":{"line":575,"column":5}},"181":{"start":{"line":581,"column":2},"end":{"line":588,"column":3}},"182":{"start":{"line":583,"column":4},"end":{"line":583,"column":107}},"183":{"start":{"line":585,"column":4},"end":{"line":587,"column":5}},"184":{"start":{"line":590,"column":26},"end":{"line":611,"column":1}},"185":{"start":{"line":596,"column":21},"end":{"line":596,"column":55}},"186":{"start":{"line":597,"column":2},"end":{"line":602,"column":3}},"187":{"start":{"line":599,"column":4},"end":{"line":601,"column":5}},"188":{"start":{"line":604,"column":2},"end":{"line":610,"column":3}},"189":{"start":{"line":605,"column":4},"end":{"line":605,"column":107}},"190":{"start":{"line":607,"column":4},"end":{"line":609,"column":5}},"191":{"start":{"line":615,"column":29},"end":{"line":660,"column":1}},"192":{"start":{"line":620,"column":19},"end":{"line":620,"column":52}},"193":{"start":{"line":621,"column":15},"end":{"line":621,"column":55}},"194":{"start":{"line":622,"column":20},"end":{"line":622,"column":65}},"195":{"start":{"line":627,"column":2},"end":{"line":658,"column":3}},"196":{"start":{"line":629,"column":4},"end":{"line":639,"column":5}},"197":{"start":{"line":630,"column":6},"end":{"line":630,"column":46}},"198":{"start":{"line":631,"column":11},"end":{"line":639,"column":5}},"199":{"start":{"line":632,"column":6},"end":{"line":638,"column":7}},"200":{"start":{"line":645,"column":9},"end":{"line":658,"column":3}},"201":{"start":{"line":647,"column":4},"end":{"line":653,"column":5}},"202":{"start":{"line":654,"column":9},"end":{"line":658,"column":3}},"203":{"start":{"line":655,"column":4},"end":{"line":657,"column":5}},"204":{"start":{"line":662,"column":2},"end":{"line":674,"column":3}},"205":{"start":{"line":664,"column":4},"end":{"line":664,"column":76}},"206":{"start":{"line":666,"column":9},"end":{"line":674,"column":3}},"207":{"start":{"line":667,"column":4},"end":{"line":673,"column":5}},"208":{"start":{"line":678,"column":29},"end":{"line":720,"column":1}},"209":{"start":{"line":683,"column":19},"end":{"line":683,"column":52}},"210":{"start":{"line":684,"column":15},"end":{"line":684,"column":55}},"211":{"start":{"line":685,"column":20},"end":{"line":685,"column":65}},"212":{"start":{"line":687,"column":2},"end":{"line":718,"column":3}},"213":{"start":{"line":688,"column":4},"end":{"line":694,"column":5}},"214":{"start":{"line":695,"column":9},"end":{"line":718,"column":3}},"215":{"start":{"line":696,"column":4},"end":{"line":717,"column":5}},"216":{"start":{"line":697,"column":6},"end":{"line":703,"column":7}},"217":{"start":{"line":704,"column":11},"end":{"line":717,"column":5}},"218":{"start":{"line":708,"column":6},"end":{"line":708,"column":44}},"219":{"start":{"line":709,"column":11},"end":{"line":717,"column":5}},"220":{"start":{"line":710,"column":6},"end":{"line":712,"column":7}},"221":{"start":{"line":714,"column":6},"end":{"line":716,"column":7}},"222":{"start":{"line":723,"column":19},"end":{"line":723,"column":52}},"223":{"start":{"line":725,"column":18},"end":{"line":725,"column":63}},"224":{"start":{"line":728,"column":2},"end":{"line":741,"column":3}},"225":{"start":{"line":730,"column":4},"end":{"line":736,"column":5}},"226":{"start":{"line":738,"column":22},"end":{"line":738,"column":62}},"227":{"start":{"line":740,"column":4},"end":{"line":740,"column":48}},"228":{"start":{"line":744,"column":37},"end":{"line":785,"column":1}},"229":{"start":{"line":745,"column":41},"end":{"line":745,"column":49}},"230":{"start":{"line":750,"column":2},"end":{"line":754,"column":3}},"231":{"start":{"line":751,"column":4},"end":{"line":751,"column":27}},"232":{"start":{"line":753,"column":4},"end":{"line":753,"column":26}},"233":{"start":{"line":756,"column":2},"end":{"line":762,"column":3}},"234":{"start":{"line":759,"column":4},"end":{"line":759,"column":61}},"235":{"start":{"line":761,"column":4},"end":{"line":761,"column":24}},"236":{"start":{"line":765,"column":4},"end":{"line":767,"column":6}},"237":{"start":{"line":766,"column":6},"end":{"line":766,"column":128}},"238":{"start":{"line":777,"column":2},"end":{"line":783,"column":3}}},"fnMap":{"0":{"name":"(anonymous_0)","decl":{"start":{"line":20,"column":30},"end":{"line":20,"column":31}},"loc":{"start":{"line":20,"column":44},"end":{"line":27,"column":1}},"line":20},"1":{"name":"(anonymous_1)","decl":{"start":{"line":29,"column":30},"end":{"line":29,"column":31}},"loc":{"start":{"line":29,"column":37},"end":{"line":34,"column":1}},"line":29},"2":{"name":"(anonymous_2)","decl":{"start":{"line":36,"column":27},"end":{"line":36,"column":28}},"loc":{"start":{"line":36,"column":34},"end":{"line":41,"column":1}},"line":36},"3":{"name":"(anonymous_3)","decl":{"start":{"line":42,"column":32},"end":{"line":42,"column":33}},"loc":{"start":{"line":42,"column":40},"end":{"line":50,"column":1}},"line":42},"4":{"name":"(anonymous_4)","decl":{"start":{"line":56,"column":28},"end":{"line":56,"column":29}},"loc":{"start":{"line":56,"column":35},"end":{"line":68,"column":1}},"line":56},"5":{"name":"(anonymous_5)","decl":{"start":{"line":72,"column":33},"end":{"line":72,"column":34}},"loc":{"start":{"line":72,"column":69},"end":{"line":141,"column":1}},"line":72},"6":{"name":"(anonymous_6)","decl":{"start":{"line":142,"column":18},"end":{"line":142,"column":19}},"loc":{"start":{"line":142,"column":71},"end":{"line":176,"column":1}},"line":142},"7":{"name":"(anonymous_7)","decl":{"start":{"line":150,"column":35},"end":{"line":150,"column":36}},"loc":{"start":{"line":150,"column":49},"end":{"line":172,"column":9}},"line":150},"8":{"name":"(anonymous_8)","decl":{"start":{"line":177,"column":30},"end":{"line":177,"column":31}},"loc":{"start":{"line":177,"column":66},"end":{"line":182,"column":1}},"line":177},"9":{"name":"(anonymous_9)","decl":{"start":{"line":183,"column":24},"end":{"line":183,"column":25}},"loc":{"start":{"line":183,"column":44},"end":{"line":198,"column":1}},"line":183},"10":{"name":"(anonymous_10)","decl":{"start":{"line":201,"column":32},"end":{"line":201,"column":33}},"loc":{"start":{"line":201,"column":55},"end":{"line":208,"column":1}},"line":201},"11":{"name":"(anonymous_11)","decl":{"start":{"line":202,"column":36},"end":{"line":202,"column":37}},"loc":{"start":{"line":202,"column":50},"end":{"line":207,"column":3}},"line":202},"12":{"name":"(anonymous_12)","decl":{"start":{"line":210,"column":28},"end":{"line":210,"column":29}},"loc":{"start":{"line":210,"column":64},"end":{"line":255,"column":1}},"line":210},"13":{"name":"immutableDelete","decl":{"start":{"line":256,"column":9},"end":{"line":256,"column":24}},"loc":{"start":{"line":256,"column":38},"end":{"line":258,"column":1}},"line":256},"14":{"name":"(anonymous_14)","decl":{"start":{"line":259,"column":39},"end":{"line":259,"column":40}},"loc":{"start":{"line":259,"column":65},"end":{"line":281,"column":1}},"line":259},"15":{"name":"(anonymous_15)","decl":{"start":{"line":260,"column":41},"end":{"line":260,"column":42}},"loc":{"start":{"line":260,"column":52},"end":{"line":262,"column":4}},"line":260},"16":{"name":"(anonymous_16)","decl":{"start":{"line":271,"column":36},"end":{"line":271,"column":37}},"loc":{"start":{"line":271,"column":45},"end":{"line":273,"column":8}},"line":271},"17":{"name":"(anonymous_17)","decl":{"start":{"line":283,"column":26},"end":{"line":283,"column":27}},"loc":{"start":{"line":283,"column":61},"end":{"line":377,"column":1}},"line":283},"18":{"name":"(anonymous_18)","decl":{"start":{"line":378,"column":27},"end":{"line":378,"column":28}},"loc":{"start":{"line":378,"column":54},"end":{"line":396,"column":1}},"line":378},"19":{"name":"(anonymous_19)","decl":{"start":{"line":380,"column":13},"end":{"line":380,"column":14}},"loc":{"start":{"line":380,"column":37},"end":{"line":382,"column":5}},"line":380},"20":{"name":"(anonymous_20)","decl":{"start":{"line":383,"column":15},"end":{"line":383,"column":16}},"loc":{"start":{"line":383,"column":39},"end":{"line":385,"column":5}},"line":383},"21":{"name":"(anonymous_21)","decl":{"start":{"line":386,"column":15},"end":{"line":386,"column":16}},"loc":{"start":{"line":386,"column":38},"end":{"line":388,"column":5}},"line":386},"22":{"name":"(anonymous_22)","decl":{"start":{"line":389,"column":16},"end":{"line":389,"column":17}},"loc":{"start":{"line":389,"column":39},"end":{"line":391,"column":5}},"line":389},"23":{"name":"getTargetBranch","decl":{"start":{"line":399,"column":9},"end":{"line":399,"column":24}},"loc":{"start":{"line":399,"column":43},"end":{"line":426,"column":1}},"line":399},"24":{"name":"recursiveCheck","decl":{"start":{"line":407,"column":11},"end":{"line":407,"column":25}},"loc":{"start":{"line":407,"column":46},"end":{"line":416,"column":3}},"line":407},"25":{"name":"immutablePop","decl":{"start":{"line":427,"column":9},"end":{"line":427,"column":21}},"loc":{"start":{"line":427,"column":26},"end":{"line":429,"column":1}},"line":427},"26":{"name":"(anonymous_26)","decl":{"start":{"line":430,"column":38},"end":{"line":430,"column":39}},"loc":{"start":{"line":430,"column":54},"end":{"line":447,"column":1}},"line":430},"27":{"name":"(anonymous_27)","decl":{"start":{"line":448,"column":38},"end":{"line":448,"column":39}},"loc":{"start":{"line":448,"column":54},"end":{"line":467,"column":1}},"line":448},"28":{"name":"(anonymous_28)","decl":{"start":{"line":468,"column":33},"end":{"line":468,"column":34}},"loc":{"start":{"line":468,"column":49},"end":{"line":477,"column":1}},"line":468},"29":{"name":"(anonymous_29)","decl":{"start":{"line":478,"column":33},"end":{"line":478,"column":34}},"loc":{"start":{"line":478,"column":49},"end":{"line":486,"column":1}},"line":478},"30":{"name":"(anonymous_30)","decl":{"start":{"line":487,"column":29},"end":{"line":487,"column":30}},"loc":{"start":{"line":487,"column":49},"end":{"line":562,"column":1}},"line":487},"31":{"name":"(anonymous_31)","decl":{"start":{"line":496,"column":18},"end":{"line":496,"column":19}},"loc":{"start":{"line":496,"column":26},"end":{"line":496,"column":49}},"line":496},"32":{"name":"processBranches","decl":{"start":{"line":503,"column":11},"end":{"line":503,"column":26}},"loc":{"start":{"line":503,"column":54},"end":{"line":529,"column":3}},"line":503},"33":{"name":"(anonymous_33)","decl":{"start":{"line":564,"column":26},"end":{"line":564,"column":27}},"loc":{"start":{"line":564,"column":49},"end":{"line":589,"column":1}},"line":564},"34":{"name":"(anonymous_34)","decl":{"start":{"line":590,"column":26},"end":{"line":590,"column":27}},"loc":{"start":{"line":590,"column":49},"end":{"line":611,"column":1}},"line":590},"35":{"name":"(anonymous_35)","decl":{"start":{"line":615,"column":29},"end":{"line":615,"column":30}},"loc":{"start":{"line":615,"column":53},"end":{"line":660,"column":1}},"line":615},"36":{"name":"getPrevSibDownwords","decl":{"start":{"line":661,"column":9},"end":{"line":661,"column":28}},"loc":{"start":{"line":661,"column":37},"end":{"line":675,"column":1}},"line":661},"37":{"name":"(anonymous_37)","decl":{"start":{"line":678,"column":29},"end":{"line":678,"column":30}},"loc":{"start":{"line":678,"column":53},"end":{"line":720,"column":1}},"line":678},"38":{"name":"getNextSibUpwords","decl":{"start":{"line":721,"column":9},"end":{"line":721,"column":26}},"loc":{"start":{"line":721,"column":41},"end":{"line":742,"column":1}},"line":721},"39":{"name":"(anonymous_39)","decl":{"start":{"line":744,"column":37},"end":{"line":744,"column":38}},"loc":{"start":{"line":744,"column":86},"end":{"line":785,"column":1}},"line":744},"40":{"name":"checkIfActiveChild","decl":{"start":{"line":764,"column":11},"end":{"line":764,"column":29}},"loc":{"start":{"line":764,"column":53},"end":{"line":768,"column":3}},"line":764},"41":{"name":"(anonymous_41)","decl":{"start":{"line":765,"column":25},"end":{"line":765,"column":26}},"loc":{"start":{"line":765,"column":35},"end":{"line":767,"column":5}},"line":765}},"branchMap":{"0":{"loc":{"start":{"line":60,"column":4},"end":{"line":62,"column":5}},"type":"if","locations":[{"start":{"line":60,"column":4},"end":{"line":62,"column":5}},{"start":{"line":60,"column":4},"end":{"line":62,"column":5}}],"line":60},"1":{"loc":{"start":{"line":60,"column":7},"end":{"line":60,"column":54}},"type":"binary-expr","locations":[{"start":{"line":60,"column":7},"end":{"line":60,"column":31}},{"start":{"line":60,"column":35},"end":{"line":60,"column":54}}],"line":60},"2":{"loc":{"start":{"line":90,"column":2},"end":{"line":115,"column":3}},"type":"if","locations":[{"start":{"line":90,"column":2},"end":{"line":115,"column":3}},{"start":{"line":90,"column":2},"end":{"line":115,"column":3}}],"line":90},"3":{"loc":{"start":{"line":103,"column":9},"end":{"line":115,"column":3}},"type":"if","locations":[{"start":{"line":103,"column":9},"end":{"line":115,"column":3}},{"start":{"line":103,"column":9},"end":{"line":115,"column":3}}],"line":103},"4":{"loc":{"start":{"line":109,"column":9},"end":{"line":115,"column":3}},"type":"if","locations":[{"start":{"line":109,"column":9},"end":{"line":115,"column":3}},{"start":{"line":109,"column":9},"end":{"line":115,"column":3}}],"line":109},"5":{"loc":{"start":{"line":145,"column":2},"end":{"line":175,"column":3}},"type":"if","locations":[{"start":{"line":145,"column":2},"end":{"line":175,"column":3}},{"start":{"line":145,"column":2},"end":{"line":175,"column":3}}],"line":145},"6":{"loc":{"start":{"line":154,"column":10},"end":{"line":169,"column":11}},"type":"if","locations":[{"start":{"line":154,"column":10},"end":{"line":169,"column":11}},{"start":{"line":154,"column":10},"end":{"line":169,"column":11}}],"line":154},"7":{"loc":{"start":{"line":162,"column":17},"end":{"line":169,"column":11}},"type":"if","locations":[{"start":{"line":162,"column":17},"end":{"line":169,"column":11}},{"start":{"line":162,"column":17},"end":{"line":169,"column":11}}],"line":162},"8":{"loc":{"start":{"line":187,"column":2},"end":{"line":193,"column":3}},"type":"if","locations":[{"start":{"line":187,"column":2},"end":{"line":193,"column":3}},{"start":{"line":187,"column":2},"end":{"line":193,"column":3}}],"line":187},"9":{"loc":{"start":{"line":189,"column":9},"end":{"line":193,"column":3}},"type":"if","locations":[{"start":{"line":189,"column":9},"end":{"line":193,"column":3}},{"start":{"line":189,"column":9},"end":{"line":193,"column":3}}],"line":189},"10":{"loc":{"start":{"line":203,"column":4},"end":{"line":205,"column":5}},"type":"if","locations":[{"start":{"line":203,"column":4},"end":{"line":205,"column":5}},{"start":{"line":203,"column":4},"end":{"line":205,"column":5}}],"line":203},"11":{"loc":{"start":{"line":219,"column":2},"end":{"line":223,"column":3}},"type":"if","locations":[{"start":{"line":219,"column":2},"end":{"line":223,"column":3}},{"start":{"line":219,"column":2},"end":{"line":223,"column":3}}],"line":219},"12":{"loc":{"start":{"line":219,"column":5},"end":{"line":219,"column":65}},"type":"binary-expr","locations":[{"start":{"line":219,"column":5},"end":{"line":219,"column":33}},{"start":{"line":219,"column":37},"end":{"line":219,"column":65}}],"line":219},"13":{"loc":{"start":{"line":225,"column":2},"end":{"line":231,"column":3}},"type":"if","locations":[{"start":{"line":225,"column":2},"end":{"line":231,"column":3}},{"start":{"line":225,"column":2},"end":{"line":231,"column":3}}],"line":225},"14":{"loc":{"start":{"line":227,"column":9},"end":{"line":231,"column":3}},"type":"if","locations":[{"start":{"line":227,"column":9},"end":{"line":231,"column":3}},{"start":{"line":227,"column":9},"end":{"line":231,"column":3}}],"line":227},"15":{"loc":{"start":{"line":263,"column":3},"end":{"line":279,"column":4}},"type":"if","locations":[{"start":{"line":263,"column":3},"end":{"line":279,"column":4}},{"start":{"line":263,"column":3},"end":{"line":279,"column":4}}],"line":263},"16":{"loc":{"start":{"line":268,"column":10},"end":{"line":279,"column":4}},"type":"if","locations":[{"start":{"line":268,"column":10},"end":{"line":279,"column":4}},{"start":{"line":268,"column":10},"end":{"line":279,"column":4}}],"line":268},"17":{"loc":{"start":{"line":293,"column":2},"end":{"line":371,"column":3}},"type":"if","locations":[{"start":{"line":293,"column":2},"end":{"line":371,"column":3}},{"start":{"line":293,"column":2},"end":{"line":371,"column":3}}],"line":293},"18":{"loc":{"start":{"line":294,"column":4},"end":{"line":312,"column":5}},"type":"if","locations":[{"start":{"line":294,"column":4},"end":{"line":312,"column":5}},{"start":{"line":294,"column":4},"end":{"line":312,"column":5}}],"line":294},"19":{"loc":{"start":{"line":313,"column":9},"end":{"line":371,"column":3}},"type":"if","locations":[{"start":{"line":313,"column":9},"end":{"line":371,"column":3}},{"start":{"line":313,"column":9},"end":{"line":371,"column":3}}],"line":313},"20":{"loc":{"start":{"line":318,"column":4},"end":{"line":335,"column":5}},"type":"if","locations":[{"start":{"line":318,"column":4},"end":{"line":335,"column":5}},{"start":{"line":318,"column":4},"end":{"line":335,"column":5}}],"line":318},"21":{"loc":{"start":{"line":318,"column":7},"end":{"line":318,"column":66}},"type":"binary-expr","locations":[{"start":{"line":318,"column":7},"end":{"line":318,"column":34}},{"start":{"line":318,"column":38},"end":{"line":318,"column":66}}],"line":318},"22":{"loc":{"start":{"line":336,"column":9},"end":{"line":371,"column":3}},"type":"if","locations":[{"start":{"line":336,"column":9},"end":{"line":371,"column":3}},{"start":{"line":336,"column":9},"end":{"line":371,"column":3}}],"line":336},"23":{"loc":{"start":{"line":337,"column":4},"end":{"line":352,"column":5}},"type":"if","locations":[{"start":{"line":337,"column":4},"end":{"line":352,"column":5}},{"start":{"line":337,"column":4},"end":{"line":352,"column":5}}],"line":337},"24":{"loc":{"start":{"line":354,"column":9},"end":{"line":371,"column":3}},"type":"if","locations":[{"start":{"line":354,"column":9},"end":{"line":371,"column":3}},{"start":{"line":354,"column":9},"end":{"line":371,"column":3}}],"line":354},"25":{"loc":{"start":{"line":355,"column":4},"end":{"line":370,"column":5}},"type":"if","locations":[{"start":{"line":355,"column":4},"end":{"line":370,"column":5}},{"start":{"line":355,"column":4},"end":{"line":370,"column":5}}],"line":355},"26":{"loc":{"start":{"line":393,"column":9},"end":{"line":395,"column":3}},"type":"cond-expr","locations":[{"start":{"line":393,"column":50},"end":{"line":393,"column":82}},{"start":{"line":393,"column":85},"end":{"line":395,"column":3}}],"line":393},"27":{"loc":{"start":{"line":401,"column":2},"end":{"line":405,"column":3}},"type":"if","locations":[{"start":{"line":401,"column":2},"end":{"line":405,"column":3}},{"start":{"line":401,"column":2},"end":{"line":405,"column":3}}],"line":401},"28":{"loc":{"start":{"line":409,"column":6},"end":{"line":414,"column":7}},"type":"if","locations":[{"start":{"line":409,"column":6},"end":{"line":414,"column":7}},{"start":{"line":409,"column":6},"end":{"line":414,"column":7}}],"line":409},"29":{"loc":{"start":{"line":412,"column":13},"end":{"line":414,"column":7}},"type":"if","locations":[{"start":{"line":412,"column":13},"end":{"line":414,"column":7}},{"start":{"line":412,"column":13},"end":{"line":414,"column":7}}],"line":412},"30":{"loc":{"start":{"line":432,"column":2},"end":{"line":445,"column":3}},"type":"if","locations":[{"start":{"line":432,"column":2},"end":{"line":445,"column":3}},{"start":{"line":432,"column":2},"end":{"line":445,"column":3}}],"line":432},"31":{"loc":{"start":{"line":437,"column":6},"end":{"line":442,"column":7}},"type":"if","locations":[{"start":{"line":437,"column":6},"end":{"line":442,"column":7}},{"start":{"line":437,"column":6},"end":{"line":442,"column":7}}],"line":437},"32":{"loc":{"start":{"line":452,"column":2},"end":{"line":464,"column":3}},"type":"if","locations":[{"start":{"line":452,"column":2},"end":{"line":464,"column":3}},{"start":{"line":452,"column":2},"end":{"line":464,"column":3}}],"line":452},"33":{"loc":{"start":{"line":457,"column":6},"end":{"line":461,"column":7}},"type":"if","locations":[{"start":{"line":457,"column":6},"end":{"line":461,"column":7}},{"start":{"line":457,"column":6},"end":{"line":461,"column":7}}],"line":457},"34":{"loc":{"start":{"line":469,"column":2},"end":{"line":476,"column":3}},"type":"if","locations":[{"start":{"line":469,"column":2},"end":{"line":476,"column":3}},{"start":{"line":469,"column":2},"end":{"line":476,"column":3}}],"line":469},"35":{"loc":{"start":{"line":510,"column":6},"end":{"line":525,"column":7}},"type":"if","locations":[{"start":{"line":510,"column":6},"end":{"line":525,"column":7}},{"start":{"line":510,"column":6},"end":{"line":525,"column":7}}],"line":510},"36":{"loc":{"start":{"line":521,"column":13},"end":{"line":525,"column":7}},"type":"if","locations":[{"start":{"line":521,"column":13},"end":{"line":525,"column":7}},{"start":{"line":521,"column":13},"end":{"line":525,"column":7}}],"line":521},"37":{"loc":{"start":{"line":522,"column":8},"end":{"line":524,"column":9}},"type":"if","locations":[{"start":{"line":522,"column":8},"end":{"line":524,"column":9}},{"start":{"line":522,"column":8},"end":{"line":524,"column":9}}],"line":522},"38":{"loc":{"start":{"line":571,"column":2},"end":{"line":576,"column":3}},"type":"if","locations":[{"start":{"line":571,"column":2},"end":{"line":576,"column":3}},{"start":{"line":571,"column":2},"end":{"line":576,"column":3}}],"line":571},"39":{"loc":{"start":{"line":581,"column":2},"end":{"line":588,"column":3}},"type":"if","locations":[{"start":{"line":581,"column":2},"end":{"line":588,"column":3}},{"start":{"line":581,"column":2},"end":{"line":588,"column":3}}],"line":581},"40":{"loc":{"start":{"line":581,"column":5},"end":{"line":581,"column":69}},"type":"binary-expr","locations":[{"start":{"line":581,"column":5},"end":{"line":581,"column":33}},{"start":{"line":581,"column":37},"end":{"line":581,"column":69}}],"line":581},"41":{"loc":{"start":{"line":597,"column":2},"end":{"line":602,"column":3}},"type":"if","locations":[{"start":{"line":597,"column":2},"end":{"line":602,"column":3}},{"start":{"line":597,"column":2},"end":{"line":602,"column":3}}],"line":597},"42":{"loc":{"start":{"line":604,"column":2},"end":{"line":610,"column":3}},"type":"if","locations":[{"start":{"line":604,"column":2},"end":{"line":610,"column":3}},{"start":{"line":604,"column":2},"end":{"line":610,"column":3}}],"line":604},"43":{"loc":{"start":{"line":604,"column":5},"end":{"line":604,"column":59}},"type":"binary-expr","locations":[{"start":{"line":604,"column":5},"end":{"line":604,"column":33}},{"start":{"line":604,"column":37},"end":{"line":604,"column":59}}],"line":604},"44":{"loc":{"start":{"line":627,"column":2},"end":{"line":658,"column":3}},"type":"if","locations":[{"start":{"line":627,"column":2},"end":{"line":658,"column":3}},{"start":{"line":627,"column":2},"end":{"line":658,"column":3}}],"line":627},"45":{"loc":{"start":{"line":629,"column":4},"end":{"line":639,"column":5}},"type":"if","locations":[{"start":{"line":629,"column":4},"end":{"line":639,"column":5}},{"start":{"line":629,"column":4},"end":{"line":639,"column":5}}],"line":629},"46":{"loc":{"start":{"line":629,"column":7},"end":{"line":629,"column":68}},"type":"binary-expr","locations":[{"start":{"line":629,"column":7},"end":{"line":629,"column":34}},{"start":{"line":629,"column":38},"end":{"line":629,"column":68}}],"line":629},"47":{"loc":{"start":{"line":631,"column":11},"end":{"line":639,"column":5}},"type":"if","locations":[{"start":{"line":631,"column":11},"end":{"line":639,"column":5}},{"start":{"line":631,"column":11},"end":{"line":639,"column":5}}],"line":631},"48":{"loc":{"start":{"line":631,"column":15},"end":{"line":631,"column":118}},"type":"binary-expr","locations":[{"start":{"line":631,"column":16},"end":{"line":631,"column":43}},{"start":{"line":631,"column":48},"end":{"line":631,"column":79}},{"start":{"line":631,"column":85},"end":{"line":631,"column":118}}],"line":631},"49":{"loc":{"start":{"line":645,"column":9},"end":{"line":658,"column":3}},"type":"if","locations":[{"start":{"line":645,"column":9},"end":{"line":658,"column":3}},{"start":{"line":645,"column":9},"end":{"line":658,"column":3}}],"line":645},"50":{"loc":{"start":{"line":645,"column":13},"end":{"line":645,"column":94}},"type":"binary-expr","locations":[{"start":{"line":645,"column":13},"end":{"line":645,"column":62}},{"start":{"line":645,"column":66},"end":{"line":645,"column":94}}],"line":645},"51":{"loc":{"start":{"line":654,"column":9},"end":{"line":658,"column":3}},"type":"if","locations":[{"start":{"line":654,"column":9},"end":{"line":658,"column":3}},{"start":{"line":654,"column":9},"end":{"line":658,"column":3}}],"line":654},"52":{"loc":{"start":{"line":654,"column":13},"end":{"line":654,"column":94}},"type":"binary-expr","locations":[{"start":{"line":654,"column":13},"end":{"line":654,"column":62}},{"start":{"line":654,"column":66},"end":{"line":654,"column":94}}],"line":654},"53":{"loc":{"start":{"line":662,"column":2},"end":{"line":674,"column":3}},"type":"if","locations":[{"start":{"line":662,"column":2},"end":{"line":674,"column":3}},{"start":{"line":662,"column":2},"end":{"line":674,"column":3}}],"line":662},"54":{"loc":{"start":{"line":662,"column":5},"end":{"line":662,"column":130}},"type":"binary-expr","locations":[{"start":{"line":662,"column":5},"end":{"line":662,"column":64}},{"start":{"line":662,"column":68},"end":{"line":662,"column":130}}],"line":662},"55":{"loc":{"start":{"line":666,"column":9},"end":{"line":674,"column":3}},"type":"if","locations":[{"start":{"line":666,"column":9},"end":{"line":674,"column":3}},{"start":{"line":666,"column":9},"end":{"line":674,"column":3}}],"line":666},"56":{"loc":{"start":{"line":666,"column":13},"end":{"line":666,"column":281}},"type":"binary-expr","locations":[{"start":{"line":666,"column":14},"end":{"line":666,"column":73}},{"start":{"line":666,"column":77},"end":{"line":666,"column":140}},{"start":{"line":666,"column":147},"end":{"line":666,"column":210}},{"start":{"line":666,"column":216},"end":{"line":666,"column":281}}],"line":666},"57":{"loc":{"start":{"line":687,"column":2},"end":{"line":718,"column":3}},"type":"if","locations":[{"start":{"line":687,"column":2},"end":{"line":718,"column":3}},{"start":{"line":687,"column":2},"end":{"line":718,"column":3}}],"line":687},"58":{"loc":{"start":{"line":687,"column":5},"end":{"line":687,"column":88}},"type":"binary-expr","locations":[{"start":{"line":687,"column":5},"end":{"line":687,"column":43}},{"start":{"line":687,"column":47},"end":{"line":687,"column":88}}],"line":687},"59":{"loc":{"start":{"line":695,"column":9},"end":{"line":718,"column":3}},"type":"if","locations":[{"start":{"line":695,"column":9},"end":{"line":718,"column":3}},{"start":{"line":695,"column":9},"end":{"line":718,"column":3}}],"line":695},"60":{"loc":{"start":{"line":695,"column":14},"end":{"line":695,"column":149}},"type":"binary-expr","locations":[{"start":{"line":695,"column":15},"end":{"line":695,"column":53}},{"start":{"line":695,"column":57},"end":{"line":695,"column":99}},{"start":{"line":695,"column":105},"end":{"line":695,"column":149}}],"line":695},"61":{"loc":{"start":{"line":696,"column":4},"end":{"line":717,"column":5}},"type":"if","locations":[{"start":{"line":696,"column":4},"end":{"line":717,"column":5}},{"start":{"line":696,"column":4},"end":{"line":717,"column":5}}],"line":696},"62":{"loc":{"start":{"line":704,"column":11},"end":{"line":717,"column":5}},"type":"if","locations":[{"start":{"line":704,"column":11},"end":{"line":717,"column":5}},{"start":{"line":704,"column":11},"end":{"line":717,"column":5}}],"line":704},"63":{"loc":{"start":{"line":709,"column":11},"end":{"line":717,"column":5}},"type":"if","locations":[{"start":{"line":709,"column":11},"end":{"line":717,"column":5}},{"start":{"line":709,"column":11},"end":{"line":717,"column":5}}],"line":709},"64":{"loc":{"start":{"line":728,"column":2},"end":{"line":741,"column":3}},"type":"if","locations":[{"start":{"line":728,"column":2},"end":{"line":741,"column":3}},{"start":{"line":728,"column":2},"end":{"line":741,"column":3}}],"line":728},"65":{"loc":{"start":{"line":750,"column":2},"end":{"line":754,"column":3}},"type":"if","locations":[{"start":{"line":750,"column":2},"end":{"line":754,"column":3}},{"start":{"line":750,"column":2},"end":{"line":754,"column":3}}],"line":750},"66":{"loc":{"start":{"line":756,"column":2},"end":{"line":762,"column":3}},"type":"if","locations":[{"start":{"line":756,"column":2},"end":{"line":762,"column":3}},{"start":{"line":756,"column":2},"end":{"line":762,"column":3}}],"line":756},"67":{"loc":{"start":{"line":766,"column":13},"end":{"line":766,"column":128}},"type":"cond-expr","locations":[{"start":{"line":766,"column":47},"end":{"line":766,"column":51}},{"start":{"line":766,"column":54},"end":{"line":766,"column":128}}],"line":766},"68":{"loc":{"start":{"line":766,"column":54},"end":{"line":766,"column":128}},"type":"cond-expr","locations":[{"start":{"line":766,"column":72},"end":{"line":766,"column":120}},{"start":{"line":766,"column":123},"end":{"line":766,"column":128}}],"line":766}},"s":{"0":2,"1":1,"2":2,"3":1,"4":2,"5":1,"6":2,"7":1,"8":2,"9":5,"10":5,"11":5,"12":0,"13":5,"14":56,"15":5,"16":2,"17":3,"18":3,"19":3,"20":3,"21":1,"22":2,"23":1,"24":1,"25":1,"26":1,"27":3,"28":2,"29":4,"30":2,"31":2,"32":10,"33":1,"34":9,"35":1,"36":8,"37":2,"38":3,"39":2,"40":3,"41":3,"42":0,"43":3,"44":0,"45":3,"46":3,"47":3,"48":2,"49":0,"50":0,"51":0,"52":0,"53":2,"54":0,"55":0,"56":0,"57":0,"58":0,"59":0,"60":0,"61":0,"62":0,"63":0,"64":0,"65":0,"66":0,"67":2,"68":0,"69":0,"70":0,"71":0,"72":0,"73":0,"74":0,"75":0,"76":2,"77":0,"78":0,"79":0,"80":0,"81":0,"82":0,"83":0,"84":0,"85":0,"86":0,"87":0,"88":0,"89":0,"90":0,"91":0,"92":0,"93":0,"94":0,"95":0,"96":0,"97":0,"98":0,"99":0,"100":0,"101":0,"102":0,"103":0,"104":0,"105":0,"106":0,"107":0,"108":0,"109":0,"110":0,"111":0,"112":0,"113":0,"114":2,"115":0,"116":0,"117":0,"118":0,"119":0,"120":0,"121":0,"122":0,"123":0,"124":0,"125":0,"126":0,"127":0,"128":0,"129":0,"130":0,"131":0,"132":2,"133":0,"134":0,"135":0,"136":0,"137":0,"138":0,"139":0,"140":0,"141":2,"142":0,"143":0,"144":0,"145":0,"146":0,"147":0,"148":0,"149":0,"150":0,"151":2,"152":3,"153":3,"154":0,"155":0,"156":2,"157":0,"158":0,"159":0,"160":0,"161":2,"162":3,"163":3,"164":3,"165":3,"166":3,"167":3,"168":3,"169":3,"170":3,"171":3,"172":3,"173":3,"174":0,"175":0,"176":0,"177":2,"178":0,"179":0,"180":0,"181":0,"182":0,"183":0,"184":2,"185":0,"186":0,"187":0,"188":0,"189":0,"190":0,"191":2,"192":0,"193":0,"194":0,"195":0,"196":0,"197":0,"198":0,"199":0,"200":0,"201":0,"202":0,"203":0,"204":0,"205":0,"206":0,"207":0,"208":2,"209":0,"210":0,"211":0,"212":0,"213":0,"214":0,"215":0,"216":0,"217":0,"218":0,"219":0,"220":0,"221":0,"222":0,"223":0,"224":0,"225":0,"226":0,"227":0,"228":2,"229":0,"230":0,"231":0,"232":0,"233":0,"234":0,"235":0,"236":0,"237":0,"238":0},"f":{"0":1,"1":1,"2":1,"3":1,"4":5,"5":3,"6":4,"7":10,"8":3,"9":3,"10":0,"11":0,"12":0,"13":0,"14":0,"15":0,"16":0,"17":0,"18":0,"19":0,"20":0,"21":0,"22":0,"23":0,"24":0,"25":0,"26":0,"27":0,"28":3,"29":0,"30":3,"31":3,"32":3,"33":0,"34":0,"35":0,"36":0,"37":0,"38":0,"39":0,"40":0,"41":0},"b":{"0":[0,5],"1":[5,5],"2":[1,2],"3":[1,1],"4":[1,0],"5":[2,2],"6":[1,9],"7":[1,8],"8":[0,3],"9":[0,3],"10":[0,0],"11":[0,0],"12":[0,0],"13":[0,0],"14":[0,0],"15":[0,0],"16":[0,0],"17":[0,0],"18":[0,0],"19":[0,0],"20":[0,0],"21":[0,0],"22":[0,0],"23":[0,0],"24":[0,0],"25":[0,0],"26":[0,0],"27":[0,0],"28":[0,0],"29":[0,0],"30":[0,0],"31":[0,0],"32":[0,0],"33":[0,0],"34":[3,0],"35":[3,0],"36":[0,0],"37":[0,0],"38":[0,0],"39":[0,0],"40":[0,0],"41":[0,0],"42":[0,0],"43":[0,0],"44":[0,0],"45":[0,0],"46":[0,0],"47":[0,0],"48":[0,0,0],"49":[0,0],"50":[0,0],"51":[0,0],"52":[0,0],"53":[0,0],"54":[0,0],"55":[0,0],"56":[0,0,0,0],"57":[0,0],"58":[0,0],"59":[0,0],"60":[0,0,0],"61":[0,0],"62":[0,0],"63":[0,0],"64":[0,0],"65":[0,0],"66":[0,0],"67":[0,0],"68":[0,0]},"_coverageSchema":"332fd63041d2c1bcb487cc26dd0d5f7d97098a6c","hash":"665644b02355da663673444d9d266885c06ddc67"}
,"/Users/johnsmith/Dropbox/Projects/agnes-client-side/src/actions/types.js": {"path":"/Users/johnsmith/Dropbox/Projects/agnes-client-side/src/actions/types.js","statementMap":{"0":{"start":{"line":1,"column":23},"end":{"line":1,"column":32}},"1":{"start":{"line":2,"column":32},"end":{"line":2,"column":50}},"2":{"start":{"line":3,"column":33},"end":{"line":3,"column":52}},"3":{"start":{"line":4,"column":23},"end":{"line":4,"column":32}},"4":{"start":{"line":5,"column":33},"end":{"line":5,"column":52}},"5":{"start":{"line":6,"column":29},"end":{"line":6,"column":44}},"6":{"start":{"line":7,"column":29},"end":{"line":7,"column":44}},"7":{"start":{"line":8,"column":27},"end":{"line":8,"column":40}},"8":{"start":{"line":9,"column":28},"end":{"line":9,"column":42}},"9":{"start":{"line":10,"column":27},"end":{"line":10,"column":40}},"10":{"start":{"line":12,"column":28},"end":{"line":12,"column":42}}},"fnMap":{},"branchMap":{},"s":{"0":2,"1":2,"2":2,"3":2,"4":2,"5":2,"6":2,"7":2,"8":2,"9":2,"10":2},"f":{},"b":{},"_coverageSchema":"332fd63041d2c1bcb487cc26dd0d5f7d97098a6c","hash":"34cedd15266214576854ad48abd33fca6ae3201a"}
,"/Users/johnsmith/Dropbox/Projects/agnes-client-side/src/components/Home.js": {"path":"/Users/johnsmith/Dropbox/Projects/agnes-client-side/src/components/Home.js","statementMap":{"0":{"start":{"line":6,"column":24},"end":{"line":8,"column":1}},"1":{"start":{"line":7,"column":2},"end":{"line":7,"column":28}},"2":{"start":{"line":12,"column":19},"end":{"line":18,"column":1}},"3":{"start":{"line":13,"column":2},"end":{"line":17,"column":8}},"4":{"start":{"line":20,"column":13},"end":{"line":22,"column":13}}},"fnMap":{"0":{"name":"(anonymous_0)","decl":{"start":{"line":6,"column":24},"end":{"line":6,"column":25}},"loc":{"start":{"line":6,"column":35},"end":{"line":8,"column":1}},"line":6},"1":{"name":"(anonymous_1)","decl":{"start":{"line":12,"column":19},"end":{"line":12,"column":20}},"loc":{"start":{"line":13,"column":2},"end":{"line":17,"column":8}},"line":13}},"branchMap":{},"s":{"0":1,"1":0,"2":1,"3":0,"4":1},"f":{"0":0,"1":0},"b":{},"_coverageSchema":"332fd63041d2c1bcb487cc26dd0d5f7d97098a6c","hash":"208f4674775481ff4ab994e02bc28e7efd00bcc5"}
,"/Users/johnsmith/Dropbox/Projects/agnes-client-side/src/components/MainPlaceHolder.js": {"path":"/Users/johnsmith/Dropbox/Projects/agnes-client-side/src/components/MainPlaceHolder.js","statementMap":{"0":{"start":{"line":3,"column":24},"end":{"line":6,"column":1}},"1":{"start":{"line":4,"column":2},"end":{"line":5,"column":8}}},"fnMap":{"0":{"name":"(anonymous_0)","decl":{"start":{"line":3,"column":24},"end":{"line":3,"column":25}},"loc":{"start":{"line":4,"column":2},"end":{"line":5,"column":8}},"line":4}},"branchMap":{},"s":{"0":1,"1":0},"f":{"0":0},"b":{},"_coverageSchema":"332fd63041d2c1bcb487cc26dd0d5f7d97098a6c","hash":"9bccc80c85484bd75d6750170754c03c6d47fd15"}
,"/Users/johnsmith/Dropbox/Projects/agnes-client-side/src/components/Header/index.js": {"path":"/Users/johnsmith/Dropbox/Projects/agnes-client-side/src/components/Header/index.js","statementMap":{"0":{"start":{"line":8,"column":24},"end":{"line":17,"column":1}},"1":{"start":{"line":9,"column":2},"end":{"line":16,"column":11}},"2":{"start":{"line":19,"column":24},"end":{"line":24,"column":1}},"3":{"start":{"line":20,"column":2},"end":{"line":23,"column":3}},"4":{"start":{"line":26,"column":15},"end":{"line":28,"column":18}}},"fnMap":{"0":{"name":"(anonymous_0)","decl":{"start":{"line":8,"column":24},"end":{"line":8,"column":25}},"loc":{"start":{"line":9,"column":2},"end":{"line":16,"column":11}},"line":9},"1":{"name":"(anonymous_1)","decl":{"start":{"line":19,"column":24},"end":{"line":19,"column":25}},"loc":{"start":{"line":19,"column":35},"end":{"line":24,"column":1}},"line":19}},"branchMap":{},"s":{"0":1,"1":0,"2":1,"3":0,"4":1},"f":{"0":0,"1":0},"b":{},"_coverageSchema":"332fd63041d2c1bcb487cc26dd0d5f7d97098a6c","hash":"59ee81852701da1b8daf2df8283665d6cf3710a7"}
,"/Users/johnsmith/Dropbox/Projects/agnes-client-side/src/components/OutlineTree/index.js": {"path":"/Users/johnsmith/Dropbox/Projects/agnes-client-side/src/components/OutlineTree/index.js","statementMap":{"0":{"start":{"line":6,"column":24},"end":{"line":8,"column":1}},"1":{"start":{"line":7,"column":2},"end":{"line":7,"column":24}},"2":{"start":{"line":10,"column":27},"end":{"line":41,"column":1}},"3":{"start":{"line":11,"column":2},"end":{"line":40,"column":3}},"4":{"start":{"line":13,"column":8},"end":{"line":13,"column":28}},"5":{"start":{"line":14,"column":8},"end":{"line":16,"column":9}},"6":{"start":{"line":15,"column":10},"end":{"line":15,"column":64}},"7":{"start":{"line":19,"column":8},"end":{"line":19,"column":28}},"8":{"start":{"line":21,"column":8},"end":{"line":21,"column":113}},"9":{"start":{"line":25,"column":6},"end":{"line":25,"column":26}},"10":{"start":{"line":26,"column":6},"end":{"line":29,"column":7}},"11":{"start":{"line":28,"column":8},"end":{"line":28,"column":27}},"12":{"start":{"line":32,"column":6},"end":{"line":38,"column":28}},"13":{"start":{"line":46,"column":4},"end":{"line":116,"column":5}},"14":{"start":{"line":50,"column":12},"end":{"line":110,"column":17}},"15":{"start":{"line":64,"column":30},"end":{"line":64,"column":66}},"16":{"start":{"line":81,"column":34},"end":{"line":81,"column":108}},"17":{"start":{"line":136,"column":29},"end":{"line":147,"column":1}},"18":{"start":{"line":137,"column":2},"end":{"line":146,"column":8}},"19":{"start":{"line":139,"column":22},"end":{"line":139,"column":75}},"20":{"start":{"line":150,"column":20},"end":{"line":153,"column":23}}},"fnMap":{"0":{"name":"(anonymous_0)","decl":{"start":{"line":6,"column":24},"end":{"line":6,"column":25}},"loc":{"start":{"line":6,"column":45},"end":{"line":8,"column":1}},"line":6},"1":{"name":"(anonymous_1)","decl":{"start":{"line":10,"column":27},"end":{"line":10,"column":28}},"loc":{"start":{"line":10,"column":51},"end":{"line":41,"column":1}},"line":10},"2":{"name":"(anonymous_2)","decl":{"start":{"line":12,"column":19},"end":{"line":12,"column":20}},"loc":{"start":{"line":12,"column":40},"end":{"line":17,"column":5}},"line":12},"3":{"name":"(anonymous_3)","decl":{"start":{"line":18,"column":24},"end":{"line":18,"column":25}},"loc":{"start":{"line":18,"column":61},"end":{"line":22,"column":5}},"line":18},"4":{"name":"(anonymous_4)","decl":{"start":{"line":23,"column":18},"end":{"line":23,"column":19}},"loc":{"start":{"line":23,"column":41},"end":{"line":39,"column":5}},"line":23},"5":{"name":"growTree","decl":{"start":{"line":45,"column":9},"end":{"line":45,"column":17}},"loc":{"start":{"line":45,"column":64},"end":{"line":118,"column":1}},"line":45},"6":{"name":"(anonymous_6)","decl":{"start":{"line":49,"column":21},"end":{"line":49,"column":22}},"loc":{"start":{"line":50,"column":12},"end":{"line":110,"column":17}},"line":50},"7":{"name":"(anonymous_7)","decl":{"start":{"line":64,"column":23},"end":{"line":64,"column":24}},"loc":{"start":{"line":64,"column":30},"end":{"line":64,"column":66}},"line":64},"8":{"name":"(anonymous_8)","decl":{"start":{"line":81,"column":27},"end":{"line":81,"column":28}},"loc":{"start":{"line":81,"column":34},"end":{"line":81,"column":108}},"line":81},"9":{"name":"(anonymous_9)","decl":{"start":{"line":136,"column":29},"end":{"line":136,"column":30}},"loc":{"start":{"line":137,"column":2},"end":{"line":146,"column":8}},"line":137},"10":{"name":"(anonymous_10)","decl":{"start":{"line":139,"column":15},"end":{"line":139,"column":16}},"loc":{"start":{"line":139,"column":22},"end":{"line":139,"column":75}},"line":139}},"branchMap":{"0":{"loc":{"start":{"line":14,"column":8},"end":{"line":16,"column":9}},"type":"if","locations":[{"start":{"line":14,"column":8},"end":{"line":16,"column":9}},{"start":{"line":14,"column":8},"end":{"line":16,"column":9}}],"line":14},"1":{"loc":{"start":{"line":26,"column":6},"end":{"line":29,"column":7}},"type":"if","locations":[{"start":{"line":26,"column":6},"end":{"line":29,"column":7}},{"start":{"line":26,"column":6},"end":{"line":29,"column":7}}],"line":26},"2":{"loc":{"start":{"line":26,"column":9},"end":{"line":26,"column":104}},"type":"binary-expr","locations":[{"start":{"line":26,"column":9},"end":{"line":26,"column":28}},{"start":{"line":26,"column":31},"end":{"line":26,"column":53}},{"start":{"line":26,"column":56},"end":{"line":26,"column":78}},{"start":{"line":26,"column":81},"end":{"line":26,"column":104}}],"line":26},"3":{"loc":{"start":{"line":48,"column":44},"end":{"line":48,"column":71}},"type":"cond-expr","locations":[{"start":{"line":48,"column":52},"end":{"line":48,"column":57}},{"start":{"line":48,"column":60},"end":{"line":48,"column":71}}],"line":48},"4":{"loc":{"start":{"line":48,"column":78},"end":{"line":48,"column":119}},"type":"cond-expr","locations":[{"start":{"line":48,"column":86},"end":{"line":48,"column":105}},{"start":{"line":48,"column":108},"end":{"line":48,"column":119}}],"line":48},"5":{"loc":{"start":{"line":54,"column":33},"end":{"line":54,"column":77}},"type":"cond-expr","locations":[{"start":{"line":54,"column":65},"end":{"line":54,"column":70}},{"start":{"line":54,"column":73},"end":{"line":54,"column":77}}],"line":54},"6":{"loc":{"start":{"line":55,"column":31},"end":{"line":55,"column":62}},"type":"cond-expr","locations":[{"start":{"line":55,"column":50},"end":{"line":55,"column":55}},{"start":{"line":55,"column":58},"end":{"line":55,"column":62}}],"line":55},"7":{"loc":{"start":{"line":56,"column":33},"end":{"line":56,"column":70}},"type":"cond-expr","locations":[{"start":{"line":56,"column":58},"end":{"line":56,"column":63}},{"start":{"line":56,"column":66},"end":{"line":56,"column":70}}],"line":56},"8":{"loc":{"start":{"line":61,"column":16},"end":{"line":61,"column":59}},"type":"cond-expr","locations":[{"start":{"line":61,"column":28},"end":{"line":61,"column":51}},{"start":{"line":61,"column":54},"end":{"line":61,"column":59}}],"line":61},"9":{"loc":{"start":{"line":67,"column":16},"end":{"line":67,"column":48}},"type":"cond-expr","locations":[{"start":{"line":67,"column":36},"end":{"line":67,"column":41}},{"start":{"line":67,"column":44},"end":{"line":67,"column":48}}],"line":67},"10":{"loc":{"start":{"line":70,"column":92},"end":{"line":70,"column":136}},"type":"cond-expr","locations":[{"start":{"line":70,"column":124},"end":{"line":70,"column":129}},{"start":{"line":70,"column":132},"end":{"line":70,"column":136}}],"line":70},"11":{"loc":{"start":{"line":78,"column":32},"end":{"line":78,"column":78}},"type":"cond-expr","locations":[{"start":{"line":78,"column":57},"end":{"line":78,"column":65}},{"start":{"line":78,"column":68},"end":{"line":78,"column":78}}],"line":78},"12":{"loc":{"start":{"line":79,"column":35},"end":{"line":79,"column":66}},"type":"cond-expr","locations":[{"start":{"line":79,"column":54},"end":{"line":79,"column":59}},{"start":{"line":79,"column":62},"end":{"line":79,"column":66}}],"line":79},"13":{"loc":{"start":{"line":85,"column":22},"end":{"line":85,"column":91}},"type":"cond-expr","locations":[{"start":{"line":85,"column":70},"end":{"line":85,"column":78}},{"start":{"line":85,"column":81},"end":{"line":85,"column":91}}],"line":85},"14":{"loc":{"start":{"line":85,"column":23},"end":{"line":85,"column":66}},"type":"binary-expr","locations":[{"start":{"line":85,"column":23},"end":{"line":85,"column":45}},{"start":{"line":85,"column":49},"end":{"line":85,"column":66}}],"line":85},"15":{"loc":{"start":{"line":90,"column":22},"end":{"line":90,"column":90}},"type":"cond-expr","locations":[{"start":{"line":90,"column":69},"end":{"line":90,"column":77}},{"start":{"line":90,"column":80},"end":{"line":90,"column":90}}],"line":90},"16":{"loc":{"start":{"line":90,"column":23},"end":{"line":90,"column":65}},"type":"binary-expr","locations":[{"start":{"line":90,"column":23},"end":{"line":90,"column":45}},{"start":{"line":90,"column":49},"end":{"line":90,"column":65}}],"line":90},"17":{"loc":{"start":{"line":94,"column":66},"end":{"line":94,"column":113}},"type":"cond-expr","locations":[{"start":{"line":94,"column":92},"end":{"line":94,"column":100}},{"start":{"line":94,"column":103},"end":{"line":94,"column":113}}],"line":94},"18":{"loc":{"start":{"line":104,"column":18},"end":{"line":104,"column":150}},"type":"cond-expr","locations":[{"start":{"line":104,"column":73},"end":{"line":104,"column":137}},{"start":{"line":104,"column":140},"end":{"line":104,"column":150}}],"line":104},"19":{"loc":{"start":{"line":109,"column":16},"end":{"line":109,"column":171}},"type":"cond-expr","locations":[{"start":{"line":109,"column":42},"end":{"line":109,"column":162}},{"start":{"line":109,"column":166},"end":{"line":109,"column":171}}],"line":109},"20":{"loc":{"start":{"line":109,"column":115},"end":{"line":109,"column":158}},"type":"cond-expr","locations":[{"start":{"line":109,"column":127},"end":{"line":109,"column":150}},{"start":{"line":109,"column":153},"end":{"line":109,"column":158}}],"line":109}},"s":{"0":1,"1":0,"2":1,"3":0,"4":0,"5":0,"6":0,"7":0,"8":0,"9":0,"10":0,"11":0,"12":0,"13":0,"14":0,"15":0,"16":0,"17":1,"18":0,"19":0,"20":1},"f":{"0":0,"1":0,"2":0,"3":0,"4":0,"5":0,"6":0,"7":0,"8":0,"9":0,"10":0},"b":{"0":[0,0],"1":[0,0],"2":[0,0,0,0],"3":[0,0],"4":[0,0],"5":[0,0],"6":[0,0],"7":[0,0],"8":[0,0],"9":[0,0],"10":[0,0],"11":[0,0],"12":[0,0],"13":[0,0],"14":[0,0],"15":[0,0],"16":[0,0],"17":[0,0],"18":[0,0],"19":[0,0],"20":[0,0]},"_coverageSchema":"332fd63041d2c1bcb487cc26dd0d5f7d97098a6c","hash":"bf1685270598fa2993a595b04c3737904558ac70"}
,"/Users/johnsmith/Dropbox/Projects/agnes-client-side/src/components/TextEditorDraft/index.js": {"path":"/Users/johnsmith/Dropbox/Projects/agnes-client-side/src/components/TextEditorDraft/index.js","statementMap":{"0":{"start":{"line":7,"column":24},"end":{"line":9,"column":1}},"1":{"start":{"line":8,"column":2},"end":{"line":8,"column":24}},"2":{"start":{"line":11,"column":27},"end":{"line":25,"column":1}},"3":{"start":{"line":12,"column":2},"end":{"line":24,"column":3}},"4":{"start":{"line":22,"column":6},"end":{"line":22,"column":44}},"5":{"start":{"line":30,"column":4},"end":{"line":30,"column":17}},"6":{"start":{"line":32,"column":4},"end":{"line":34,"column":5}},"7":{"start":{"line":35,"column":4},"end":{"line":35,"column":44}},"8":{"start":{"line":38,"column":4},"end":{"line":44,"column":5}},"9":{"start":{"line":40,"column":6},"end":{"line":40,"column":35}},"10":{"start":{"line":42,"column":6},"end":{"line":42,"column":73}},"11":{"start":{"line":45,"column":4},"end":{"line":45,"column":48}},"12":{"start":{"line":45,"column":23},"end":{"line":45,"column":47}},"13":{"start":{"line":46,"column":4},"end":{"line":46,"column":73}},"14":{"start":{"line":46,"column":41},"end":{"line":46,"column":72}},"15":{"start":{"line":47,"column":4},"end":{"line":47,"column":39}},"16":{"start":{"line":47,"column":24},"end":{"line":47,"column":38}},"17":{"start":{"line":48,"column":4},"end":{"line":48,"column":43}},"18":{"start":{"line":48,"column":26},"end":{"line":48,"column":42}},"19":{"start":{"line":52,"column":4},"end":{"line":52,"column":15}},"20":{"start":{"line":60,"column":4},"end":{"line":63,"column":5}},"21":{"start":{"line":61,"column":6},"end":{"line":61,"column":50}},"22":{"start":{"line":62,"column":6},"end":{"line":62,"column":138}},"23":{"start":{"line":76,"column":4},"end":{"line":76,"column":23}},"24":{"start":{"line":81,"column":25},"end":{"line":81,"column":29}},"25":{"start":{"line":82,"column":23},"end":{"line":82,"column":45}},"26":{"start":{"line":83,"column":26},"end":{"line":87,"column":6}},"27":{"start":{"line":89,"column":5},"end":{"line":89,"column":61}},"28":{"start":{"line":90,"column":5},"end":{"line":92,"column":8}},"29":{"start":{"line":96,"column":26},"end":{"line":96,"column":36}},"30":{"start":{"line":97,"column":21},"end":{"line":97,"column":69}},"31":{"start":{"line":98,"column":4},"end":{"line":101,"column":5}},"32":{"start":{"line":99,"column":6},"end":{"line":99,"column":30}},"33":{"start":{"line":100,"column":6},"end":{"line":100,"column":18}},"34":{"start":{"line":102,"column":4},"end":{"line":102,"column":17}},"35":{"start":{"line":105,"column":4},"end":{"line":122,"column":5}},"36":{"start":{"line":134,"column":4},"end":{"line":134,"column":23}},"37":{"start":{"line":136,"column":23},"end":{"line":136,"column":54}},"38":{"start":{"line":137,"column":23},"end":{"line":137,"column":49}},"39":{"start":{"line":138,"column":23},"end":{"line":138,"column":46}},"40":{"start":{"line":139,"column":23},"end":{"line":139,"column":60}},"41":{"start":{"line":141,"column":22},"end":{"line":141,"column":60}},"42":{"start":{"line":144,"column":4},"end":{"line":156,"column":5}},"43":{"start":{"line":145,"column":8},"end":{"line":149,"column":10}},"44":{"start":{"line":151,"column":8},"end":{"line":155,"column":10}},"45":{"start":{"line":158,"column":4},"end":{"line":158,"column":85}},"46":{"start":{"line":162,"column":24},"end":{"line":165,"column":27}}},"fnMap":{"0":{"name":"(anonymous_0)","decl":{"start":{"line":7,"column":24},"end":{"line":7,"column":25}},"loc":{"start":{"line":7,"column":45},"end":{"line":9,"column":1}},"line":7},"1":{"name":"(anonymous_1)","decl":{"start":{"line":11,"column":27},"end":{"line":11,"column":28}},"loc":{"start":{"line":11,"column":51},"end":{"line":25,"column":1}},"line":11},"2":{"name":"(anonymous_2)","decl":{"start":{"line":13,"column":27},"end":{"line":13,"column":28}},"loc":{"start":{"line":13,"column":34},"end":{"line":15,"column":5}},"line":13},"3":{"name":"(anonymous_3)","decl":{"start":{"line":16,"column":22},"end":{"line":16,"column":23}},"loc":{"start":{"line":16,"column":29},"end":{"line":18,"column":5}},"line":16},"4":{"name":"(anonymous_4)","decl":{"start":{"line":19,"column":18},"end":{"line":19,"column":19}},"loc":{"start":{"line":19,"column":28},"end":{"line":23,"column":5}},"line":19},"5":{"name":"(anonymous_5)","decl":{"start":{"line":28,"column":2},"end":{"line":28,"column":3}},"loc":{"start":{"line":28,"column":21},"end":{"line":49,"column":3}},"line":28},"6":{"name":"(anonymous_6)","decl":{"start":{"line":38,"column":20},"end":{"line":38,"column":21}},"loc":{"start":{"line":38,"column":37},"end":{"line":44,"column":5}},"line":38},"7":{"name":"(anonymous_7)","decl":{"start":{"line":45,"column":17},"end":{"line":45,"column":18}},"loc":{"start":{"line":45,"column":23},"end":{"line":45,"column":47}},"line":45},"8":{"name":"(anonymous_8)","decl":{"start":{"line":46,"column":28},"end":{"line":46,"column":29}},"loc":{"start":{"line":46,"column":41},"end":{"line":46,"column":72}},"line":46},"9":{"name":"(anonymous_9)","decl":{"start":{"line":47,"column":17},"end":{"line":47,"column":18}},"loc":{"start":{"line":47,"column":24},"end":{"line":47,"column":38}},"line":47},"10":{"name":"(anonymous_10)","decl":{"start":{"line":48,"column":19},"end":{"line":48,"column":20}},"loc":{"start":{"line":48,"column":26},"end":{"line":48,"column":42}},"line":48},"11":{"name":"(anonymous_11)","decl":{"start":{"line":50,"column":2},"end":{"line":50,"column":3}},"loc":{"start":{"line":50,"column":46},"end":{"line":53,"column":3}},"line":50},"12":{"name":"(anonymous_12)","decl":{"start":{"line":54,"column":2},"end":{"line":54,"column":3}},"loc":{"start":{"line":54,"column":50},"end":{"line":69,"column":3}},"line":54},"13":{"name":"(anonymous_13)","decl":{"start":{"line":70,"column":2},"end":{"line":70,"column":3}},"loc":{"start":{"line":70,"column":14},"end":{"line":73,"column":3}},"line":70},"14":{"name":"(anonymous_14)","decl":{"start":{"line":74,"column":2},"end":{"line":74,"column":3}},"loc":{"start":{"line":74,"column":12},"end":{"line":94,"column":3}},"line":74},"15":{"name":"(anonymous_15)","decl":{"start":{"line":95,"column":2},"end":{"line":95,"column":3}},"loc":{"start":{"line":95,"column":29},"end":{"line":103,"column":3}},"line":95},"16":{"name":"(anonymous_16)","decl":{"start":{"line":104,"column":2},"end":{"line":104,"column":3}},"loc":{"start":{"line":104,"column":10},"end":{"line":123,"column":3}},"line":104},"17":{"name":"handleTab","decl":{"start":{"line":133,"column":9},"end":{"line":133,"column":18}},"loc":{"start":{"line":133,"column":35},"end":{"line":159,"column":1}},"line":133}},"branchMap":{"0":{"loc":{"start":{"line":60,"column":4},"end":{"line":63,"column":5}},"type":"if","locations":[{"start":{"line":60,"column":4},"end":{"line":63,"column":5}},{"start":{"line":60,"column":4},"end":{"line":63,"column":5}}],"line":60},"1":{"loc":{"start":{"line":98,"column":4},"end":{"line":101,"column":5}},"type":"if","locations":[{"start":{"line":98,"column":4},"end":{"line":101,"column":5}},{"start":{"line":98,"column":4},"end":{"line":101,"column":5}}],"line":98},"2":{"loc":{"start":{"line":144,"column":4},"end":{"line":156,"column":5}},"type":"if","locations":[{"start":{"line":144,"column":4},"end":{"line":156,"column":5}},{"start":{"line":144,"column":4},"end":{"line":156,"column":5}}],"line":144}},"s":{"0":1,"1":0,"2":1,"3":0,"4":0,"5":0,"6":0,"7":0,"8":0,"9":0,"10":0,"11":0,"12":0,"13":0,"14":0,"15":0,"16":0,"17":0,"18":0,"19":0,"20":0,"21":0,"22":0,"23":0,"24":0,"25":0,"26":0,"27":0,"28":0,"29":0,"30":0,"31":0,"32":0,"33":0,"34":0,"35":0,"36":0,"37":0,"38":0,"39":0,"40":0,"41":0,"42":0,"43":0,"44":0,"45":0,"46":1},"f":{"0":0,"1":0,"2":0,"3":0,"4":0,"5":0,"6":0,"7":0,"8":0,"9":0,"10":0,"11":0,"12":0,"13":0,"14":0,"15":0,"16":0,"17":0},"b":{"0":[0,0],"1":[0,0],"2":[0,0]},"_coverageSchema":"332fd63041d2c1bcb487cc26dd0d5f7d97098a6c","hash":"fc1a11e96f590b3f760f612a6a9a6057d8f5644c"}
,"/Users/johnsmith/Dropbox/Projects/agnes-client-side/src/components/TreeNav/index.js": {"path":"/Users/johnsmith/Dropbox/Projects/agnes-client-side/src/components/TreeNav/index.js","statementMap":{"0":{"start":{"line":6,"column":24},"end":{"line":8,"column":1}},"1":{"start":{"line":7,"column":2},"end":{"line":7,"column":24}},"2":{"start":{"line":10,"column":27},"end":{"line":51,"column":1}},"3":{"start":{"line":11,"column":2},"end":{"line":50,"column":3}},"4":{"start":{"line":13,"column":8},"end":{"line":13,"column":28}},"5":{"start":{"line":14,"column":8},"end":{"line":14,"column":76}},"6":{"start":{"line":15,"column":8},"end":{"line":15,"column":54}},"7":{"start":{"line":18,"column":8},"end":{"line":18,"column":28}},"8":{"start":{"line":19,"column":8},"end":{"line":19,"column":60}},"9":{"start":{"line":20,"column":8},"end":{"line":20,"column":54}},"10":{"start":{"line":23,"column":8},"end":{"line":23,"column":28}},"11":{"start":{"line":24,"column":8},"end":{"line":24,"column":60}},"12":{"start":{"line":25,"column":8},"end":{"line":25,"column":54}},"13":{"start":{"line":28,"column":8},"end":{"line":28,"column":28}},"14":{"start":{"line":30,"column":21},"end":{"line":30,"column":74}},"15":{"start":{"line":31,"column":8},"end":{"line":33,"column":9}},"16":{"start":{"line":32,"column":10},"end":{"line":32,"column":111}},"17":{"start":{"line":36,"column":8},"end":{"line":36,"column":54}},"18":{"start":{"line":39,"column":8},"end":{"line":39,"column":28}},"19":{"start":{"line":41,"column":8},"end":{"line":41,"column":71}},"20":{"start":{"line":42,"column":8},"end":{"line":42,"column":54}},"21":{"start":{"line":45,"column":8},"end":{"line":45,"column":28}},"22":{"start":{"line":47,"column":8},"end":{"line":47,"column":68}},"23":{"start":{"line":48,"column":8},"end":{"line":48,"column":54}},"24":{"start":{"line":53,"column":25},"end":{"line":213,"column":1}},"25":{"start":{"line":54,"column":2},"end":{"line":211,"column":8}},"26":{"start":{"line":60,"column":26},"end":{"line":60,"column":87}},"27":{"start":{"line":70,"column":26},"end":{"line":70,"column":87}},"28":{"start":{"line":80,"column":26},"end":{"line":80,"column":88}},"29":{"start":{"line":92,"column":26},"end":{"line":92,"column":81}},"30":{"start":{"line":101,"column":26},"end":{"line":101,"column":81}},"31":{"start":{"line":110,"column":26},"end":{"line":110,"column":79}},"32":{"start":{"line":125,"column":26},"end":{"line":125,"column":94}},"33":{"start":{"line":136,"column":26},"end":{"line":136,"column":86}},"34":{"start":{"line":147,"column":26},"end":{"line":147,"column":85}},"35":{"start":{"line":157,"column":26},"end":{"line":157,"column":83}},"36":{"start":{"line":167,"column":26},"end":{"line":167,"column":85}},"37":{"start":{"line":216,"column":16},"end":{"line":219,"column":19}}},"fnMap":{"0":{"name":"(anonymous_0)","decl":{"start":{"line":6,"column":24},"end":{"line":6,"column":25}},"loc":{"start":{"line":6,"column":45},"end":{"line":8,"column":1}},"line":6},"1":{"name":"(anonymous_1)","decl":{"start":{"line":10,"column":27},"end":{"line":10,"column":28}},"loc":{"start":{"line":10,"column":51},"end":{"line":51,"column":1}},"line":10},"2":{"name":"(anonymous_2)","decl":{"start":{"line":12,"column":19},"end":{"line":12,"column":20}},"loc":{"start":{"line":12,"column":57},"end":{"line":16,"column":5}},"line":12},"3":{"name":"(anonymous_3)","decl":{"start":{"line":17,"column":20},"end":{"line":17,"column":21}},"loc":{"start":{"line":17,"column":46},"end":{"line":21,"column":5}},"line":17},"4":{"name":"(anonymous_4)","decl":{"start":{"line":22,"column":20},"end":{"line":22,"column":21}},"loc":{"start":{"line":22,"column":46},"end":{"line":26,"column":5}},"line":22},"5":{"name":"(anonymous_5)","decl":{"start":{"line":27,"column":18},"end":{"line":27,"column":19}},"loc":{"start":{"line":27,"column":44},"end":{"line":37,"column":5}},"line":27},"6":{"name":"(anonymous_6)","decl":{"start":{"line":38,"column":18},"end":{"line":38,"column":19}},"loc":{"start":{"line":38,"column":54},"end":{"line":43,"column":5}},"line":38},"7":{"name":"(anonymous_7)","decl":{"start":{"line":44,"column":16},"end":{"line":44,"column":17}},"loc":{"start":{"line":44,"column":51},"end":{"line":49,"column":5}},"line":44},"8":{"name":"(anonymous_8)","decl":{"start":{"line":53,"column":25},"end":{"line":53,"column":26}},"loc":{"start":{"line":54,"column":2},"end":{"line":211,"column":8}},"line":54},"9":{"name":"(anonymous_9)","decl":{"start":{"line":60,"column":19},"end":{"line":60,"column":20}},"loc":{"start":{"line":60,"column":26},"end":{"line":60,"column":87}},"line":60},"10":{"name":"(anonymous_10)","decl":{"start":{"line":70,"column":19},"end":{"line":70,"column":20}},"loc":{"start":{"line":70,"column":26},"end":{"line":70,"column":87}},"line":70},"11":{"name":"(anonymous_11)","decl":{"start":{"line":80,"column":19},"end":{"line":80,"column":20}},"loc":{"start":{"line":80,"column":26},"end":{"line":80,"column":88}},"line":80},"12":{"name":"(anonymous_12)","decl":{"start":{"line":92,"column":19},"end":{"line":92,"column":20}},"loc":{"start":{"line":92,"column":26},"end":{"line":92,"column":81}},"line":92},"13":{"name":"(anonymous_13)","decl":{"start":{"line":101,"column":19},"end":{"line":101,"column":20}},"loc":{"start":{"line":101,"column":26},"end":{"line":101,"column":81}},"line":101},"14":{"name":"(anonymous_14)","decl":{"start":{"line":110,"column":19},"end":{"line":110,"column":20}},"loc":{"start":{"line":110,"column":26},"end":{"line":110,"column":79}},"line":110},"15":{"name":"(anonymous_15)","decl":{"start":{"line":125,"column":19},"end":{"line":125,"column":20}},"loc":{"start":{"line":125,"column":26},"end":{"line":125,"column":94}},"line":125},"16":{"name":"(anonymous_16)","decl":{"start":{"line":136,"column":19},"end":{"line":136,"column":20}},"loc":{"start":{"line":136,"column":26},"end":{"line":136,"column":86}},"line":136},"17":{"name":"(anonymous_17)","decl":{"start":{"line":147,"column":19},"end":{"line":147,"column":20}},"loc":{"start":{"line":147,"column":26},"end":{"line":147,"column":85}},"line":147},"18":{"name":"(anonymous_18)","decl":{"start":{"line":157,"column":19},"end":{"line":157,"column":20}},"loc":{"start":{"line":157,"column":26},"end":{"line":157,"column":83}},"line":157},"19":{"name":"(anonymous_19)","decl":{"start":{"line":167,"column":19},"end":{"line":167,"column":20}},"loc":{"start":{"line":167,"column":26},"end":{"line":167,"column":85}},"line":167}},"branchMap":{"0":{"loc":{"start":{"line":31,"column":8},"end":{"line":33,"column":9}},"type":"if","locations":[{"start":{"line":31,"column":8},"end":{"line":33,"column":9}},{"start":{"line":31,"column":8},"end":{"line":33,"column":9}}],"line":31}},"s":{"0":1,"1":0,"2":1,"3":0,"4":0,"5":0,"6":0,"7":0,"8":0,"9":0,"10":0,"11":0,"12":0,"13":0,"14":0,"15":0,"16":0,"17":0,"18":0,"19":0,"20":0,"21":0,"22":0,"23":0,"24":1,"25":0,"26":0,"27":0,"28":0,"29":0,"30":0,"31":0,"32":0,"33":0,"34":0,"35":0,"36":0,"37":1},"f":{"0":0,"1":0,"2":0,"3":0,"4":0,"5":0,"6":0,"7":0,"8":0,"9":0,"10":0,"11":0,"12":0,"13":0,"14":0,"15":0,"16":0,"17":0,"18":0,"19":0},"b":{"0":[0,0]},"_coverageSchema":"332fd63041d2c1bcb487cc26dd0d5f7d97098a6c","hash":"9bef093443f7f4665ae113e2e4740f4eed3fac25"}
,"/Users/johnsmith/Dropbox/Projects/agnes-client-side/src/components/TwoPanes/index.js": {"path":"/Users/johnsmith/Dropbox/Projects/agnes-client-side/src/components/TwoPanes/index.js","statementMap":{"0":{"start":{"line":10,"column":5},"end":{"line":10,"column":18}},"1":{"start":{"line":12,"column":5},"end":{"line":15,"column":6}},"2":{"start":{"line":22,"column":4},"end":{"line":30,"column":5}},"3":{"start":{"line":23,"column":6},"end":{"line":25,"column":9}},"4":{"start":{"line":27,"column":6},"end":{"line":29,"column":9}},"5":{"start":{"line":33,"column":4},"end":{"line":35,"column":7}},"6":{"start":{"line":39,"column":4},"end":{"line":43,"column":5}},"7":{"start":{"line":41,"column":6},"end":{"line":41,"column":43}},"8":{"start":{"line":46,"column":4},"end":{"line":81,"column":5}}},"fnMap":{"0":{"name":"(anonymous_0)","decl":{"start":{"line":9,"column":2},"end":{"line":9,"column":3}},"loc":{"start":{"line":9,"column":21},"end":{"line":17,"column":3}},"line":9},"1":{"name":"(anonymous_1)","decl":{"start":{"line":18,"column":2},"end":{"line":18,"column":3}},"loc":{"start":{"line":18,"column":22},"end":{"line":20,"column":3}},"line":18},"2":{"name":"(anonymous_2)","decl":{"start":{"line":21,"column":2},"end":{"line":21,"column":3}},"loc":{"start":{"line":21,"column":14},"end":{"line":31,"column":3}},"line":21},"3":{"name":"(anonymous_3)","decl":{"start":{"line":32,"column":2},"end":{"line":32,"column":3}},"loc":{"start":{"line":32,"column":11},"end":{"line":36,"column":3}},"line":32},"4":{"name":"(anonymous_4)","decl":{"start":{"line":38,"column":2},"end":{"line":38,"column":3}},"loc":{"start":{"line":38,"column":11},"end":{"line":44,"column":3}},"line":38},"5":{"name":"(anonymous_5)","decl":{"start":{"line":45,"column":2},"end":{"line":45,"column":3}},"loc":{"start":{"line":45,"column":10},"end":{"line":82,"column":3}},"line":45}},"branchMap":{"0":{"loc":{"start":{"line":22,"column":4},"end":{"line":30,"column":5}},"type":"if","locations":[{"start":{"line":22,"column":4},"end":{"line":30,"column":5}},{"start":{"line":22,"column":4},"end":{"line":30,"column":5}}],"line":22},"1":{"loc":{"start":{"line":39,"column":4},"end":{"line":43,"column":5}},"type":"if","locations":[{"start":{"line":39,"column":4},"end":{"line":43,"column":5}},{"start":{"line":39,"column":4},"end":{"line":43,"column":5}}],"line":39},"2":{"loc":{"start":{"line":39,"column":7},"end":{"line":39,"column":80}},"type":"binary-expr","locations":[{"start":{"line":39,"column":7},"end":{"line":39,"column":26}},{"start":{"line":39,"column":30},"end":{"line":39,"column":42}},{"start":{"line":39,"column":46},"end":{"line":39,"column":80}}],"line":39},"3":{"loc":{"start":{"line":74,"column":22},"end":{"line":74,"column":60}},"type":"cond-expr","locations":[{"start":{"line":74,"column":44},"end":{"line":74,"column":51}},{"start":{"line":74,"column":54},"end":{"line":74,"column":60}}],"line":74}},"s":{"0":0,"1":0,"2":0,"3":0,"4":0,"5":0,"6":0,"7":0,"8":0},"f":{"0":0,"1":0,"2":0,"3":0,"4":0,"5":0},"b":{"0":[0,0],"1":[0,0],"2":[0,0,0],"3":[0,0]},"_coverageSchema":"332fd63041d2c1bcb487cc26dd0d5f7d97098a6c","hash":"34a3d66fbc478c3408344792ed1c4a5b92a4b833"}
,"/Users/johnsmith/Dropbox/Projects/agnes-client-side/src/reducers/dummy.js": {"path":"/Users/johnsmith/Dropbox/Projects/agnes-client-side/src/reducers/dummy.js","statementMap":{"0":{"start":{"line":2,"column":40},"end":{"line":55,"column":1}},"1":{"start":{"line":58,"column":35},"end":{"line":67,"column":1}},"2":{"start":{"line":59,"column":10},"end":{"line":59,"column":12}},"3":{"start":{"line":60,"column":2},"end":{"line":65,"column":3}},"4":{"start":{"line":61,"column":4},"end":{"line":61,"column":43}},"5":{"start":{"line":62,"column":4},"end":{"line":64,"column":5}},"6":{"start":{"line":63,"column":6},"end":{"line":63,"column":63}},"7":{"start":{"line":66,"column":2},"end":{"line":66,"column":11}},"8":{"start":{"line":69,"column":29},"end":{"line":77,"column":1}},"9":{"start":{"line":70,"column":10},"end":{"line":70,"column":12}},"10":{"start":{"line":72,"column":2},"end":{"line":74,"column":3}},"11":{"start":{"line":73,"column":4},"end":{"line":73,"column":67}},"12":{"start":{"line":76,"column":2},"end":{"line":76,"column":11}},"13":{"start":{"line":78,"column":24},"end":{"line":89,"column":1}},"14":{"start":{"line":79,"column":15},"end":{"line":82,"column":3}},"15":{"start":{"line":83,"column":2},"end":{"line":87,"column":3}},"16":{"start":{"line":84,"column":4},"end":{"line":84,"column":30}},"17":{"start":{"line":85,"column":9},"end":{"line":87,"column":3}},"18":{"start":{"line":86,"column":4},"end":{"line":86,"column":45}},"19":{"start":{"line":88,"column":2},"end":{"line":88,"column":15}},"20":{"start":{"line":94,"column":21},"end":{"line":109,"column":1}},"21":{"start":{"line":95,"column":18},"end":{"line":97,"column":3}},"22":{"start":{"line":98,"column":2},"end":{"line":104,"column":3}},"23":{"start":{"line":99,"column":4},"end":{"line":99,"column":34}},"24":{"start":{"line":100,"column":9},"end":{"line":104,"column":3}},"25":{"start":{"line":101,"column":4},"end":{"line":101,"column":36}},"26":{"start":{"line":103,"column":4},"end":{"line":103,"column":28}},"27":{"start":{"line":106,"column":2},"end":{"line":106,"column":29}},"28":{"start":{"line":108,"column":2},"end":{"line":108,"column":18}},"29":{"start":{"line":111,"column":21},"end":{"line":111,"column":56}},"30":{"start":{"line":113,"column":19},"end":{"line":113,"column":43}},"31":{"start":{"line":114,"column":19},"end":{"line":114,"column":43}},"32":{"start":{"line":115,"column":19},"end":{"line":115,"column":58}},"33":{"start":{"line":116,"column":19},"end":{"line":116,"column":43}},"34":{"start":{"line":118,"column":17},"end":{"line":118,"column":41}},"35":{"start":{"line":119,"column":17},"end":{"line":119,"column":95}},"36":{"start":{"line":120,"column":17},"end":{"line":120,"column":41}},"37":{"start":{"line":121,"column":17},"end":{"line":121,"column":41}},"38":{"start":{"line":123,"column":25},"end":{"line":133,"column":1}},"39":{"start":{"line":135,"column":30},"end":{"line":144,"column":1}}},"fnMap":{"0":{"name":"(anonymous_0)","decl":{"start":{"line":58,"column":35},"end":{"line":58,"column":36}},"loc":{"start":{"line":58,"column":50},"end":{"line":67,"column":1}},"line":58},"1":{"name":"(anonymous_1)","decl":{"start":{"line":69,"column":29},"end":{"line":69,"column":30}},"loc":{"start":{"line":69,"column":44},"end":{"line":77,"column":1}},"line":69},"2":{"name":"(anonymous_2)","decl":{"start":{"line":78,"column":24},"end":{"line":78,"column":25}},"loc":{"start":{"line":78,"column":45},"end":{"line":89,"column":1}},"line":78},"3":{"name":"(anonymous_3)","decl":{"start":{"line":94,"column":21},"end":{"line":94,"column":22}},"loc":{"start":{"line":94,"column":41},"end":{"line":109,"column":1}},"line":94}},"branchMap":{"0":{"loc":{"start":{"line":62,"column":4},"end":{"line":64,"column":5}},"type":"if","locations":[{"start":{"line":62,"column":4},"end":{"line":64,"column":5}},{"start":{"line":62,"column":4},"end":{"line":64,"column":5}}],"line":62},"1":{"loc":{"start":{"line":83,"column":2},"end":{"line":87,"column":3}},"type":"if","locations":[{"start":{"line":83,"column":2},"end":{"line":87,"column":3}},{"start":{"line":83,"column":2},"end":{"line":87,"column":3}}],"line":83},"2":{"loc":{"start":{"line":85,"column":9},"end":{"line":87,"column":3}},"type":"if","locations":[{"start":{"line":85,"column":9},"end":{"line":87,"column":3}},{"start":{"line":85,"column":9},"end":{"line":87,"column":3}}],"line":85},"3":{"loc":{"start":{"line":98,"column":2},"end":{"line":104,"column":3}},"type":"if","locations":[{"start":{"line":98,"column":2},"end":{"line":104,"column":3}},{"start":{"line":98,"column":2},"end":{"line":104,"column":3}}],"line":98},"4":{"loc":{"start":{"line":100,"column":9},"end":{"line":104,"column":3}},"type":"if","locations":[{"start":{"line":100,"column":9},"end":{"line":104,"column":3}},{"start":{"line":100,"column":9},"end":{"line":104,"column":3}}],"line":100}},"s":{"0":3,"1":3,"2":4,"3":4,"4":20,"5":20,"6":2,"7":4,"8":3,"9":6,"10":6,"11":30,"12":6,"13":3,"14":30,"15":30,"16":27,"17":3,"18":3,"19":30,"20":3,"21":30,"22":30,"23":6,"24":24,"25":3,"26":21,"27":30,"28":30,"29":3,"30":3,"31":3,"32":3,"33":3,"34":3,"35":3,"36":3,"37":3,"38":3,"39":3},"f":{"0":4,"1":6,"2":30,"3":30},"b":{"0":[2,18],"1":[27,3],"2":[3,0],"3":[6,24],"4":[3,21]},"_coverageSchema":"332fd63041d2c1bcb487cc26dd0d5f7d97098a6c","hash":"545cff3b34d5478152e3b6f46207af2398592aef"}
,"/Users/johnsmith/Dropbox/Projects/agnes-client-side/src/reducers/fetchFileName.js": {"path":"/Users/johnsmith/Dropbox/Projects/agnes-client-side/src/reducers/fetchFileName.js","statementMap":{"0":{"start":{"line":5,"column":22},"end":{"line":14,"column":1}},"1":{"start":{"line":6,"column":2},"end":{"line":13,"column":3}},"2":{"start":{"line":8,"column":6},"end":{"line":10,"column":7}},"3":{"start":{"line":12,"column":6},"end":{"line":12,"column":18}}},"fnMap":{"0":{"name":"(anonymous_0)","decl":{"start":{"line":5,"column":22},"end":{"line":5,"column":23}},"loc":{"start":{"line":5,"column":66},"end":{"line":14,"column":1}},"line":5}},"branchMap":{"0":{"loc":{"start":{"line":5,"column":23},"end":{"line":5,"column":53}},"type":"default-arg","locations":[{"start":{"line":5,"column":31},"end":{"line":5,"column":53}}],"line":5},"1":{"loc":{"start":{"line":6,"column":2},"end":{"line":13,"column":3}},"type":"switch","locations":[{"start":{"line":7,"column":4},"end":{"line":10,"column":7}},{"start":{"line":11,"column":4},"end":{"line":12,"column":18}}],"line":6}},"s":{"0":1,"1":3,"2":0,"3":3},"f":{"0":3},"b":{"0":[3],"1":[0,3]},"_coverageSchema":"332fd63041d2c1bcb487cc26dd0d5f7d97098a6c","hash":"877b7f1a9f7f394e52d09565b974642dd6487857"}
,"/Users/johnsmith/Dropbox/Projects/agnes-client-side/src/reducers/index.js": {"path":"/Users/johnsmith/Dropbox/Projects/agnes-client-side/src/reducers/index.js","statementMap":{"0":{"start":{"line":6,"column":25},"end":{"line":9,"column":2}}},"fnMap":{},"branchMap":{},"s":{"0":1},"f":{},"b":{},"_coverageSchema":"332fd63041d2c1bcb487cc26dd0d5f7d97098a6c","hash":"314f01b72af4ddb97408a32d6cc46306f14d1a12"}
,"/Users/johnsmith/Dropbox/Projects/agnes-client-side/src/reducers/treeState.js": {"path":"/Users/johnsmith/Dropbox/Projects/agnes-client-side/src/reducers/treeState.js","statementMap":{"0":{"start":{"line":20,"column":23},"end":{"line":27,"column":1}},"1":{"start":{"line":38,"column":26},"end":{"line":58,"column":1}},"2":{"start":{"line":41,"column":2},"end":{"line":41,"column":68}},"3":{"start":{"line":44,"column":4},"end":{"line":56,"column":6}},"4":{"start":{"line":45,"column":8},"end":{"line":55,"column":9}},"5":{"start":{"line":46,"column":12},"end":{"line":48,"column":13}},"6":{"start":{"line":49,"column":15},"end":{"line":55,"column":9}},"7":{"start":{"line":50,"column":10},"end":{"line":52,"column":11}},"8":{"start":{"line":54,"column":10},"end":{"line":54,"column":23}},"9":{"start":{"line":60,"column":21},"end":{"line":90,"column":1}},"10":{"start":{"line":64,"column":2},"end":{"line":68,"column":3}},"11":{"start":{"line":72,"column":4},"end":{"line":88,"column":6}},"12":{"start":{"line":74,"column":8},"end":{"line":87,"column":9}},"13":{"start":{"line":77,"column":10},"end":{"line":79,"column":11}},"14":{"start":{"line":80,"column":15},"end":{"line":87,"column":9}},"15":{"start":{"line":82,"column":10},"end":{"line":84,"column":11}},"16":{"start":{"line":86,"column":10},"end":{"line":86,"column":23}},"17":{"start":{"line":92,"column":18},"end":{"line":197,"column":1}},"18":{"start":{"line":93,"column":2},"end":{"line":196,"column":3}},"19":{"start":{"line":95,"column":4},"end":{"line":102,"column":7}},"20":{"start":{"line":104,"column":6},"end":{"line":110,"column":7}},"21":{"start":{"line":112,"column":6},"end":{"line":115,"column":7}},"22":{"start":{"line":117,"column":6},"end":{"line":123,"column":7}},"23":{"start":{"line":126,"column":16},"end":{"line":126,"column":41}},"24":{"start":{"line":127,"column":17},"end":{"line":127,"column":51}},"25":{"start":{"line":128,"column":15},"end":{"line":128,"column":47}},"26":{"start":{"line":132,"column":20},"end":{"line":132,"column":71}},"27":{"start":{"line":134,"column":6},"end":{"line":134,"column":88}},"28":{"start":{"line":136,"column":6},"end":{"line":142,"column":7}},"29":{"start":{"line":159,"column":6},"end":{"line":167,"column":7}},"30":{"start":{"line":171,"column":6},"end":{"line":171,"column":59}},"31":{"start":{"line":176,"column":6},"end":{"line":183,"column":9}},"32":{"start":{"line":186,"column":4},"end":{"line":192,"column":7}},"33":{"start":{"line":195,"column":6},"end":{"line":195,"column":18}},"34":{"start":{"line":250,"column":17},"end":{"line":273,"column":1}},"35":{"start":{"line":251,"column":2},"end":{"line":272,"column":3}},"36":{"start":{"line":253,"column":6},"end":{"line":255,"column":7}},"37":{"start":{"line":259,"column":18},"end":{"line":259,"column":37}},"38":{"start":{"line":260,"column":20},"end":{"line":260,"column":48}},"39":{"start":{"line":261,"column":18},"end":{"line":261,"column":44}},"40":{"start":{"line":265,"column":23},"end":{"line":265,"column":74}},"41":{"start":{"line":267,"column":8},"end":{"line":267,"column":78}},"42":{"start":{"line":269,"column":8},"end":{"line":269,"column":23}},"43":{"start":{"line":271,"column":6},"end":{"line":271,"column":18}}},"fnMap":{"0":{"name":"(anonymous_0)","decl":{"start":{"line":38,"column":26},"end":{"line":38,"column":27}},"loc":{"start":{"line":38,"column":60},"end":{"line":58,"column":1}},"line":38},"1":{"name":"processBranches","decl":{"start":{"line":43,"column":11},"end":{"line":43,"column":26}},"loc":{"start":{"line":43,"column":60},"end":{"line":57,"column":3}},"line":43},"2":{"name":"(anonymous_2)","decl":{"start":{"line":44,"column":25},"end":{"line":44,"column":26}},"loc":{"start":{"line":44,"column":35},"end":{"line":56,"column":5}},"line":44},"3":{"name":"(anonymous_3)","decl":{"start":{"line":60,"column":21},"end":{"line":60,"column":22}},"loc":{"start":{"line":60,"column":69},"end":{"line":90,"column":1}},"line":60},"4":{"name":"processBranches","decl":{"start":{"line":70,"column":11},"end":{"line":70,"column":26}},"loc":{"start":{"line":70,"column":56},"end":{"line":89,"column":3}},"line":70},"5":{"name":"(anonymous_5)","decl":{"start":{"line":72,"column":21},"end":{"line":72,"column":22}},"loc":{"start":{"line":72,"column":31},"end":{"line":88,"column":5}},"line":72},"6":{"name":"(anonymous_6)","decl":{"start":{"line":92,"column":18},"end":{"line":92,"column":19}},"loc":{"start":{"line":92,"column":54},"end":{"line":197,"column":1}},"line":92},"7":{"name":"(anonymous_7)","decl":{"start":{"line":250,"column":17},"end":{"line":250,"column":18}},"loc":{"start":{"line":250,"column":41},"end":{"line":273,"column":1}},"line":250}},"branchMap":{"0":{"loc":{"start":{"line":45,"column":8},"end":{"line":55,"column":9}},"type":"if","locations":[{"start":{"line":45,"column":8},"end":{"line":55,"column":9}},{"start":{"line":45,"column":8},"end":{"line":55,"column":9}}],"line":45},"1":{"loc":{"start":{"line":47,"column":35},"end":{"line":47,"column":74}},"type":"cond-expr","locations":[{"start":{"line":47,"column":62},"end":{"line":47,"column":66}},{"start":{"line":47,"column":69},"end":{"line":47,"column":74}}],"line":47},"2":{"loc":{"start":{"line":49,"column":15},"end":{"line":55,"column":9}},"type":"if","locations":[{"start":{"line":49,"column":15},"end":{"line":55,"column":9}},{"start":{"line":49,"column":15},"end":{"line":55,"column":9}}],"line":49},"3":{"loc":{"start":{"line":67,"column":18},"end":{"line":67,"column":62}},"type":"cond-expr","locations":[{"start":{"line":67,"column":33},"end":{"line":67,"column":41}},{"start":{"line":67,"column":44},"end":{"line":67,"column":62}}],"line":67},"4":{"loc":{"start":{"line":74,"column":8},"end":{"line":87,"column":9}},"type":"if","locations":[{"start":{"line":74,"column":8},"end":{"line":87,"column":9}},{"start":{"line":74,"column":8},"end":{"line":87,"column":9}}],"line":74},"5":{"loc":{"start":{"line":78,"column":33},"end":{"line":78,"column":72}},"type":"cond-expr","locations":[{"start":{"line":78,"column":60},"end":{"line":78,"column":64}},{"start":{"line":78,"column":67},"end":{"line":78,"column":72}}],"line":78},"6":{"loc":{"start":{"line":80,"column":15},"end":{"line":87,"column":9}},"type":"if","locations":[{"start":{"line":80,"column":15},"end":{"line":87,"column":9}},{"start":{"line":80,"column":15},"end":{"line":87,"column":9}}],"line":80},"7":{"loc":{"start":{"line":92,"column":19},"end":{"line":92,"column":41}},"type":"default-arg","locations":[{"start":{"line":92,"column":27},"end":{"line":92,"column":41}}],"line":92},"8":{"loc":{"start":{"line":93,"column":2},"end":{"line":196,"column":3}},"type":"switch","locations":[{"start":{"line":94,"column":4},"end":{"line":102,"column":7}},{"start":{"line":103,"column":4},"end":{"line":110,"column":7}},{"start":{"line":111,"column":4},"end":{"line":115,"column":7}},{"start":{"line":116,"column":4},"end":{"line":123,"column":7}},{"start":{"line":124,"column":4},"end":{"line":142,"column":7}},{"start":{"line":157,"column":4},"end":{"line":167,"column":7}},{"start":{"line":169,"column":4},"end":{"line":171,"column":59}},{"start":{"line":173,"column":4},"end":{"line":183,"column":9}},{"start":{"line":185,"column":4},"end":{"line":192,"column":7}},{"start":{"line":194,"column":4},"end":{"line":195,"column":18}}],"line":93},"9":{"loc":{"start":{"line":178,"column":24},"end":{"line":178,"column":94}},"type":"cond-expr","locations":[{"start":{"line":178,"column":52},"end":{"line":178,"column":73}},{"start":{"line":178,"column":76},"end":{"line":178,"column":94}}],"line":178},"10":{"loc":{"start":{"line":250,"column":18},"end":{"line":250,"column":28}},"type":"default-arg","locations":[{"start":{"line":250,"column":26},"end":{"line":250,"column":28}}],"line":250},"11":{"loc":{"start":{"line":251,"column":2},"end":{"line":272,"column":3}},"type":"switch","locations":[{"start":{"line":252,"column":4},"end":{"line":255,"column":7}},{"start":{"line":256,"column":4},"end":{"line":269,"column":23}},{"start":{"line":270,"column":4},"end":{"line":271,"column":18}}],"line":251}},"s":{"0":1,"1":1,"2":0,"3":0,"4":0,"5":0,"6":0,"7":0,"8":0,"9":1,"10":0,"11":0,"12":0,"13":0,"14":0,"15":0,"16":0,"17":1,"18":3,"19":0,"20":0,"21":0,"22":0,"23":0,"24":0,"25":0,"26":0,"27":0,"28":0,"29":0,"30":0,"31":0,"32":0,"33":3,"34":1,"35":0,"36":0,"37":0,"38":0,"39":0,"40":0,"41":0,"42":0,"43":0},"f":{"0":0,"1":0,"2":0,"3":0,"4":0,"5":0,"6":3,"7":0},"b":{"0":[0,0],"1":[0,0],"2":[0,0],"3":[0,0],"4":[0,0],"5":[0,0],"6":[0,0],"7":[3],"8":[0,0,0,0,0,0,0,0,0,3],"9":[0,0],"10":[0],"11":[0,0,0]},"_coverageSchema":"332fd63041d2c1bcb487cc26dd0d5f7d97098a6c","hash":"291392425782cde450781efb4ef5e9ead714c23e"}
}
