{"/Users/hitoi/Dropbox/Projects/agnes-client-side/src/App.js": {"path":"/Users/hitoi/Dropbox/Projects/agnes-client-side/src/App.js","statementMap":{"0":{"start":{"line":9,"column":12},"end":{"line":16,"column":1}},"1":{"start":{"line":11,"column":2},"end":{"line":15,"column":4}}},"fnMap":{"0":{"name":"(anonymous_0)","decl":{"start":{"line":9,"column":12},"end":{"line":9,"column":13}},"loc":{"start":{"line":9,"column":18},"end":{"line":16,"column":1}},"line":9}},"branchMap":{},"s":{"0":1,"1":1},"f":{"0":1},"b":{},"_coverageSchema":"332fd63041d2c1bcb487cc26dd0d5f7d97098a6c","hash":"8b965163b00486f1d1d715c981a53b228f10b80a"}
,"/Users/hitoi/Dropbox/Projects/agnes-client-side/src/router.js": {"path":"/Users/hitoi/Dropbox/Projects/agnes-client-side/src/router.js","statementMap":{"0":{"start":{"line":13,"column":24},"end":{"line":41,"column":1}},"1":{"start":{"line":43,"column":15},"end":{"line":47,"column":1}},"2":{"start":{"line":44,"column":2},"end":{"line":46,"column":4}}},"fnMap":{"0":{"name":"(anonymous_0)","decl":{"start":{"line":43,"column":15},"end":{"line":43,"column":16}},"loc":{"start":{"line":43,"column":21},"end":{"line":47,"column":1}},"line":43}},"branchMap":{},"s":{"0":1,"1":1,"2":0},"f":{"0":0},"b":{},"_coverageSchema":"332fd63041d2c1bcb487cc26dd0d5f7d97098a6c","hash":"d6349a5b902d917f0d2556d5e5b69a66e9e4fced"}
,"/Users/hitoi/Dropbox/Projects/agnes-client-side/src/sample-array.js": {"path":"/Users/hitoi/Dropbox/Projects/agnes-client-side/src/sample-array.js","statementMap":{"0":{"start":{"line":5,"column":24},"end":{"line":5,"column":315}},"1":{"start":{"line":10,"column":30},"end":{"line":10,"column":321}},"2":{"start":{"line":15,"column":25},"end":{"line":15,"column":3916}},"3":{"start":{"line":19,"column":32},"end":{"line":19,"column":3923}}},"fnMap":{},"branchMap":{},"s":{"0":1,"1":1,"2":1,"3":1},"f":{},"b":{},"_coverageSchema":"332fd63041d2c1bcb487cc26dd0d5f7d97098a6c","hash":"c6051c52e068d9754e83e01d5a7cd037ddaaeb6d"}
,"/Users/hitoi/Dropbox/Projects/agnes-client-side/src/sample.js": {"path":"/Users/hitoi/Dropbox/Projects/agnes-client-side/src/sample.js","statementMap":{"0":{"start":{"line":1,"column":28},"end":{"line":32,"column":1}},"1":{"start":{"line":2,"column":18},"end":{"line":10,"column":5}},"2":{"start":{"line":3,"column":6},"end":{"line":5,"column":7}},"3":{"start":{"line":4,"column":8},"end":{"line":4,"column":20}},"4":{"start":{"line":6,"column":22},"end":{"line":6,"column":42}},"5":{"start":{"line":7,"column":6},"end":{"line":7,"column":37}},"6":{"start":{"line":8,"column":6},"end":{"line":8,"column":48}},"7":{"start":{"line":9,"column":6},"end":{"line":9,"column":31}},"8":{"start":{"line":11,"column":12},"end":{"line":30,"column":5}},"9":{"start":{"line":12,"column":6},"end":{"line":14,"column":7}},"10":{"start":{"line":13,"column":8},"end":{"line":13,"column":20}},"11":{"start":{"line":15,"column":14},"end":{"line":15,"column":16}},"12":{"start":{"line":16,"column":6},"end":{"line":23,"column":7}},"13":{"start":{"line":17,"column":8},"end":{"line":17,"column":27}},"14":{"start":{"line":18,"column":8},"end":{"line":22,"column":9}},"15":{"start":{"line":19,"column":10},"end":{"line":19,"column":27}},"16":{"start":{"line":21,"column":10},"end":{"line":21,"column":27}},"17":{"start":{"line":24,"column":6},"end":{"line":28,"column":7}},"18":{"start":{"line":25,"column":8},"end":{"line":25,"column":24}},"19":{"start":{"line":26,"column":13},"end":{"line":28,"column":7}},"20":{"start":{"line":27,"column":8},"end":{"line":27,"column":24}},"21":{"start":{"line":29,"column":6},"end":{"line":29,"column":15}},"22":{"start":{"line":31,"column":4},"end":{"line":31,"column":24}}},"fnMap":{"0":{"name":"(anonymous_0)","decl":{"start":{"line":1,"column":28},"end":{"line":1,"column":29}},"loc":{"start":{"line":1,"column":39},"end":{"line":32,"column":1}},"line":1},"1":{"name":"(anonymous_1)","decl":{"start":{"line":2,"column":18},"end":{"line":2,"column":19}},"loc":{"start":{"line":2,"column":29},"end":{"line":10,"column":5}},"line":2},"2":{"name":"(anonymous_2)","decl":{"start":{"line":11,"column":12},"end":{"line":11,"column":13}},"loc":{"start":{"line":11,"column":29},"end":{"line":30,"column":5}},"line":11}},"branchMap":{"0":{"loc":{"start":{"line":3,"column":6},"end":{"line":5,"column":7}},"type":"if","locations":[{"start":{"line":3,"column":6},"end":{"line":5,"column":7}},{"start":{"line":3,"column":6},"end":{"line":5,"column":7}}],"line":3},"1":{"loc":{"start":{"line":12,"column":6},"end":{"line":14,"column":7}},"type":"if","locations":[{"start":{"line":12,"column":6},"end":{"line":14,"column":7}},{"start":{"line":12,"column":6},"end":{"line":14,"column":7}}],"line":12},"2":{"loc":{"start":{"line":16,"column":13},"end":{"line":16,"column":41}},"type":"binary-expr","locations":[{"start":{"line":16,"column":13},"end":{"line":16,"column":25}},{"start":{"line":16,"column":29},"end":{"line":16,"column":41}}],"line":16},"3":{"loc":{"start":{"line":18,"column":8},"end":{"line":22,"column":9}},"type":"if","locations":[{"start":{"line":18,"column":8},"end":{"line":22,"column":9}},{"start":{"line":18,"column":8},"end":{"line":22,"column":9}}],"line":18},"4":{"loc":{"start":{"line":24,"column":6},"end":{"line":28,"column":7}},"type":"if","locations":[{"start":{"line":24,"column":6},"end":{"line":28,"column":7}},{"start":{"line":24,"column":6},"end":{"line":28,"column":7}}],"line":24},"5":{"loc":{"start":{"line":26,"column":13},"end":{"line":28,"column":7}},"type":"if","locations":[{"start":{"line":26,"column":13},"end":{"line":28,"column":7}},{"start":{"line":26,"column":13},"end":{"line":28,"column":7}}],"line":26}},"s":{"0":1,"1":1,"2":1999,"3":1000,"4":999,"5":999,"6":999,"7":999,"8":1,"9":999,"10":0,"11":999,"12":999,"13":8709,"14":8709,"15":4322,"16":4387,"17":999,"18":517,"19":482,"20":482,"21":999,"22":1},"f":{"0":1,"1":1999,"2":999},"b":{"0":[1000,999],"1":[0,999],"2":[9708,9191],"3":[4322,4387],"4":[517,482],"5":[482,0]},"_coverageSchema":"332fd63041d2c1bcb487cc26dd0d5f7d97098a6c","hash":"4967421f28a184237f7be6bc1b6bca9bc43c3bf5"}
,"/Users/hitoi/Dropbox/Projects/agnes-client-side/src/store.js": {"path":"/Users/hitoi/Dropbox/Projects/agnes-client-side/src/store.js","statementMap":{"0":{"start":{"line":6,"column":15},"end":{"line":8,"column":2}},"1":{"start":{"line":10,"column":21},"end":{"line":12,"column":1}},"2":{"start":{"line":17,"column":19},"end":{"line":17,"column":27}},"3":{"start":{"line":19,"column":25},"end":{"line":19,"column":79}},"4":{"start":{"line":20,"column":14},"end":{"line":22,"column":4}}},"fnMap":{},"branchMap":{"0":{"loc":{"start":{"line":19,"column":25},"end":{"line":19,"column":79}},"type":"binary-expr","locations":[{"start":{"line":19,"column":25},"end":{"line":19,"column":68}},{"start":{"line":19,"column":72},"end":{"line":19,"column":79}}],"line":19}},"s":{"0":1,"1":1,"2":1,"3":1,"4":1},"f":{},"b":{"0":[1,1]},"_coverageSchema":"332fd63041d2c1bcb487cc26dd0d5f7d97098a6c","hash":"af152da119ca989e4997c054a35d6580b410e081"}
,"/Users/hitoi/Dropbox/Projects/agnes-client-side/src/actions/index.js": {"path":"/Users/hitoi/Dropbox/Projects/agnes-client-side/src/actions/index.js","statementMap":{"0":{"start":{"line":22,"column":30},"end":{"line":29,"column":1}},"1":{"start":{"line":23,"column":2},"end":{"line":28,"column":3}},"2":{"start":{"line":30,"column":30},"end":{"line":35,"column":1}},"3":{"start":{"line":31,"column":2},"end":{"line":34,"column":3}},"4":{"start":{"line":36,"column":27},"end":{"line":41,"column":1}},"5":{"start":{"line":37,"column":2},"end":{"line":40,"column":3}},"6":{"start":{"line":42,"column":32},"end":{"line":50,"column":1}},"7":{"start":{"line":43,"column":2},"end":{"line":49,"column":3}},"8":{"start":{"line":52,"column":21},"end":{"line":64,"column":1}},"9":{"start":{"line":53,"column":12},"end":{"line":53,"column":14}},"10":{"start":{"line":54,"column":13},"end":{"line":54,"column":51}},"11":{"start":{"line":56,"column":4},"end":{"line":58,"column":5}},"12":{"start":{"line":57,"column":14},"end":{"line":57,"column":16}},"13":{"start":{"line":60,"column":4},"end":{"line":62,"column":5}},"14":{"start":{"line":61,"column":8},"end":{"line":61,"column":60}},"15":{"start":{"line":63,"column":4},"end":{"line":63,"column":13}},"16":{"start":{"line":68,"column":33},"end":{"line":185,"column":1}},"17":{"start":{"line":71,"column":14},"end":{"line":71,"column":68}},"18":{"start":{"line":73,"column":19},"end":{"line":73,"column":52}},"19":{"start":{"line":74,"column":23},"end":{"line":74,"column":70}},"20":{"start":{"line":86,"column":2},"end":{"line":111,"column":3}},"21":{"start":{"line":90,"column":4},"end":{"line":90,"column":66}},"22":{"start":{"line":99,"column":9},"end":{"line":111,"column":3}},"23":{"start":{"line":103,"column":4},"end":{"line":103,"column":62}},"24":{"start":{"line":105,"column":9},"end":{"line":111,"column":3}},"25":{"start":{"line":106,"column":4},"end":{"line":106,"column":20}},"26":{"start":{"line":107,"column":4},"end":{"line":107,"column":50}},"27":{"start":{"line":127,"column":2},"end":{"line":134,"column":3}},"28":{"start":{"line":186,"column":18},"end":{"line":220,"column":1}},"29":{"start":{"line":189,"column":2},"end":{"line":219,"column":3}},"30":{"start":{"line":190,"column":4},"end":{"line":190,"column":66}},"31":{"start":{"line":192,"column":4},"end":{"line":218,"column":5}},"32":{"start":{"line":198,"column":10},"end":{"line":213,"column":11}},"33":{"start":{"line":200,"column":12},"end":{"line":204,"column":13}},"34":{"start":{"line":206,"column":17},"end":{"line":213,"column":11}},"35":{"start":{"line":207,"column":12},"end":{"line":210,"column":13}},"36":{"start":{"line":212,"column":12},"end":{"line":212,"column":25}},"37":{"start":{"line":221,"column":30},"end":{"line":226,"column":1}},"38":{"start":{"line":222,"column":2},"end":{"line":225,"column":3}},"39":{"start":{"line":227,"column":24},"end":{"line":242,"column":1}},"40":{"start":{"line":228,"column":18},"end":{"line":230,"column":3}},"41":{"start":{"line":231,"column":2},"end":{"line":237,"column":3}},"42":{"start":{"line":232,"column":4},"end":{"line":232,"column":34}},"43":{"start":{"line":233,"column":9},"end":{"line":237,"column":3}},"44":{"start":{"line":234,"column":4},"end":{"line":234,"column":36}},"45":{"start":{"line":236,"column":4},"end":{"line":236,"column":28}},"46":{"start":{"line":239,"column":2},"end":{"line":239,"column":29}},"47":{"start":{"line":241,"column":2},"end":{"line":241,"column":18}},"48":{"start":{"line":245,"column":32},"end":{"line":252,"column":1}},"49":{"start":{"line":246,"column":2},"end":{"line":251,"column":7}},"50":{"start":{"line":247,"column":4},"end":{"line":249,"column":5}},"51":{"start":{"line":248,"column":6},"end":{"line":248,"column":41}},"52":{"start":{"line":250,"column":4},"end":{"line":250,"column":14}},"53":{"start":{"line":254,"column":28},"end":{"line":299,"column":1}},"54":{"start":{"line":255,"column":15},"end":{"line":255,"column":48}},"55":{"start":{"line":256,"column":11},"end":{"line":256,"column":34}},"56":{"start":{"line":257,"column":9},"end":{"line":257,"column":20}},"57":{"start":{"line":258,"column":11},"end":{"line":258,"column":39}},"58":{"start":{"line":263,"column":2},"end":{"line":267,"column":3}},"59":{"start":{"line":264,"column":4},"end":{"line":266,"column":5}},"60":{"start":{"line":269,"column":2},"end":{"line":275,"column":3}},"61":{"start":{"line":270,"column":4},"end":{"line":270,"column":35}},"62":{"start":{"line":271,"column":9},"end":{"line":275,"column":3}},"63":{"start":{"line":272,"column":4},"end":{"line":272,"column":62}},"64":{"start":{"line":274,"column":4},"end":{"line":274,"column":62}},"65":{"start":{"line":289,"column":2},"end":{"line":297,"column":3}},"66":{"start":{"line":301,"column":3},"end":{"line":301,"column":55}},"67":{"start":{"line":303,"column":39},"end":{"line":325,"column":1}},"68":{"start":{"line":304,"column":15},"end":{"line":306,"column":5}},"69":{"start":{"line":305,"column":5},"end":{"line":305,"column":40}},"70":{"start":{"line":307,"column":3},"end":{"line":323,"column":4}},"71":{"start":{"line":308,"column":5},"end":{"line":311,"column":6}},"72":{"start":{"line":312,"column":10},"end":{"line":323,"column":4}},"73":{"start":{"line":313,"column":5},"end":{"line":318,"column":6}},"74":{"start":{"line":316,"column":9},"end":{"line":316,"column":60}},"75":{"start":{"line":320,"column":5},"end":{"line":322,"column":6}},"76":{"start":{"line":327,"column":26},"end":{"line":421,"column":1}},"77":{"start":{"line":328,"column":15},"end":{"line":328,"column":48}},"78":{"start":{"line":329,"column":11},"end":{"line":329,"column":34}},"79":{"start":{"line":330,"column":9},"end":{"line":330,"column":20}},"80":{"start":{"line":331,"column":11},"end":{"line":331,"column":39}},"81":{"start":{"line":337,"column":2},"end":{"line":415,"column":3}},"82":{"start":{"line":338,"column":4},"end":{"line":356,"column":5}},"83":{"start":{"line":339,"column":6},"end":{"line":341,"column":7}},"84":{"start":{"line":343,"column":6},"end":{"line":343,"column":75}},"85":{"start":{"line":344,"column":23},"end":{"line":344,"column":61}},"86":{"start":{"line":346,"column":24},"end":{"line":346,"column":59}},"87":{"start":{"line":348,"column":6},"end":{"line":349,"column":58}},"88":{"start":{"line":352,"column":6},"end":{"line":355,"column":7}},"89":{"start":{"line":357,"column":9},"end":{"line":415,"column":3}},"90":{"start":{"line":362,"column":4},"end":{"line":379,"column":5}},"91":{"start":{"line":363,"column":6},"end":{"line":365,"column":7}},"92":{"start":{"line":367,"column":6},"end":{"line":367,"column":75}},"93":{"start":{"line":369,"column":25},"end":{"line":369,"column":59}},"94":{"start":{"line":370,"column":6},"end":{"line":370,"column":42}},"95":{"start":{"line":371,"column":6},"end":{"line":371,"column":49}},"96":{"start":{"line":375,"column":6},"end":{"line":378,"column":7}},"97":{"start":{"line":380,"column":9},"end":{"line":415,"column":3}},"98":{"start":{"line":381,"column":4},"end":{"line":396,"column":5}},"99":{"start":{"line":382,"column":6},"end":{"line":384,"column":7}},"100":{"start":{"line":386,"column":6},"end":{"line":386,"column":75}},"101":{"start":{"line":388,"column":25},"end":{"line":388,"column":54}},"102":{"start":{"line":389,"column":6},"end":{"line":389,"column":42}},"103":{"start":{"line":390,"column":6},"end":{"line":390,"column":46}},"104":{"start":{"line":392,"column":6},"end":{"line":395,"column":7}},"105":{"start":{"line":398,"column":9},"end":{"line":415,"column":3}},"106":{"start":{"line":399,"column":4},"end":{"line":414,"column":5}},"107":{"start":{"line":400,"column":6},"end":{"line":402,"column":7}},"108":{"start":{"line":404,"column":6},"end":{"line":404,"column":75}},"109":{"start":{"line":406,"column":25},"end":{"line":406,"column":54}},"110":{"start":{"line":407,"column":6},"end":{"line":407,"column":42}},"111":{"start":{"line":408,"column":6},"end":{"line":408,"column":46}},"112":{"start":{"line":410,"column":6},"end":{"line":413,"column":7}},"113":{"start":{"line":418,"column":2},"end":{"line":420,"column":3}},"114":{"start":{"line":422,"column":27},"end":{"line":440,"column":1}},"115":{"start":{"line":423,"column":15},"end":{"line":436,"column":3}},"116":{"start":{"line":425,"column":6},"end":{"line":425,"column":46}},"117":{"start":{"line":428,"column":6},"end":{"line":428,"column":46}},"118":{"start":{"line":431,"column":6},"end":{"line":431,"column":43}},"119":{"start":{"line":434,"column":6},"end":{"line":434,"column":44}},"120":{"start":{"line":437,"column":2},"end":{"line":439,"column":3}},"121":{"start":{"line":445,"column":2},"end":{"line":449,"column":3}},"122":{"start":{"line":446,"column":4},"end":{"line":446,"column":11}},"123":{"start":{"line":448,"column":4},"end":{"line":448,"column":45}},"124":{"start":{"line":450,"column":2},"end":{"line":450,"column":11}},"125":{"start":{"line":452,"column":4},"end":{"line":459,"column":5}},"126":{"start":{"line":453,"column":6},"end":{"line":458,"column":7}},"127":{"start":{"line":454,"column":8},"end":{"line":454,"column":21}},"128":{"start":{"line":455,"column":8},"end":{"line":455,"column":13}},"129":{"start":{"line":456,"column":13},"end":{"line":458,"column":7}},"130":{"start":{"line":457,"column":8},"end":{"line":457,"column":54}},"131":{"start":{"line":472,"column":2},"end":{"line":472,"column":25}},"132":{"start":{"line":474,"column":38},"end":{"line":491,"column":1}},"133":{"start":{"line":476,"column":2},"end":{"line":489,"column":3}},"134":{"start":{"line":477,"column":4},"end":{"line":477,"column":16}},"135":{"start":{"line":479,"column":17},"end":{"line":479,"column":21}},"136":{"start":{"line":480,"column":4},"end":{"line":487,"column":5}},"137":{"start":{"line":481,"column":6},"end":{"line":486,"column":7}},"138":{"start":{"line":482,"column":8},"end":{"line":482,"column":45}},"139":{"start":{"line":485,"column":8},"end":{"line":485,"column":41}},"140":{"start":{"line":488,"column":4},"end":{"line":488,"column":17}},"141":{"start":{"line":492,"column":38},"end":{"line":511,"column":1}},"142":{"start":{"line":493,"column":15},"end":{"line":493,"column":44}},"143":{"start":{"line":496,"column":2},"end":{"line":508,"column":3}},"144":{"start":{"line":497,"column":4},"end":{"line":497,"column":16}},"145":{"start":{"line":499,"column":17},"end":{"line":499,"column":21}},"146":{"start":{"line":500,"column":4},"end":{"line":506,"column":5}},"147":{"start":{"line":501,"column":6},"end":{"line":505,"column":7}},"148":{"start":{"line":502,"column":8},"end":{"line":502,"column":45}},"149":{"start":{"line":504,"column":8},"end":{"line":504,"column":41}},"150":{"start":{"line":507,"column":4},"end":{"line":507,"column":17}},"151":{"start":{"line":512,"column":33},"end":{"line":521,"column":1}},"152":{"start":{"line":513,"column":2},"end":{"line":520,"column":3}},"153":{"start":{"line":514,"column":4},"end":{"line":514,"column":15}},"154":{"start":{"line":517,"column":21},"end":{"line":517,"column":39}},"155":{"start":{"line":519,"column":4},"end":{"line":519,"column":47}},"156":{"start":{"line":522,"column":33},"end":{"line":530,"column":1}},"157":{"start":{"line":523,"column":15},"end":{"line":523,"column":19}},"158":{"start":{"line":524,"column":2},"end":{"line":526,"column":3}},"159":{"start":{"line":525,"column":4},"end":{"line":525,"column":37}},"160":{"start":{"line":527,"column":2},"end":{"line":529,"column":3}},"161":{"start":{"line":531,"column":29},"end":{"line":606,"column":1}},"162":{"start":{"line":537,"column":9},"end":{"line":537,"column":11}},"163":{"start":{"line":538,"column":2},"end":{"line":538,"column":37}},"164":{"start":{"line":539,"column":2},"end":{"line":539,"column":38}},"165":{"start":{"line":540,"column":2},"end":{"line":540,"column":51}},"166":{"start":{"line":540,"column":27},"end":{"line":540,"column":48}},"167":{"start":{"line":543,"column":2},"end":{"line":546,"column":3}},"168":{"start":{"line":550,"column":4},"end":{"line":570,"column":5}},"169":{"start":{"line":554,"column":6},"end":{"line":569,"column":7}},"170":{"start":{"line":556,"column":8},"end":{"line":556,"column":49}},"171":{"start":{"line":559,"column":8},"end":{"line":559,"column":41}},"172":{"start":{"line":560,"column":8},"end":{"line":560,"column":24}},"173":{"start":{"line":562,"column":8},"end":{"line":562,"column":13}},"174":{"start":{"line":565,"column":13},"end":{"line":569,"column":7}},"175":{"start":{"line":566,"column":8},"end":{"line":568,"column":9}},"176":{"start":{"line":567,"column":10},"end":{"line":567,"column":87}},"177":{"start":{"line":608,"column":26},"end":{"line":633,"column":1}},"178":{"start":{"line":613,"column":21},"end":{"line":613,"column":55}},"179":{"start":{"line":615,"column":2},"end":{"line":620,"column":3}},"180":{"start":{"line":617,"column":4},"end":{"line":619,"column":5}},"181":{"start":{"line":625,"column":2},"end":{"line":632,"column":3}},"182":{"start":{"line":627,"column":4},"end":{"line":627,"column":107}},"183":{"start":{"line":629,"column":4},"end":{"line":631,"column":5}},"184":{"start":{"line":634,"column":26},"end":{"line":655,"column":1}},"185":{"start":{"line":640,"column":21},"end":{"line":640,"column":55}},"186":{"start":{"line":641,"column":2},"end":{"line":646,"column":3}},"187":{"start":{"line":643,"column":4},"end":{"line":645,"column":5}},"188":{"start":{"line":648,"column":2},"end":{"line":654,"column":3}},"189":{"start":{"line":649,"column":4},"end":{"line":649,"column":107}},"190":{"start":{"line":651,"column":4},"end":{"line":653,"column":5}},"191":{"start":{"line":659,"column":29},"end":{"line":704,"column":1}},"192":{"start":{"line":664,"column":19},"end":{"line":664,"column":52}},"193":{"start":{"line":665,"column":15},"end":{"line":665,"column":55}},"194":{"start":{"line":666,"column":20},"end":{"line":666,"column":65}},"195":{"start":{"line":671,"column":2},"end":{"line":702,"column":3}},"196":{"start":{"line":673,"column":4},"end":{"line":683,"column":5}},"197":{"start":{"line":674,"column":6},"end":{"line":674,"column":46}},"198":{"start":{"line":675,"column":11},"end":{"line":683,"column":5}},"199":{"start":{"line":676,"column":6},"end":{"line":682,"column":7}},"200":{"start":{"line":689,"column":9},"end":{"line":702,"column":3}},"201":{"start":{"line":691,"column":4},"end":{"line":697,"column":5}},"202":{"start":{"line":698,"column":9},"end":{"line":702,"column":3}},"203":{"start":{"line":699,"column":4},"end":{"line":701,"column":5}},"204":{"start":{"line":706,"column":2},"end":{"line":718,"column":3}},"205":{"start":{"line":708,"column":4},"end":{"line":708,"column":76}},"206":{"start":{"line":710,"column":9},"end":{"line":718,"column":3}},"207":{"start":{"line":711,"column":4},"end":{"line":717,"column":5}},"208":{"start":{"line":722,"column":29},"end":{"line":764,"column":1}},"209":{"start":{"line":727,"column":19},"end":{"line":727,"column":52}},"210":{"start":{"line":728,"column":15},"end":{"line":728,"column":55}},"211":{"start":{"line":729,"column":20},"end":{"line":729,"column":65}},"212":{"start":{"line":731,"column":2},"end":{"line":762,"column":3}},"213":{"start":{"line":732,"column":4},"end":{"line":738,"column":5}},"214":{"start":{"line":739,"column":9},"end":{"line":762,"column":3}},"215":{"start":{"line":740,"column":4},"end":{"line":761,"column":5}},"216":{"start":{"line":741,"column":6},"end":{"line":747,"column":7}},"217":{"start":{"line":748,"column":11},"end":{"line":761,"column":5}},"218":{"start":{"line":752,"column":6},"end":{"line":752,"column":44}},"219":{"start":{"line":753,"column":11},"end":{"line":761,"column":5}},"220":{"start":{"line":754,"column":6},"end":{"line":756,"column":7}},"221":{"start":{"line":758,"column":6},"end":{"line":760,"column":7}},"222":{"start":{"line":767,"column":19},"end":{"line":767,"column":52}},"223":{"start":{"line":769,"column":18},"end":{"line":769,"column":63}},"224":{"start":{"line":772,"column":2},"end":{"line":785,"column":3}},"225":{"start":{"line":774,"column":4},"end":{"line":780,"column":5}},"226":{"start":{"line":782,"column":22},"end":{"line":782,"column":62}},"227":{"start":{"line":784,"column":4},"end":{"line":784,"column":48}},"228":{"start":{"line":788,"column":37},"end":{"line":829,"column":1}},"229":{"start":{"line":789,"column":41},"end":{"line":789,"column":49}},"230":{"start":{"line":794,"column":2},"end":{"line":798,"column":3}},"231":{"start":{"line":795,"column":4},"end":{"line":795,"column":27}},"232":{"start":{"line":797,"column":4},"end":{"line":797,"column":26}},"233":{"start":{"line":800,"column":2},"end":{"line":806,"column":3}},"234":{"start":{"line":803,"column":4},"end":{"line":803,"column":61}},"235":{"start":{"line":805,"column":4},"end":{"line":805,"column":24}},"236":{"start":{"line":809,"column":4},"end":{"line":811,"column":6}},"237":{"start":{"line":810,"column":6},"end":{"line":810,"column":128}},"238":{"start":{"line":821,"column":2},"end":{"line":827,"column":3}}},"fnMap":{"0":{"name":"(anonymous_0)","decl":{"start":{"line":22,"column":30},"end":{"line":22,"column":31}},"loc":{"start":{"line":22,"column":44},"end":{"line":29,"column":1}},"line":22},"1":{"name":"(anonymous_1)","decl":{"start":{"line":30,"column":30},"end":{"line":30,"column":31}},"loc":{"start":{"line":30,"column":37},"end":{"line":35,"column":1}},"line":30},"2":{"name":"(anonymous_2)","decl":{"start":{"line":36,"column":27},"end":{"line":36,"column":28}},"loc":{"start":{"line":36,"column":34},"end":{"line":41,"column":1}},"line":36},"3":{"name":"(anonymous_3)","decl":{"start":{"line":42,"column":32},"end":{"line":42,"column":33}},"loc":{"start":{"line":42,"column":40},"end":{"line":50,"column":1}},"line":42},"4":{"name":"(anonymous_4)","decl":{"start":{"line":52,"column":21},"end":{"line":52,"column":22}},"loc":{"start":{"line":52,"column":28},"end":{"line":64,"column":1}},"line":52},"5":{"name":"(anonymous_5)","decl":{"start":{"line":68,"column":33},"end":{"line":68,"column":34}},"loc":{"start":{"line":68,"column":69},"end":{"line":185,"column":1}},"line":68},"6":{"name":"(anonymous_6)","decl":{"start":{"line":186,"column":18},"end":{"line":186,"column":19}},"loc":{"start":{"line":186,"column":71},"end":{"line":220,"column":1}},"line":186},"7":{"name":"(anonymous_7)","decl":{"start":{"line":194,"column":35},"end":{"line":194,"column":36}},"loc":{"start":{"line":194,"column":49},"end":{"line":216,"column":9}},"line":194},"8":{"name":"(anonymous_8)","decl":{"start":{"line":221,"column":30},"end":{"line":221,"column":31}},"loc":{"start":{"line":221,"column":66},"end":{"line":226,"column":1}},"line":221},"9":{"name":"(anonymous_9)","decl":{"start":{"line":227,"column":24},"end":{"line":227,"column":25}},"loc":{"start":{"line":227,"column":44},"end":{"line":242,"column":1}},"line":227},"10":{"name":"(anonymous_10)","decl":{"start":{"line":245,"column":32},"end":{"line":245,"column":33}},"loc":{"start":{"line":245,"column":55},"end":{"line":252,"column":1}},"line":245},"11":{"name":"(anonymous_11)","decl":{"start":{"line":246,"column":36},"end":{"line":246,"column":37}},"loc":{"start":{"line":246,"column":50},"end":{"line":251,"column":3}},"line":246},"12":{"name":"(anonymous_12)","decl":{"start":{"line":254,"column":28},"end":{"line":254,"column":29}},"loc":{"start":{"line":254,"column":64},"end":{"line":299,"column":1}},"line":254},"13":{"name":"immutableDelete","decl":{"start":{"line":300,"column":9},"end":{"line":300,"column":24}},"loc":{"start":{"line":300,"column":38},"end":{"line":302,"column":1}},"line":300},"14":{"name":"(anonymous_14)","decl":{"start":{"line":303,"column":39},"end":{"line":303,"column":40}},"loc":{"start":{"line":303,"column":65},"end":{"line":325,"column":1}},"line":303},"15":{"name":"(anonymous_15)","decl":{"start":{"line":304,"column":41},"end":{"line":304,"column":42}},"loc":{"start":{"line":304,"column":52},"end":{"line":306,"column":4}},"line":304},"16":{"name":"(anonymous_16)","decl":{"start":{"line":315,"column":36},"end":{"line":315,"column":37}},"loc":{"start":{"line":315,"column":45},"end":{"line":317,"column":8}},"line":315},"17":{"name":"(anonymous_17)","decl":{"start":{"line":327,"column":26},"end":{"line":327,"column":27}},"loc":{"start":{"line":327,"column":61},"end":{"line":421,"column":1}},"line":327},"18":{"name":"(anonymous_18)","decl":{"start":{"line":422,"column":27},"end":{"line":422,"column":28}},"loc":{"start":{"line":422,"column":54},"end":{"line":440,"column":1}},"line":422},"19":{"name":"(anonymous_19)","decl":{"start":{"line":424,"column":13},"end":{"line":424,"column":14}},"loc":{"start":{"line":424,"column":37},"end":{"line":426,"column":5}},"line":424},"20":{"name":"(anonymous_20)","decl":{"start":{"line":427,"column":15},"end":{"line":427,"column":16}},"loc":{"start":{"line":427,"column":39},"end":{"line":429,"column":5}},"line":427},"21":{"name":"(anonymous_21)","decl":{"start":{"line":430,"column":15},"end":{"line":430,"column":16}},"loc":{"start":{"line":430,"column":38},"end":{"line":432,"column":5}},"line":430},"22":{"name":"(anonymous_22)","decl":{"start":{"line":433,"column":16},"end":{"line":433,"column":17}},"loc":{"start":{"line":433,"column":39},"end":{"line":435,"column":5}},"line":433},"23":{"name":"getTargetBranch","decl":{"start":{"line":443,"column":9},"end":{"line":443,"column":24}},"loc":{"start":{"line":443,"column":43},"end":{"line":470,"column":1}},"line":443},"24":{"name":"recursiveCheck","decl":{"start":{"line":451,"column":11},"end":{"line":451,"column":25}},"loc":{"start":{"line":451,"column":46},"end":{"line":460,"column":3}},"line":451},"25":{"name":"immutablePop","decl":{"start":{"line":471,"column":9},"end":{"line":471,"column":21}},"loc":{"start":{"line":471,"column":26},"end":{"line":473,"column":1}},"line":471},"26":{"name":"(anonymous_26)","decl":{"start":{"line":474,"column":38},"end":{"line":474,"column":39}},"loc":{"start":{"line":474,"column":54},"end":{"line":491,"column":1}},"line":474},"27":{"name":"(anonymous_27)","decl":{"start":{"line":492,"column":38},"end":{"line":492,"column":39}},"loc":{"start":{"line":492,"column":54},"end":{"line":511,"column":1}},"line":492},"28":{"name":"(anonymous_28)","decl":{"start":{"line":512,"column":33},"end":{"line":512,"column":34}},"loc":{"start":{"line":512,"column":49},"end":{"line":521,"column":1}},"line":512},"29":{"name":"(anonymous_29)","decl":{"start":{"line":522,"column":33},"end":{"line":522,"column":34}},"loc":{"start":{"line":522,"column":49},"end":{"line":530,"column":1}},"line":522},"30":{"name":"(anonymous_30)","decl":{"start":{"line":531,"column":29},"end":{"line":531,"column":30}},"loc":{"start":{"line":531,"column":49},"end":{"line":606,"column":1}},"line":531},"31":{"name":"(anonymous_31)","decl":{"start":{"line":540,"column":18},"end":{"line":540,"column":19}},"loc":{"start":{"line":540,"column":26},"end":{"line":540,"column":49}},"line":540},"32":{"name":"processBranches","decl":{"start":{"line":547,"column":11},"end":{"line":547,"column":26}},"loc":{"start":{"line":547,"column":54},"end":{"line":573,"column":3}},"line":547},"33":{"name":"(anonymous_33)","decl":{"start":{"line":608,"column":26},"end":{"line":608,"column":27}},"loc":{"start":{"line":608,"column":49},"end":{"line":633,"column":1}},"line":608},"34":{"name":"(anonymous_34)","decl":{"start":{"line":634,"column":26},"end":{"line":634,"column":27}},"loc":{"start":{"line":634,"column":49},"end":{"line":655,"column":1}},"line":634},"35":{"name":"(anonymous_35)","decl":{"start":{"line":659,"column":29},"end":{"line":659,"column":30}},"loc":{"start":{"line":659,"column":53},"end":{"line":704,"column":1}},"line":659},"36":{"name":"getPrevSibDownwords","decl":{"start":{"line":705,"column":9},"end":{"line":705,"column":28}},"loc":{"start":{"line":705,"column":37},"end":{"line":719,"column":1}},"line":705},"37":{"name":"(anonymous_37)","decl":{"start":{"line":722,"column":29},"end":{"line":722,"column":30}},"loc":{"start":{"line":722,"column":53},"end":{"line":764,"column":1}},"line":722},"38":{"name":"getNextSibUpwords","decl":{"start":{"line":765,"column":9},"end":{"line":765,"column":26}},"loc":{"start":{"line":765,"column":41},"end":{"line":786,"column":1}},"line":765},"39":{"name":"(anonymous_39)","decl":{"start":{"line":788,"column":37},"end":{"line":788,"column":38}},"loc":{"start":{"line":788,"column":86},"end":{"line":829,"column":1}},"line":788},"40":{"name":"checkIfActiveChild","decl":{"start":{"line":808,"column":11},"end":{"line":808,"column":29}},"loc":{"start":{"line":808,"column":53},"end":{"line":812,"column":3}},"line":808},"41":{"name":"(anonymous_41)","decl":{"start":{"line":809,"column":25},"end":{"line":809,"column":26}},"loc":{"start":{"line":809,"column":35},"end":{"line":811,"column":5}},"line":809}},"branchMap":{"0":{"loc":{"start":{"line":56,"column":4},"end":{"line":58,"column":5}},"type":"if","locations":[{"start":{"line":56,"column":4},"end":{"line":58,"column":5}},{"start":{"line":56,"column":4},"end":{"line":58,"column":5}}],"line":56},"1":{"loc":{"start":{"line":56,"column":7},"end":{"line":56,"column":54}},"type":"binary-expr","locations":[{"start":{"line":56,"column":7},"end":{"line":56,"column":31}},{"start":{"line":56,"column":35},"end":{"line":56,"column":54}}],"line":56},"2":{"loc":{"start":{"line":86,"column":2},"end":{"line":111,"column":3}},"type":"if","locations":[{"start":{"line":86,"column":2},"end":{"line":111,"column":3}},{"start":{"line":86,"column":2},"end":{"line":111,"column":3}}],"line":86},"3":{"loc":{"start":{"line":99,"column":9},"end":{"line":111,"column":3}},"type":"if","locations":[{"start":{"line":99,"column":9},"end":{"line":111,"column":3}},{"start":{"line":99,"column":9},"end":{"line":111,"column":3}}],"line":99},"4":{"loc":{"start":{"line":105,"column":9},"end":{"line":111,"column":3}},"type":"if","locations":[{"start":{"line":105,"column":9},"end":{"line":111,"column":3}},{"start":{"line":105,"column":9},"end":{"line":111,"column":3}}],"line":105},"5":{"loc":{"start":{"line":189,"column":2},"end":{"line":219,"column":3}},"type":"if","locations":[{"start":{"line":189,"column":2},"end":{"line":219,"column":3}},{"start":{"line":189,"column":2},"end":{"line":219,"column":3}}],"line":189},"6":{"loc":{"start":{"line":198,"column":10},"end":{"line":213,"column":11}},"type":"if","locations":[{"start":{"line":198,"column":10},"end":{"line":213,"column":11}},{"start":{"line":198,"column":10},"end":{"line":213,"column":11}}],"line":198},"7":{"loc":{"start":{"line":206,"column":17},"end":{"line":213,"column":11}},"type":"if","locations":[{"start":{"line":206,"column":17},"end":{"line":213,"column":11}},{"start":{"line":206,"column":17},"end":{"line":213,"column":11}}],"line":206},"8":{"loc":{"start":{"line":231,"column":2},"end":{"line":237,"column":3}},"type":"if","locations":[{"start":{"line":231,"column":2},"end":{"line":237,"column":3}},{"start":{"line":231,"column":2},"end":{"line":237,"column":3}}],"line":231},"9":{"loc":{"start":{"line":233,"column":9},"end":{"line":237,"column":3}},"type":"if","locations":[{"start":{"line":233,"column":9},"end":{"line":237,"column":3}},{"start":{"line":233,"column":9},"end":{"line":237,"column":3}}],"line":233},"10":{"loc":{"start":{"line":247,"column":4},"end":{"line":249,"column":5}},"type":"if","locations":[{"start":{"line":247,"column":4},"end":{"line":249,"column":5}},{"start":{"line":247,"column":4},"end":{"line":249,"column":5}}],"line":247},"11":{"loc":{"start":{"line":263,"column":2},"end":{"line":267,"column":3}},"type":"if","locations":[{"start":{"line":263,"column":2},"end":{"line":267,"column":3}},{"start":{"line":263,"column":2},"end":{"line":267,"column":3}}],"line":263},"12":{"loc":{"start":{"line":263,"column":5},"end":{"line":263,"column":65}},"type":"binary-expr","locations":[{"start":{"line":263,"column":5},"end":{"line":263,"column":33}},{"start":{"line":263,"column":37},"end":{"line":263,"column":65}}],"line":263},"13":{"loc":{"start":{"line":269,"column":2},"end":{"line":275,"column":3}},"type":"if","locations":[{"start":{"line":269,"column":2},"end":{"line":275,"column":3}},{"start":{"line":269,"column":2},"end":{"line":275,"column":3}}],"line":269},"14":{"loc":{"start":{"line":271,"column":9},"end":{"line":275,"column":3}},"type":"if","locations":[{"start":{"line":271,"column":9},"end":{"line":275,"column":3}},{"start":{"line":271,"column":9},"end":{"line":275,"column":3}}],"line":271},"15":{"loc":{"start":{"line":307,"column":3},"end":{"line":323,"column":4}},"type":"if","locations":[{"start":{"line":307,"column":3},"end":{"line":323,"column":4}},{"start":{"line":307,"column":3},"end":{"line":323,"column":4}}],"line":307},"16":{"loc":{"start":{"line":312,"column":10},"end":{"line":323,"column":4}},"type":"if","locations":[{"start":{"line":312,"column":10},"end":{"line":323,"column":4}},{"start":{"line":312,"column":10},"end":{"line":323,"column":4}}],"line":312},"17":{"loc":{"start":{"line":337,"column":2},"end":{"line":415,"column":3}},"type":"if","locations":[{"start":{"line":337,"column":2},"end":{"line":415,"column":3}},{"start":{"line":337,"column":2},"end":{"line":415,"column":3}}],"line":337},"18":{"loc":{"start":{"line":338,"column":4},"end":{"line":356,"column":5}},"type":"if","locations":[{"start":{"line":338,"column":4},"end":{"line":356,"column":5}},{"start":{"line":338,"column":4},"end":{"line":356,"column":5}}],"line":338},"19":{"loc":{"start":{"line":357,"column":9},"end":{"line":415,"column":3}},"type":"if","locations":[{"start":{"line":357,"column":9},"end":{"line":415,"column":3}},{"start":{"line":357,"column":9},"end":{"line":415,"column":3}}],"line":357},"20":{"loc":{"start":{"line":362,"column":4},"end":{"line":379,"column":5}},"type":"if","locations":[{"start":{"line":362,"column":4},"end":{"line":379,"column":5}},{"start":{"line":362,"column":4},"end":{"line":379,"column":5}}],"line":362},"21":{"loc":{"start":{"line":362,"column":7},"end":{"line":362,"column":66}},"type":"binary-expr","locations":[{"start":{"line":362,"column":7},"end":{"line":362,"column":34}},{"start":{"line":362,"column":38},"end":{"line":362,"column":66}}],"line":362},"22":{"loc":{"start":{"line":380,"column":9},"end":{"line":415,"column":3}},"type":"if","locations":[{"start":{"line":380,"column":9},"end":{"line":415,"column":3}},{"start":{"line":380,"column":9},"end":{"line":415,"column":3}}],"line":380},"23":{"loc":{"start":{"line":381,"column":4},"end":{"line":396,"column":5}},"type":"if","locations":[{"start":{"line":381,"column":4},"end":{"line":396,"column":5}},{"start":{"line":381,"column":4},"end":{"line":396,"column":5}}],"line":381},"24":{"loc":{"start":{"line":398,"column":9},"end":{"line":415,"column":3}},"type":"if","locations":[{"start":{"line":398,"column":9},"end":{"line":415,"column":3}},{"start":{"line":398,"column":9},"end":{"line":415,"column":3}}],"line":398},"25":{"loc":{"start":{"line":399,"column":4},"end":{"line":414,"column":5}},"type":"if","locations":[{"start":{"line":399,"column":4},"end":{"line":414,"column":5}},{"start":{"line":399,"column":4},"end":{"line":414,"column":5}}],"line":399},"26":{"loc":{"start":{"line":437,"column":9},"end":{"line":439,"column":3}},"type":"cond-expr","locations":[{"start":{"line":437,"column":50},"end":{"line":437,"column":82}},{"start":{"line":437,"column":85},"end":{"line":439,"column":3}}],"line":437},"27":{"loc":{"start":{"line":445,"column":2},"end":{"line":449,"column":3}},"type":"if","locations":[{"start":{"line":445,"column":2},"end":{"line":449,"column":3}},{"start":{"line":445,"column":2},"end":{"line":449,"column":3}}],"line":445},"28":{"loc":{"start":{"line":453,"column":6},"end":{"line":458,"column":7}},"type":"if","locations":[{"start":{"line":453,"column":6},"end":{"line":458,"column":7}},{"start":{"line":453,"column":6},"end":{"line":458,"column":7}}],"line":453},"29":{"loc":{"start":{"line":456,"column":13},"end":{"line":458,"column":7}},"type":"if","locations":[{"start":{"line":456,"column":13},"end":{"line":458,"column":7}},{"start":{"line":456,"column":13},"end":{"line":458,"column":7}}],"line":456},"30":{"loc":{"start":{"line":476,"column":2},"end":{"line":489,"column":3}},"type":"if","locations":[{"start":{"line":476,"column":2},"end":{"line":489,"column":3}},{"start":{"line":476,"column":2},"end":{"line":489,"column":3}}],"line":476},"31":{"loc":{"start":{"line":481,"column":6},"end":{"line":486,"column":7}},"type":"if","locations":[{"start":{"line":481,"column":6},"end":{"line":486,"column":7}},{"start":{"line":481,"column":6},"end":{"line":486,"column":7}}],"line":481},"32":{"loc":{"start":{"line":496,"column":2},"end":{"line":508,"column":3}},"type":"if","locations":[{"start":{"line":496,"column":2},"end":{"line":508,"column":3}},{"start":{"line":496,"column":2},"end":{"line":508,"column":3}}],"line":496},"33":{"loc":{"start":{"line":501,"column":6},"end":{"line":505,"column":7}},"type":"if","locations":[{"start":{"line":501,"column":6},"end":{"line":505,"column":7}},{"start":{"line":501,"column":6},"end":{"line":505,"column":7}}],"line":501},"34":{"loc":{"start":{"line":513,"column":2},"end":{"line":520,"column":3}},"type":"if","locations":[{"start":{"line":513,"column":2},"end":{"line":520,"column":3}},{"start":{"line":513,"column":2},"end":{"line":520,"column":3}}],"line":513},"35":{"loc":{"start":{"line":554,"column":6},"end":{"line":569,"column":7}},"type":"if","locations":[{"start":{"line":554,"column":6},"end":{"line":569,"column":7}},{"start":{"line":554,"column":6},"end":{"line":569,"column":7}}],"line":554},"36":{"loc":{"start":{"line":565,"column":13},"end":{"line":569,"column":7}},"type":"if","locations":[{"start":{"line":565,"column":13},"end":{"line":569,"column":7}},{"start":{"line":565,"column":13},"end":{"line":569,"column":7}}],"line":565},"37":{"loc":{"start":{"line":566,"column":8},"end":{"line":568,"column":9}},"type":"if","locations":[{"start":{"line":566,"column":8},"end":{"line":568,"column":9}},{"start":{"line":566,"column":8},"end":{"line":568,"column":9}}],"line":566},"38":{"loc":{"start":{"line":615,"column":2},"end":{"line":620,"column":3}},"type":"if","locations":[{"start":{"line":615,"column":2},"end":{"line":620,"column":3}},{"start":{"line":615,"column":2},"end":{"line":620,"column":3}}],"line":615},"39":{"loc":{"start":{"line":625,"column":2},"end":{"line":632,"column":3}},"type":"if","locations":[{"start":{"line":625,"column":2},"end":{"line":632,"column":3}},{"start":{"line":625,"column":2},"end":{"line":632,"column":3}}],"line":625},"40":{"loc":{"start":{"line":625,"column":5},"end":{"line":625,"column":69}},"type":"binary-expr","locations":[{"start":{"line":625,"column":5},"end":{"line":625,"column":33}},{"start":{"line":625,"column":37},"end":{"line":625,"column":69}}],"line":625},"41":{"loc":{"start":{"line":641,"column":2},"end":{"line":646,"column":3}},"type":"if","locations":[{"start":{"line":641,"column":2},"end":{"line":646,"column":3}},{"start":{"line":641,"column":2},"end":{"line":646,"column":3}}],"line":641},"42":{"loc":{"start":{"line":648,"column":2},"end":{"line":654,"column":3}},"type":"if","locations":[{"start":{"line":648,"column":2},"end":{"line":654,"column":3}},{"start":{"line":648,"column":2},"end":{"line":654,"column":3}}],"line":648},"43":{"loc":{"start":{"line":648,"column":5},"end":{"line":648,"column":59}},"type":"binary-expr","locations":[{"start":{"line":648,"column":5},"end":{"line":648,"column":33}},{"start":{"line":648,"column":37},"end":{"line":648,"column":59}}],"line":648},"44":{"loc":{"start":{"line":671,"column":2},"end":{"line":702,"column":3}},"type":"if","locations":[{"start":{"line":671,"column":2},"end":{"line":702,"column":3}},{"start":{"line":671,"column":2},"end":{"line":702,"column":3}}],"line":671},"45":{"loc":{"start":{"line":673,"column":4},"end":{"line":683,"column":5}},"type":"if","locations":[{"start":{"line":673,"column":4},"end":{"line":683,"column":5}},{"start":{"line":673,"column":4},"end":{"line":683,"column":5}}],"line":673},"46":{"loc":{"start":{"line":673,"column":7},"end":{"line":673,"column":68}},"type":"binary-expr","locations":[{"start":{"line":673,"column":7},"end":{"line":673,"column":34}},{"start":{"line":673,"column":38},"end":{"line":673,"column":68}}],"line":673},"47":{"loc":{"start":{"line":675,"column":11},"end":{"line":683,"column":5}},"type":"if","locations":[{"start":{"line":675,"column":11},"end":{"line":683,"column":5}},{"start":{"line":675,"column":11},"end":{"line":683,"column":5}}],"line":675},"48":{"loc":{"start":{"line":675,"column":15},"end":{"line":675,"column":118}},"type":"binary-expr","locations":[{"start":{"line":675,"column":16},"end":{"line":675,"column":43}},{"start":{"line":675,"column":48},"end":{"line":675,"column":79}},{"start":{"line":675,"column":85},"end":{"line":675,"column":118}}],"line":675},"49":{"loc":{"start":{"line":689,"column":9},"end":{"line":702,"column":3}},"type":"if","locations":[{"start":{"line":689,"column":9},"end":{"line":702,"column":3}},{"start":{"line":689,"column":9},"end":{"line":702,"column":3}}],"line":689},"50":{"loc":{"start":{"line":689,"column":13},"end":{"line":689,"column":94}},"type":"binary-expr","locations":[{"start":{"line":689,"column":13},"end":{"line":689,"column":62}},{"start":{"line":689,"column":66},"end":{"line":689,"column":94}}],"line":689},"51":{"loc":{"start":{"line":698,"column":9},"end":{"line":702,"column":3}},"type":"if","locations":[{"start":{"line":698,"column":9},"end":{"line":702,"column":3}},{"start":{"line":698,"column":9},"end":{"line":702,"column":3}}],"line":698},"52":{"loc":{"start":{"line":698,"column":13},"end":{"line":698,"column":94}},"type":"binary-expr","locations":[{"start":{"line":698,"column":13},"end":{"line":698,"column":62}},{"start":{"line":698,"column":66},"end":{"line":698,"column":94}}],"line":698},"53":{"loc":{"start":{"line":706,"column":2},"end":{"line":718,"column":3}},"type":"if","locations":[{"start":{"line":706,"column":2},"end":{"line":718,"column":3}},{"start":{"line":706,"column":2},"end":{"line":718,"column":3}}],"line":706},"54":{"loc":{"start":{"line":706,"column":5},"end":{"line":706,"column":130}},"type":"binary-expr","locations":[{"start":{"line":706,"column":5},"end":{"line":706,"column":64}},{"start":{"line":706,"column":68},"end":{"line":706,"column":130}}],"line":706},"55":{"loc":{"start":{"line":710,"column":9},"end":{"line":718,"column":3}},"type":"if","locations":[{"start":{"line":710,"column":9},"end":{"line":718,"column":3}},{"start":{"line":710,"column":9},"end":{"line":718,"column":3}}],"line":710},"56":{"loc":{"start":{"line":710,"column":13},"end":{"line":710,"column":281}},"type":"binary-expr","locations":[{"start":{"line":710,"column":14},"end":{"line":710,"column":73}},{"start":{"line":710,"column":77},"end":{"line":710,"column":140}},{"start":{"line":710,"column":147},"end":{"line":710,"column":210}},{"start":{"line":710,"column":216},"end":{"line":710,"column":281}}],"line":710},"57":{"loc":{"start":{"line":731,"column":2},"end":{"line":762,"column":3}},"type":"if","locations":[{"start":{"line":731,"column":2},"end":{"line":762,"column":3}},{"start":{"line":731,"column":2},"end":{"line":762,"column":3}}],"line":731},"58":{"loc":{"start":{"line":731,"column":5},"end":{"line":731,"column":88}},"type":"binary-expr","locations":[{"start":{"line":731,"column":5},"end":{"line":731,"column":43}},{"start":{"line":731,"column":47},"end":{"line":731,"column":88}}],"line":731},"59":{"loc":{"start":{"line":739,"column":9},"end":{"line":762,"column":3}},"type":"if","locations":[{"start":{"line":739,"column":9},"end":{"line":762,"column":3}},{"start":{"line":739,"column":9},"end":{"line":762,"column":3}}],"line":739},"60":{"loc":{"start":{"line":739,"column":14},"end":{"line":739,"column":149}},"type":"binary-expr","locations":[{"start":{"line":739,"column":15},"end":{"line":739,"column":53}},{"start":{"line":739,"column":57},"end":{"line":739,"column":99}},{"start":{"line":739,"column":105},"end":{"line":739,"column":149}}],"line":739},"61":{"loc":{"start":{"line":740,"column":4},"end":{"line":761,"column":5}},"type":"if","locations":[{"start":{"line":740,"column":4},"end":{"line":761,"column":5}},{"start":{"line":740,"column":4},"end":{"line":761,"column":5}}],"line":740},"62":{"loc":{"start":{"line":748,"column":11},"end":{"line":761,"column":5}},"type":"if","locations":[{"start":{"line":748,"column":11},"end":{"line":761,"column":5}},{"start":{"line":748,"column":11},"end":{"line":761,"column":5}}],"line":748},"63":{"loc":{"start":{"line":753,"column":11},"end":{"line":761,"column":5}},"type":"if","locations":[{"start":{"line":753,"column":11},"end":{"line":761,"column":5}},{"start":{"line":753,"column":11},"end":{"line":761,"column":5}}],"line":753},"64":{"loc":{"start":{"line":772,"column":2},"end":{"line":785,"column":3}},"type":"if","locations":[{"start":{"line":772,"column":2},"end":{"line":785,"column":3}},{"start":{"line":772,"column":2},"end":{"line":785,"column":3}}],"line":772},"65":{"loc":{"start":{"line":794,"column":2},"end":{"line":798,"column":3}},"type":"if","locations":[{"start":{"line":794,"column":2},"end":{"line":798,"column":3}},{"start":{"line":794,"column":2},"end":{"line":798,"column":3}}],"line":794},"66":{"loc":{"start":{"line":800,"column":2},"end":{"line":806,"column":3}},"type":"if","locations":[{"start":{"line":800,"column":2},"end":{"line":806,"column":3}},{"start":{"line":800,"column":2},"end":{"line":806,"column":3}}],"line":800},"67":{"loc":{"start":{"line":810,"column":13},"end":{"line":810,"column":128}},"type":"cond-expr","locations":[{"start":{"line":810,"column":47},"end":{"line":810,"column":51}},{"start":{"line":810,"column":54},"end":{"line":810,"column":128}}],"line":810},"68":{"loc":{"start":{"line":810,"column":54},"end":{"line":810,"column":128}},"type":"cond-expr","locations":[{"start":{"line":810,"column":72},"end":{"line":810,"column":120}},{"start":{"line":810,"column":123},"end":{"line":810,"column":128}}],"line":810}},"s":{"0":1,"1":0,"2":1,"3":0,"4":1,"5":0,"6":1,"7":0,"8":1,"9":0,"10":0,"11":0,"12":0,"13":0,"14":0,"15":0,"16":1,"17":0,"18":0,"19":0,"20":0,"21":0,"22":0,"23":0,"24":0,"25":0,"26":0,"27":0,"28":1,"29":0,"30":0,"31":0,"32":0,"33":0,"34":0,"35":0,"36":0,"37":1,"38":0,"39":1,"40":0,"41":0,"42":0,"43":0,"44":0,"45":0,"46":0,"47":0,"48":1,"49":0,"50":0,"51":0,"52":0,"53":1,"54":0,"55":0,"56":0,"57":0,"58":0,"59":0,"60":0,"61":0,"62":0,"63":0,"64":0,"65":0,"66":0,"67":1,"68":0,"69":0,"70":0,"71":0,"72":0,"73":0,"74":0,"75":0,"76":1,"77":0,"78":0,"79":0,"80":0,"81":0,"82":0,"83":0,"84":0,"85":0,"86":0,"87":0,"88":0,"89":0,"90":0,"91":0,"92":0,"93":0,"94":0,"95":0,"96":0,"97":0,"98":0,"99":0,"100":0,"101":0,"102":0,"103":0,"104":0,"105":0,"106":0,"107":0,"108":0,"109":0,"110":0,"111":0,"112":0,"113":0,"114":1,"115":0,"116":0,"117":0,"118":0,"119":0,"120":0,"121":0,"122":0,"123":0,"124":0,"125":0,"126":0,"127":0,"128":0,"129":0,"130":0,"131":0,"132":1,"133":0,"134":0,"135":0,"136":0,"137":0,"138":0,"139":0,"140":0,"141":1,"142":0,"143":0,"144":0,"145":0,"146":0,"147":0,"148":0,"149":0,"150":0,"151":1,"152":0,"153":0,"154":0,"155":0,"156":1,"157":0,"158":0,"159":0,"160":0,"161":1,"162":0,"163":0,"164":0,"165":0,"166":0,"167":0,"168":0,"169":0,"170":0,"171":0,"172":0,"173":0,"174":0,"175":0,"176":0,"177":1,"178":0,"179":0,"180":0,"181":0,"182":0,"183":0,"184":1,"185":0,"186":0,"187":0,"188":0,"189":0,"190":0,"191":1,"192":0,"193":0,"194":0,"195":0,"196":0,"197":0,"198":0,"199":0,"200":0,"201":0,"202":0,"203":0,"204":0,"205":0,"206":0,"207":0,"208":1,"209":0,"210":0,"211":0,"212":0,"213":0,"214":0,"215":0,"216":0,"217":0,"218":0,"219":0,"220":0,"221":0,"222":0,"223":0,"224":0,"225":0,"226":0,"227":0,"228":1,"229":0,"230":0,"231":0,"232":0,"233":0,"234":0,"235":0,"236":0,"237":0,"238":0},"f":{"0":0,"1":0,"2":0,"3":0,"4":0,"5":0,"6":0,"7":0,"8":0,"9":0,"10":0,"11":0,"12":0,"13":0,"14":0,"15":0,"16":0,"17":0,"18":0,"19":0,"20":0,"21":0,"22":0,"23":0,"24":0,"25":0,"26":0,"27":0,"28":0,"29":0,"30":0,"31":0,"32":0,"33":0,"34":0,"35":0,"36":0,"37":0,"38":0,"39":0,"40":0,"41":0},"b":{"0":[0,0],"1":[0,0],"2":[0,0],"3":[0,0],"4":[0,0],"5":[0,0],"6":[0,0],"7":[0,0],"8":[0,0],"9":[0,0],"10":[0,0],"11":[0,0],"12":[0,0],"13":[0,0],"14":[0,0],"15":[0,0],"16":[0,0],"17":[0,0],"18":[0,0],"19":[0,0],"20":[0,0],"21":[0,0],"22":[0,0],"23":[0,0],"24":[0,0],"25":[0,0],"26":[0,0],"27":[0,0],"28":[0,0],"29":[0,0],"30":[0,0],"31":[0,0],"32":[0,0],"33":[0,0],"34":[0,0],"35":[0,0],"36":[0,0],"37":[0,0],"38":[0,0],"39":[0,0],"40":[0,0],"41":[0,0],"42":[0,0],"43":[0,0],"44":[0,0],"45":[0,0],"46":[0,0],"47":[0,0],"48":[0,0,0],"49":[0,0],"50":[0,0],"51":[0,0],"52":[0,0],"53":[0,0],"54":[0,0],"55":[0,0],"56":[0,0,0,0],"57":[0,0],"58":[0,0],"59":[0,0],"60":[0,0,0],"61":[0,0],"62":[0,0],"63":[0,0],"64":[0,0],"65":[0,0],"66":[0,0],"67":[0,0],"68":[0,0]},"_coverageSchema":"332fd63041d2c1bcb487cc26dd0d5f7d97098a6c","hash":"d2d1a0c31b4c605c4e665259d34be62a3e44e2b1"}
,"/Users/hitoi/Dropbox/Projects/agnes-client-side/src/actions/types.js": {"path":"/Users/hitoi/Dropbox/Projects/agnes-client-side/src/actions/types.js","statementMap":{"0":{"start":{"line":1,"column":23},"end":{"line":1,"column":32}},"1":{"start":{"line":2,"column":32},"end":{"line":2,"column":50}},"2":{"start":{"line":3,"column":33},"end":{"line":3,"column":52}},"3":{"start":{"line":4,"column":23},"end":{"line":4,"column":32}},"4":{"start":{"line":5,"column":33},"end":{"line":5,"column":52}},"5":{"start":{"line":6,"column":29},"end":{"line":6,"column":44}},"6":{"start":{"line":7,"column":29},"end":{"line":7,"column":44}},"7":{"start":{"line":8,"column":27},"end":{"line":8,"column":40}},"8":{"start":{"line":9,"column":28},"end":{"line":9,"column":42}},"9":{"start":{"line":10,"column":27},"end":{"line":10,"column":40}},"10":{"start":{"line":12,"column":28},"end":{"line":12,"column":42}}},"fnMap":{},"branchMap":{},"s":{"0":1,"1":1,"2":1,"3":1,"4":1,"5":1,"6":1,"7":1,"8":1,"9":1,"10":1},"f":{},"b":{},"_coverageSchema":"332fd63041d2c1bcb487cc26dd0d5f7d97098a6c","hash":"b9b4387f261580ae3cda66882fe2388cfe7023e5"}
,"/Users/hitoi/Dropbox/Projects/agnes-client-side/src/components/Home.js": {"path":"/Users/hitoi/Dropbox/Projects/agnes-client-side/src/components/Home.js","statementMap":{"0":{"start":{"line":6,"column":24},"end":{"line":8,"column":1}},"1":{"start":{"line":7,"column":2},"end":{"line":7,"column":28}},"2":{"start":{"line":12,"column":19},"end":{"line":18,"column":1}},"3":{"start":{"line":13,"column":2},"end":{"line":17,"column":8}},"4":{"start":{"line":20,"column":13},"end":{"line":22,"column":13}}},"fnMap":{"0":{"name":"(anonymous_0)","decl":{"start":{"line":6,"column":24},"end":{"line":6,"column":25}},"loc":{"start":{"line":6,"column":35},"end":{"line":8,"column":1}},"line":6},"1":{"name":"(anonymous_1)","decl":{"start":{"line":12,"column":19},"end":{"line":12,"column":20}},"loc":{"start":{"line":13,"column":2},"end":{"line":17,"column":8}},"line":13}},"branchMap":{},"s":{"0":1,"1":0,"2":1,"3":0,"4":1},"f":{"0":0,"1":0},"b":{},"_coverageSchema":"332fd63041d2c1bcb487cc26dd0d5f7d97098a6c","hash":"ab8818c6d67a59753b3d1cd33cefe2f05b41d5ee"}
,"/Users/hitoi/Dropbox/Projects/agnes-client-side/src/components/MainPlaceHolder.js": {"path":"/Users/hitoi/Dropbox/Projects/agnes-client-side/src/components/MainPlaceHolder.js","statementMap":{"0":{"start":{"line":3,"column":24},"end":{"line":6,"column":1}},"1":{"start":{"line":4,"column":2},"end":{"line":5,"column":8}}},"fnMap":{"0":{"name":"(anonymous_0)","decl":{"start":{"line":3,"column":24},"end":{"line":3,"column":25}},"loc":{"start":{"line":4,"column":2},"end":{"line":5,"column":8}},"line":4}},"branchMap":{},"s":{"0":1,"1":0},"f":{"0":0},"b":{},"_coverageSchema":"332fd63041d2c1bcb487cc26dd0d5f7d97098a6c","hash":"c1317a25956696797713adf6701bf457716a0f24"}
,"/Users/hitoi/Dropbox/Projects/agnes-client-side/src/components/Header/index.js": {"path":"/Users/hitoi/Dropbox/Projects/agnes-client-side/src/components/Header/index.js","statementMap":{"0":{"start":{"line":8,"column":24},"end":{"line":15,"column":1}},"1":{"start":{"line":9,"column":2},"end":{"line":14,"column":11}},"2":{"start":{"line":17,"column":24},"end":{"line":22,"column":1}},"3":{"start":{"line":18,"column":2},"end":{"line":21,"column":3}},"4":{"start":{"line":24,"column":15},"end":{"line":26,"column":18}}},"fnMap":{"0":{"name":"(anonymous_0)","decl":{"start":{"line":8,"column":24},"end":{"line":8,"column":25}},"loc":{"start":{"line":9,"column":2},"end":{"line":14,"column":11}},"line":9},"1":{"name":"(anonymous_1)","decl":{"start":{"line":17,"column":24},"end":{"line":17,"column":25}},"loc":{"start":{"line":17,"column":35},"end":{"line":22,"column":1}},"line":17}},"branchMap":{},"s":{"0":1,"1":0,"2":1,"3":0,"4":1},"f":{"0":0,"1":0},"b":{},"_coverageSchema":"332fd63041d2c1bcb487cc26dd0d5f7d97098a6c","hash":"d24d9b015f7fe8283c166b49b0b2abeb49ca1bbc"}
,"/Users/hitoi/Dropbox/Projects/agnes-client-side/src/components/OutlineTree/index.js": {"path":"/Users/hitoi/Dropbox/Projects/agnes-client-side/src/components/OutlineTree/index.js","statementMap":{"0":{"start":{"line":6,"column":24},"end":{"line":8,"column":1}},"1":{"start":{"line":7,"column":2},"end":{"line":7,"column":24}},"2":{"start":{"line":10,"column":27},"end":{"line":41,"column":1}},"3":{"start":{"line":11,"column":2},"end":{"line":40,"column":3}},"4":{"start":{"line":13,"column":8},"end":{"line":13,"column":28}},"5":{"start":{"line":14,"column":8},"end":{"line":16,"column":9}},"6":{"start":{"line":15,"column":10},"end":{"line":15,"column":64}},"7":{"start":{"line":19,"column":8},"end":{"line":19,"column":28}},"8":{"start":{"line":21,"column":8},"end":{"line":21,"column":113}},"9":{"start":{"line":25,"column":6},"end":{"line":25,"column":26}},"10":{"start":{"line":26,"column":6},"end":{"line":29,"column":7}},"11":{"start":{"line":28,"column":8},"end":{"line":28,"column":27}},"12":{"start":{"line":32,"column":6},"end":{"line":38,"column":28}},"13":{"start":{"line":46,"column":4},"end":{"line":116,"column":5}},"14":{"start":{"line":50,"column":12},"end":{"line":110,"column":17}},"15":{"start":{"line":64,"column":30},"end":{"line":64,"column":66}},"16":{"start":{"line":81,"column":34},"end":{"line":81,"column":108}},"17":{"start":{"line":136,"column":29},"end":{"line":147,"column":1}},"18":{"start":{"line":137,"column":2},"end":{"line":146,"column":8}},"19":{"start":{"line":139,"column":22},"end":{"line":139,"column":75}},"20":{"start":{"line":150,"column":20},"end":{"line":153,"column":23}}},"fnMap":{"0":{"name":"(anonymous_0)","decl":{"start":{"line":6,"column":24},"end":{"line":6,"column":25}},"loc":{"start":{"line":6,"column":45},"end":{"line":8,"column":1}},"line":6},"1":{"name":"(anonymous_1)","decl":{"start":{"line":10,"column":27},"end":{"line":10,"column":28}},"loc":{"start":{"line":10,"column":51},"end":{"line":41,"column":1}},"line":10},"2":{"name":"(anonymous_2)","decl":{"start":{"line":12,"column":19},"end":{"line":12,"column":20}},"loc":{"start":{"line":12,"column":40},"end":{"line":17,"column":5}},"line":12},"3":{"name":"(anonymous_3)","decl":{"start":{"line":18,"column":24},"end":{"line":18,"column":25}},"loc":{"start":{"line":18,"column":61},"end":{"line":22,"column":5}},"line":18},"4":{"name":"(anonymous_4)","decl":{"start":{"line":23,"column":18},"end":{"line":23,"column":19}},"loc":{"start":{"line":23,"column":41},"end":{"line":39,"column":5}},"line":23},"5":{"name":"growTree","decl":{"start":{"line":45,"column":9},"end":{"line":45,"column":17}},"loc":{"start":{"line":45,"column":64},"end":{"line":118,"column":1}},"line":45},"6":{"name":"(anonymous_6)","decl":{"start":{"line":49,"column":21},"end":{"line":49,"column":22}},"loc":{"start":{"line":50,"column":12},"end":{"line":110,"column":17}},"line":50},"7":{"name":"(anonymous_7)","decl":{"start":{"line":64,"column":23},"end":{"line":64,"column":24}},"loc":{"start":{"line":64,"column":30},"end":{"line":64,"column":66}},"line":64},"8":{"name":"(anonymous_8)","decl":{"start":{"line":81,"column":27},"end":{"line":81,"column":28}},"loc":{"start":{"line":81,"column":34},"end":{"line":81,"column":108}},"line":81},"9":{"name":"(anonymous_9)","decl":{"start":{"line":136,"column":29},"end":{"line":136,"column":30}},"loc":{"start":{"line":137,"column":2},"end":{"line":146,"column":8}},"line":137},"10":{"name":"(anonymous_10)","decl":{"start":{"line":139,"column":15},"end":{"line":139,"column":16}},"loc":{"start":{"line":139,"column":22},"end":{"line":139,"column":75}},"line":139}},"branchMap":{"0":{"loc":{"start":{"line":14,"column":8},"end":{"line":16,"column":9}},"type":"if","locations":[{"start":{"line":14,"column":8},"end":{"line":16,"column":9}},{"start":{"line":14,"column":8},"end":{"line":16,"column":9}}],"line":14},"1":{"loc":{"start":{"line":26,"column":6},"end":{"line":29,"column":7}},"type":"if","locations":[{"start":{"line":26,"column":6},"end":{"line":29,"column":7}},{"start":{"line":26,"column":6},"end":{"line":29,"column":7}}],"line":26},"2":{"loc":{"start":{"line":26,"column":9},"end":{"line":26,"column":104}},"type":"binary-expr","locations":[{"start":{"line":26,"column":9},"end":{"line":26,"column":28}},{"start":{"line":26,"column":31},"end":{"line":26,"column":53}},{"start":{"line":26,"column":56},"end":{"line":26,"column":78}},{"start":{"line":26,"column":81},"end":{"line":26,"column":104}}],"line":26},"3":{"loc":{"start":{"line":48,"column":44},"end":{"line":48,"column":71}},"type":"cond-expr","locations":[{"start":{"line":48,"column":52},"end":{"line":48,"column":57}},{"start":{"line":48,"column":60},"end":{"line":48,"column":71}}],"line":48},"4":{"loc":{"start":{"line":48,"column":78},"end":{"line":48,"column":119}},"type":"cond-expr","locations":[{"start":{"line":48,"column":86},"end":{"line":48,"column":105}},{"start":{"line":48,"column":108},"end":{"line":48,"column":119}}],"line":48},"5":{"loc":{"start":{"line":54,"column":33},"end":{"line":54,"column":77}},"type":"cond-expr","locations":[{"start":{"line":54,"column":65},"end":{"line":54,"column":70}},{"start":{"line":54,"column":73},"end":{"line":54,"column":77}}],"line":54},"6":{"loc":{"start":{"line":55,"column":31},"end":{"line":55,"column":62}},"type":"cond-expr","locations":[{"start":{"line":55,"column":50},"end":{"line":55,"column":55}},{"start":{"line":55,"column":58},"end":{"line":55,"column":62}}],"line":55},"7":{"loc":{"start":{"line":56,"column":33},"end":{"line":56,"column":70}},"type":"cond-expr","locations":[{"start":{"line":56,"column":58},"end":{"line":56,"column":63}},{"start":{"line":56,"column":66},"end":{"line":56,"column":70}}],"line":56},"8":{"loc":{"start":{"line":61,"column":16},"end":{"line":61,"column":59}},"type":"cond-expr","locations":[{"start":{"line":61,"column":28},"end":{"line":61,"column":51}},{"start":{"line":61,"column":54},"end":{"line":61,"column":59}}],"line":61},"9":{"loc":{"start":{"line":67,"column":16},"end":{"line":67,"column":48}},"type":"cond-expr","locations":[{"start":{"line":67,"column":36},"end":{"line":67,"column":41}},{"start":{"line":67,"column":44},"end":{"line":67,"column":48}}],"line":67},"10":{"loc":{"start":{"line":70,"column":92},"end":{"line":70,"column":136}},"type":"cond-expr","locations":[{"start":{"line":70,"column":124},"end":{"line":70,"column":129}},{"start":{"line":70,"column":132},"end":{"line":70,"column":136}}],"line":70},"11":{"loc":{"start":{"line":78,"column":32},"end":{"line":78,"column":78}},"type":"cond-expr","locations":[{"start":{"line":78,"column":57},"end":{"line":78,"column":65}},{"start":{"line":78,"column":68},"end":{"line":78,"column":78}}],"line":78},"12":{"loc":{"start":{"line":79,"column":35},"end":{"line":79,"column":66}},"type":"cond-expr","locations":[{"start":{"line":79,"column":54},"end":{"line":79,"column":59}},{"start":{"line":79,"column":62},"end":{"line":79,"column":66}}],"line":79},"13":{"loc":{"start":{"line":85,"column":22},"end":{"line":85,"column":91}},"type":"cond-expr","locations":[{"start":{"line":85,"column":70},"end":{"line":85,"column":78}},{"start":{"line":85,"column":81},"end":{"line":85,"column":91}}],"line":85},"14":{"loc":{"start":{"line":85,"column":23},"end":{"line":85,"column":66}},"type":"binary-expr","locations":[{"start":{"line":85,"column":23},"end":{"line":85,"column":45}},{"start":{"line":85,"column":49},"end":{"line":85,"column":66}}],"line":85},"15":{"loc":{"start":{"line":90,"column":22},"end":{"line":90,"column":90}},"type":"cond-expr","locations":[{"start":{"line":90,"column":69},"end":{"line":90,"column":77}},{"start":{"line":90,"column":80},"end":{"line":90,"column":90}}],"line":90},"16":{"loc":{"start":{"line":90,"column":23},"end":{"line":90,"column":65}},"type":"binary-expr","locations":[{"start":{"line":90,"column":23},"end":{"line":90,"column":45}},{"start":{"line":90,"column":49},"end":{"line":90,"column":65}}],"line":90},"17":{"loc":{"start":{"line":94,"column":66},"end":{"line":94,"column":113}},"type":"cond-expr","locations":[{"start":{"line":94,"column":92},"end":{"line":94,"column":100}},{"start":{"line":94,"column":103},"end":{"line":94,"column":113}}],"line":94},"18":{"loc":{"start":{"line":104,"column":18},"end":{"line":104,"column":150}},"type":"cond-expr","locations":[{"start":{"line":104,"column":73},"end":{"line":104,"column":137}},{"start":{"line":104,"column":140},"end":{"line":104,"column":150}}],"line":104},"19":{"loc":{"start":{"line":109,"column":16},"end":{"line":109,"column":171}},"type":"cond-expr","locations":[{"start":{"line":109,"column":42},"end":{"line":109,"column":162}},{"start":{"line":109,"column":166},"end":{"line":109,"column":171}}],"line":109},"20":{"loc":{"start":{"line":109,"column":115},"end":{"line":109,"column":158}},"type":"cond-expr","locations":[{"start":{"line":109,"column":127},"end":{"line":109,"column":150}},{"start":{"line":109,"column":153},"end":{"line":109,"column":158}}],"line":109}},"s":{"0":1,"1":0,"2":1,"3":0,"4":0,"5":0,"6":0,"7":0,"8":0,"9":0,"10":0,"11":0,"12":0,"13":0,"14":0,"15":0,"16":0,"17":1,"18":0,"19":0,"20":1},"f":{"0":0,"1":0,"2":0,"3":0,"4":0,"5":0,"6":0,"7":0,"8":0,"9":0,"10":0},"b":{"0":[0,0],"1":[0,0],"2":[0,0,0,0],"3":[0,0],"4":[0,0],"5":[0,0],"6":[0,0],"7":[0,0],"8":[0,0],"9":[0,0],"10":[0,0],"11":[0,0],"12":[0,0],"13":[0,0],"14":[0,0],"15":[0,0],"16":[0,0],"17":[0,0],"18":[0,0],"19":[0,0],"20":[0,0]},"_coverageSchema":"332fd63041d2c1bcb487cc26dd0d5f7d97098a6c","hash":"bb79f6ecbda1e4b2d48c59678f55df7f344cf100"}
,"/Users/hitoi/Dropbox/Projects/agnes-client-side/src/components/TextEditorDraft/index.js": {"path":"/Users/hitoi/Dropbox/Projects/agnes-client-side/src/components/TextEditorDraft/index.js","statementMap":{"0":{"start":{"line":7,"column":24},"end":{"line":9,"column":1}},"1":{"start":{"line":8,"column":2},"end":{"line":8,"column":24}},"2":{"start":{"line":11,"column":27},"end":{"line":25,"column":1}},"3":{"start":{"line":12,"column":2},"end":{"line":24,"column":3}},"4":{"start":{"line":22,"column":6},"end":{"line":22,"column":44}},"5":{"start":{"line":30,"column":4},"end":{"line":30,"column":17}},"6":{"start":{"line":32,"column":4},"end":{"line":34,"column":5}},"7":{"start":{"line":35,"column":4},"end":{"line":35,"column":44}},"8":{"start":{"line":38,"column":4},"end":{"line":44,"column":5}},"9":{"start":{"line":40,"column":6},"end":{"line":40,"column":35}},"10":{"start":{"line":42,"column":6},"end":{"line":42,"column":73}},"11":{"start":{"line":45,"column":4},"end":{"line":45,"column":48}},"12":{"start":{"line":45,"column":23},"end":{"line":45,"column":47}},"13":{"start":{"line":46,"column":4},"end":{"line":46,"column":73}},"14":{"start":{"line":46,"column":41},"end":{"line":46,"column":72}},"15":{"start":{"line":47,"column":4},"end":{"line":47,"column":39}},"16":{"start":{"line":47,"column":24},"end":{"line":47,"column":38}},"17":{"start":{"line":48,"column":4},"end":{"line":48,"column":43}},"18":{"start":{"line":48,"column":26},"end":{"line":48,"column":42}},"19":{"start":{"line":52,"column":4},"end":{"line":52,"column":15}},"20":{"start":{"line":60,"column":4},"end":{"line":63,"column":5}},"21":{"start":{"line":61,"column":6},"end":{"line":61,"column":50}},"22":{"start":{"line":62,"column":6},"end":{"line":62,"column":138}},"23":{"start":{"line":71,"column":4},"end":{"line":71,"column":28}},"24":{"start":{"line":76,"column":4},"end":{"line":76,"column":23}},"25":{"start":{"line":81,"column":25},"end":{"line":81,"column":31}},"26":{"start":{"line":82,"column":23},"end":{"line":82,"column":45}},"27":{"start":{"line":83,"column":26},"end":{"line":87,"column":6}},"28":{"start":{"line":89,"column":5},"end":{"line":89,"column":61}},"29":{"start":{"line":90,"column":5},"end":{"line":92,"column":8}},"30":{"start":{"line":96,"column":26},"end":{"line":96,"column":36}},"31":{"start":{"line":97,"column":21},"end":{"line":97,"column":69}},"32":{"start":{"line":98,"column":4},"end":{"line":101,"column":5}},"33":{"start":{"line":99,"column":6},"end":{"line":99,"column":30}},"34":{"start":{"line":100,"column":6},"end":{"line":100,"column":18}},"35":{"start":{"line":102,"column":4},"end":{"line":102,"column":17}},"36":{"start":{"line":105,"column":4},"end":{"line":123,"column":5}},"37":{"start":{"line":135,"column":4},"end":{"line":135,"column":23}},"38":{"start":{"line":137,"column":23},"end":{"line":137,"column":54}},"39":{"start":{"line":138,"column":23},"end":{"line":138,"column":49}},"40":{"start":{"line":139,"column":23},"end":{"line":139,"column":46}},"41":{"start":{"line":140,"column":23},"end":{"line":140,"column":60}},"42":{"start":{"line":142,"column":22},"end":{"line":142,"column":60}},"43":{"start":{"line":145,"column":4},"end":{"line":157,"column":5}},"44":{"start":{"line":146,"column":8},"end":{"line":150,"column":10}},"45":{"start":{"line":152,"column":8},"end":{"line":156,"column":10}},"46":{"start":{"line":159,"column":4},"end":{"line":159,"column":85}},"47":{"start":{"line":163,"column":24},"end":{"line":166,"column":27}}},"fnMap":{"0":{"name":"(anonymous_0)","decl":{"start":{"line":7,"column":24},"end":{"line":7,"column":25}},"loc":{"start":{"line":7,"column":45},"end":{"line":9,"column":1}},"line":7},"1":{"name":"(anonymous_1)","decl":{"start":{"line":11,"column":27},"end":{"line":11,"column":28}},"loc":{"start":{"line":11,"column":51},"end":{"line":25,"column":1}},"line":11},"2":{"name":"(anonymous_2)","decl":{"start":{"line":13,"column":27},"end":{"line":13,"column":28}},"loc":{"start":{"line":13,"column":34},"end":{"line":15,"column":5}},"line":13},"3":{"name":"(anonymous_3)","decl":{"start":{"line":16,"column":22},"end":{"line":16,"column":23}},"loc":{"start":{"line":16,"column":29},"end":{"line":18,"column":5}},"line":16},"4":{"name":"(anonymous_4)","decl":{"start":{"line":19,"column":18},"end":{"line":19,"column":19}},"loc":{"start":{"line":19,"column":28},"end":{"line":23,"column":5}},"line":19},"5":{"name":"(anonymous_5)","decl":{"start":{"line":28,"column":2},"end":{"line":28,"column":3}},"loc":{"start":{"line":28,"column":21},"end":{"line":49,"column":3}},"line":28},"6":{"name":"(anonymous_6)","decl":{"start":{"line":38,"column":20},"end":{"line":38,"column":21}},"loc":{"start":{"line":38,"column":37},"end":{"line":44,"column":5}},"line":38},"7":{"name":"(anonymous_7)","decl":{"start":{"line":45,"column":17},"end":{"line":45,"column":18}},"loc":{"start":{"line":45,"column":23},"end":{"line":45,"column":47}},"line":45},"8":{"name":"(anonymous_8)","decl":{"start":{"line":46,"column":28},"end":{"line":46,"column":29}},"loc":{"start":{"line":46,"column":41},"end":{"line":46,"column":72}},"line":46},"9":{"name":"(anonymous_9)","decl":{"start":{"line":47,"column":17},"end":{"line":47,"column":18}},"loc":{"start":{"line":47,"column":24},"end":{"line":47,"column":38}},"line":47},"10":{"name":"(anonymous_10)","decl":{"start":{"line":48,"column":19},"end":{"line":48,"column":20}},"loc":{"start":{"line":48,"column":26},"end":{"line":48,"column":42}},"line":48},"11":{"name":"(anonymous_11)","decl":{"start":{"line":50,"column":2},"end":{"line":50,"column":3}},"loc":{"start":{"line":50,"column":46},"end":{"line":53,"column":3}},"line":50},"12":{"name":"(anonymous_12)","decl":{"start":{"line":54,"column":2},"end":{"line":54,"column":3}},"loc":{"start":{"line":54,"column":50},"end":{"line":69,"column":3}},"line":54},"13":{"name":"(anonymous_13)","decl":{"start":{"line":70,"column":2},"end":{"line":70,"column":3}},"loc":{"start":{"line":70,"column":14},"end":{"line":73,"column":3}},"line":70},"14":{"name":"(anonymous_14)","decl":{"start":{"line":74,"column":2},"end":{"line":74,"column":3}},"loc":{"start":{"line":74,"column":12},"end":{"line":94,"column":3}},"line":74},"15":{"name":"(anonymous_15)","decl":{"start":{"line":95,"column":2},"end":{"line":95,"column":3}},"loc":{"start":{"line":95,"column":29},"end":{"line":103,"column":3}},"line":95},"16":{"name":"(anonymous_16)","decl":{"start":{"line":104,"column":2},"end":{"line":104,"column":3}},"loc":{"start":{"line":104,"column":10},"end":{"line":124,"column":3}},"line":104},"17":{"name":"handleTab","decl":{"start":{"line":134,"column":9},"end":{"line":134,"column":18}},"loc":{"start":{"line":134,"column":35},"end":{"line":160,"column":1}},"line":134}},"branchMap":{"0":{"loc":{"start":{"line":60,"column":4},"end":{"line":63,"column":5}},"type":"if","locations":[{"start":{"line":60,"column":4},"end":{"line":63,"column":5}},{"start":{"line":60,"column":4},"end":{"line":63,"column":5}}],"line":60},"1":{"loc":{"start":{"line":98,"column":4},"end":{"line":101,"column":5}},"type":"if","locations":[{"start":{"line":98,"column":4},"end":{"line":101,"column":5}},{"start":{"line":98,"column":4},"end":{"line":101,"column":5}}],"line":98},"2":{"loc":{"start":{"line":145,"column":4},"end":{"line":157,"column":5}},"type":"if","locations":[{"start":{"line":145,"column":4},"end":{"line":157,"column":5}},{"start":{"line":145,"column":4},"end":{"line":157,"column":5}}],"line":145}},"s":{"0":1,"1":0,"2":1,"3":0,"4":0,"5":0,"6":0,"7":0,"8":0,"9":0,"10":0,"11":0,"12":0,"13":0,"14":0,"15":0,"16":0,"17":0,"18":0,"19":0,"20":0,"21":0,"22":0,"23":0,"24":0,"25":0,"26":0,"27":0,"28":0,"29":0,"30":0,"31":0,"32":0,"33":0,"34":0,"35":0,"36":0,"37":0,"38":0,"39":0,"40":0,"41":0,"42":0,"43":0,"44":0,"45":0,"46":0,"47":1},"f":{"0":0,"1":0,"2":0,"3":0,"4":0,"5":0,"6":0,"7":0,"8":0,"9":0,"10":0,"11":0,"12":0,"13":0,"14":0,"15":0,"16":0,"17":0},"b":{"0":[0,0],"1":[0,0],"2":[0,0]},"_coverageSchema":"332fd63041d2c1bcb487cc26dd0d5f7d97098a6c","hash":"042e48e5b00ffcd133bee44d5ed38af1484962c1"}
,"/Users/hitoi/Dropbox/Projects/agnes-client-side/src/components/TreeNav/index.js": {"path":"/Users/hitoi/Dropbox/Projects/agnes-client-side/src/components/TreeNav/index.js","statementMap":{"0":{"start":{"line":6,"column":24},"end":{"line":8,"column":1}},"1":{"start":{"line":7,"column":2},"end":{"line":7,"column":24}},"2":{"start":{"line":10,"column":27},"end":{"line":51,"column":1}},"3":{"start":{"line":11,"column":2},"end":{"line":50,"column":3}},"4":{"start":{"line":13,"column":8},"end":{"line":13,"column":28}},"5":{"start":{"line":14,"column":8},"end":{"line":14,"column":76}},"6":{"start":{"line":15,"column":8},"end":{"line":15,"column":54}},"7":{"start":{"line":18,"column":8},"end":{"line":18,"column":28}},"8":{"start":{"line":19,"column":8},"end":{"line":19,"column":60}},"9":{"start":{"line":20,"column":8},"end":{"line":20,"column":54}},"10":{"start":{"line":23,"column":8},"end":{"line":23,"column":28}},"11":{"start":{"line":24,"column":8},"end":{"line":24,"column":60}},"12":{"start":{"line":25,"column":8},"end":{"line":25,"column":54}},"13":{"start":{"line":28,"column":8},"end":{"line":28,"column":28}},"14":{"start":{"line":30,"column":21},"end":{"line":30,"column":74}},"15":{"start":{"line":31,"column":8},"end":{"line":33,"column":9}},"16":{"start":{"line":32,"column":10},"end":{"line":32,"column":111}},"17":{"start":{"line":36,"column":8},"end":{"line":36,"column":54}},"18":{"start":{"line":39,"column":8},"end":{"line":39,"column":28}},"19":{"start":{"line":41,"column":8},"end":{"line":41,"column":71}},"20":{"start":{"line":42,"column":8},"end":{"line":42,"column":54}},"21":{"start":{"line":45,"column":8},"end":{"line":45,"column":28}},"22":{"start":{"line":47,"column":8},"end":{"line":47,"column":68}},"23":{"start":{"line":48,"column":8},"end":{"line":48,"column":54}},"24":{"start":{"line":53,"column":25},"end":{"line":209,"column":1}},"25":{"start":{"line":54,"column":2},"end":{"line":207,"column":8}},"26":{"start":{"line":60,"column":26},"end":{"line":60,"column":87}},"27":{"start":{"line":70,"column":26},"end":{"line":70,"column":87}},"28":{"start":{"line":80,"column":26},"end":{"line":80,"column":88}},"29":{"start":{"line":96,"column":26},"end":{"line":96,"column":81}},"30":{"start":{"line":105,"column":26},"end":{"line":105,"column":81}},"31":{"start":{"line":114,"column":26},"end":{"line":114,"column":79}},"32":{"start":{"line":131,"column":26},"end":{"line":131,"column":94}},"33":{"start":{"line":145,"column":26},"end":{"line":145,"column":86}},"34":{"start":{"line":156,"column":26},"end":{"line":156,"column":85}},"35":{"start":{"line":166,"column":26},"end":{"line":166,"column":83}},"36":{"start":{"line":176,"column":26},"end":{"line":176,"column":85}},"37":{"start":{"line":212,"column":16},"end":{"line":215,"column":19}}},"fnMap":{"0":{"name":"(anonymous_0)","decl":{"start":{"line":6,"column":24},"end":{"line":6,"column":25}},"loc":{"start":{"line":6,"column":45},"end":{"line":8,"column":1}},"line":6},"1":{"name":"(anonymous_1)","decl":{"start":{"line":10,"column":27},"end":{"line":10,"column":28}},"loc":{"start":{"line":10,"column":51},"end":{"line":51,"column":1}},"line":10},"2":{"name":"(anonymous_2)","decl":{"start":{"line":12,"column":19},"end":{"line":12,"column":20}},"loc":{"start":{"line":12,"column":57},"end":{"line":16,"column":5}},"line":12},"3":{"name":"(anonymous_3)","decl":{"start":{"line":17,"column":20},"end":{"line":17,"column":21}},"loc":{"start":{"line":17,"column":46},"end":{"line":21,"column":5}},"line":17},"4":{"name":"(anonymous_4)","decl":{"start":{"line":22,"column":20},"end":{"line":22,"column":21}},"loc":{"start":{"line":22,"column":46},"end":{"line":26,"column":5}},"line":22},"5":{"name":"(anonymous_5)","decl":{"start":{"line":27,"column":18},"end":{"line":27,"column":19}},"loc":{"start":{"line":27,"column":44},"end":{"line":37,"column":5}},"line":27},"6":{"name":"(anonymous_6)","decl":{"start":{"line":38,"column":18},"end":{"line":38,"column":19}},"loc":{"start":{"line":38,"column":54},"end":{"line":43,"column":5}},"line":38},"7":{"name":"(anonymous_7)","decl":{"start":{"line":44,"column":16},"end":{"line":44,"column":17}},"loc":{"start":{"line":44,"column":51},"end":{"line":49,"column":5}},"line":44},"8":{"name":"(anonymous_8)","decl":{"start":{"line":53,"column":25},"end":{"line":53,"column":26}},"loc":{"start":{"line":54,"column":2},"end":{"line":207,"column":8}},"line":54},"9":{"name":"(anonymous_9)","decl":{"start":{"line":60,"column":19},"end":{"line":60,"column":20}},"loc":{"start":{"line":60,"column":26},"end":{"line":60,"column":87}},"line":60},"10":{"name":"(anonymous_10)","decl":{"start":{"line":70,"column":19},"end":{"line":70,"column":20}},"loc":{"start":{"line":70,"column":26},"end":{"line":70,"column":87}},"line":70},"11":{"name":"(anonymous_11)","decl":{"start":{"line":80,"column":19},"end":{"line":80,"column":20}},"loc":{"start":{"line":80,"column":26},"end":{"line":80,"column":88}},"line":80},"12":{"name":"(anonymous_12)","decl":{"start":{"line":96,"column":19},"end":{"line":96,"column":20}},"loc":{"start":{"line":96,"column":26},"end":{"line":96,"column":81}},"line":96},"13":{"name":"(anonymous_13)","decl":{"start":{"line":105,"column":19},"end":{"line":105,"column":20}},"loc":{"start":{"line":105,"column":26},"end":{"line":105,"column":81}},"line":105},"14":{"name":"(anonymous_14)","decl":{"start":{"line":114,"column":19},"end":{"line":114,"column":20}},"loc":{"start":{"line":114,"column":26},"end":{"line":114,"column":79}},"line":114},"15":{"name":"(anonymous_15)","decl":{"start":{"line":131,"column":19},"end":{"line":131,"column":20}},"loc":{"start":{"line":131,"column":26},"end":{"line":131,"column":94}},"line":131},"16":{"name":"(anonymous_16)","decl":{"start":{"line":145,"column":19},"end":{"line":145,"column":20}},"loc":{"start":{"line":145,"column":26},"end":{"line":145,"column":86}},"line":145},"17":{"name":"(anonymous_17)","decl":{"start":{"line":156,"column":19},"end":{"line":156,"column":20}},"loc":{"start":{"line":156,"column":26},"end":{"line":156,"column":85}},"line":156},"18":{"name":"(anonymous_18)","decl":{"start":{"line":166,"column":19},"end":{"line":166,"column":20}},"loc":{"start":{"line":166,"column":26},"end":{"line":166,"column":83}},"line":166},"19":{"name":"(anonymous_19)","decl":{"start":{"line":176,"column":19},"end":{"line":176,"column":20}},"loc":{"start":{"line":176,"column":26},"end":{"line":176,"column":85}},"line":176}},"branchMap":{"0":{"loc":{"start":{"line":31,"column":8},"end":{"line":33,"column":9}},"type":"if","locations":[{"start":{"line":31,"column":
[...]
"(anonymous_1)","decl":{"start":{"line":18,"column":2},"end":{"line":18,"column":3}},"loc":{"start":{"line":18,"column":22},"end":{"line":20,"column":3}},"line":18},"2":{"name":"(anonymous_2)","decl":{"start":{"line":21,"column":2},"end":{"line":21,"column":3}},"loc":{"start":{"line":21,"column":14},"end":{"line":31,"column":3}},"line":21},"3":{"name":"(anonymous_3)","decl":{"start":{"line":32,"column":2},"end":{"line":32,"column":3}},"loc":{"start":{"line":32,"column":11},"end":{"line":36,"column":3}},"line":32},"4":{"name":"(anonymous_4)","decl":{"start":{"line":38,"column":2},"end":{"line":38,"column":3}},"loc":{"start":{"line":38,"column":11},"end":{"line":44,"column":3}},"line":38},"5":{"name":"(anonymous_5)","decl":{"start":{"line":45,"column":2},"end":{"line":45,"column":3}},"loc":{"start":{"line":45,"column":10},"end":{"line":82,"column":3}},"line":45}},"branchMap":{"0":{"loc":{"start":{"line":22,"column":4},"end":{"line":30,"column":5}},"type":"if","locations":[{"start":{"line":22,"column":4},"end":{"line":30,"column":5}},{"start":{"line":22,"column":4},"end":{"line":30,"column":5}}],"line":22},"1":{"loc":{"start":{"line":39,"column":4},"end":{"line":43,"column":5}},"type":"if","locations":[{"start":{"line":39,"column":4},"end":{"line":43,"column":5}},{"start":{"line":39,"column":4},"end":{"line":43,"column":5}}],"line":39},"2":{"loc":{"start":{"line":39,"column":7},"end":{"line":39,"column":80}},"type":"binary-expr","locations":[{"start":{"line":39,"column":7},"end":{"line":39,"column":26}},{"start":{"line":39,"column":30},"end":{"line":39,"column":42}},{"start":{"line":39,"column":46},"end":{"line":39,"column":80}}],"line":39},"3":{"loc":{"start":{"line":74,"column":22},"end":{"line":74,"column":60}},"type":"cond-expr","locations":[{"start":{"line":74,"column":44},"end":{"line":74,"column":51}},{"start":{"line":74,"column":54},"end":{"line":74,"column":60}}],"line":74}},"s":{"0":0,"1":0,"2":0,"3":0,"4":0,"5":0,"6":0,"7":0,"8":0},"f":{"0":0,"1":0,"2":0,"3":0,"4":0,"5":0},"b":{"0":[0,0],"1":[0,0],"2":[0,0,0],"3":[0,0]},"_coverageSchema":"332fd63041d2c1bcb487cc26dd0d5f7d97098a6c","hash":"a8f8f5bcaf212fb016efe881b477e9742261d94b"}
,"/Users/hitoi/Dropbox/Projects/agnes-client-side/src/reducers/dummy.js": {"path":"/Users/hitoi/Dropbox/Projects/agnes-client-side/src/reducers/dummy.js","statementMap":{"0":{"start":{"line":2,"column":40},"end":{"line":55,"column":1}},"1":{"start":{"line":58,"column":35},"end":{"line":67,"column":1}},"2":{"start":{"line":59,"column":10},"end":{"line":59,"column":12}},"3":{"start":{"line":60,"column":2},"end":{"line":65,"column":3}},"4":{"start":{"line":61,"column":4},"end":{"line":61,"column":43}},"5":{"start":{"line":62,"column":4},"end":{"line":64,"column":5}},"6":{"start":{"line":63,"column":6},"end":{"line":63,"column":63}},"7":{"start":{"line":66,"column":2},"end":{"line":66,"column":11}},"8":{"start":{"line":69,"column":29},"end":{"line":77,"column":1}},"9":{"start":{"line":70,"column":10},"end":{"line":70,"column":12}},"10":{"start":{"line":72,"column":2},"end":{"line":74,"column":3}},"11":{"start":{"line":73,"column":4},"end":{"line":73,"column":67}},"12":{"start":{"line":76,"column":2},"end":{"line":76,"column":11}},"13":{"start":{"line":78,"column":24},"end":{"line":88,"column":1}},"14":{"start":{"line":79,"column":15},"end":{"line":81,"column":3}},"15":{"start":{"line":82,"column":2},"end":{"line":86,"column":3}},"16":{"start":{"line":83,"column":4},"end":{"line":83,"column":30}},"17":{"start":{"line":84,"column":9},"end":{"line":86,"column":3}},"18":{"start":{"line":85,"column":4},"end":{"line":85,"column":45}},"19":{"start":{"line":87,"column":2},"end":{"line":87,"column":15}},"20":{"start":{"line":93,"column":21},"end":{"line":108,"column":1}},"21":{"start":{"line":94,"column":18},"end":{"line":96,"column":3}},"22":{"start":{"line":97,"column":2},"end":{"line":103,"column":3}},"23":{"start":{"line":98,"column":4},"end":{"line":98,"column":34}},"24":{"start":{"line":99,"column":9},"end":{"line":103,"column":3}},"25":{"start":{"line":100,"column":4},"end":{"line":100,"column":36}},"26":{"start":{"line":102,"column":4},"end":{"line":102,"column":28}},"27":{"start":{"line":105,"column":2},"end":{"line":105,"column":29}},"28":{"start":{"line":107,"column":2},"end":{"line":107,"column":18}},"29":{"start":{"line":110,"column":21},"end":{"line":110,"column":56}},"30":{"start":{"line":112,"column":19},"end":{"line":112,"column":43}},"31":{"start":{"line":113,"column":19},"end":{"line":113,"column":43}},"32":{"start":{"line":114,"column":19},"end":{"line":114,"column":58}},"33":{"start":{"line":115,"column":19},"end":{"line":115,"column":43}},"34":{"start":{"line":117,"column":17},"end":{"line":117,"column":41}},"35":{"start":{"line":118,"column":17},"end":{"line":118,"column":95}},"36":{"start":{"line":119,"column":17},"end":{"line":119,"column":41}},"37":{"start":{"line":120,"column":17},"end":{"line":120,"column":41}},"38":{"start":{"line":122,"column":25},"end":{"line":132,"column":1}},"39":{"start":{"line":134,"column":30},"end":{"line":143,"column":1}}},"fnMap":{"0":{"name":"(anonymous_0)","decl":{"start":{"line":58,"column":35},"end":{"line":58,"column":36}},"loc":{"start":{"line":58,"column":50},"end":{"line":67,"column":1}},"line":58},"1":{"name":"(anonymous_1)","decl":{"start":{"line":69,"column":29},"end":{"line":69,"column":30}},"loc":{"start":{"line":69,"column":44},"end":{"line":77,"column":1}},"line":69},"2":{"name":"(anonymous_2)","decl":{"start":{"line":78,"column":24},"end":{"line":78,"column":25}},"loc":{"start":{"line":78,"column":45},"end":{"line":88,"column":1}},"line":78},"3":{"name":"(anonymous_3)","decl":{"start":{"line":93,"column":21},"end":{"line":93,"column":22}},"loc":{"start":{"line":93,"column":41},"end":{"line":108,"column":1}},"line":93}},"branchMap":{"0":{"loc":{"start":{"line":62,"column":4},"end":{"line":64,"column":5}},"type":"if","locations":[{"start":{"line":62,"column":4},"end":{"line":64,"column":5}},{"start":{"line":62,"column":4},"end":{"line":64,"column":5}}],"line":62},"1":{"loc":{"start":{"line":82,"column":2},"end":{"line":86,"column":3}},"type":"if","locations":[{"start":{"line":82,"column":2},"end":{"line":86,"column":3}},{"start":{"line":82,"column":2},"end":{"line":86,"column":3}}],"line":82},"2":{"loc":{"start":{"line":84,"column":9},"end":{"line":86,"column":3}},"type":"if","locations":[{"start":{"line":84,"column":9},"end":{"line":86,"column":3}},{"start":{"line":84,"column":9},"end":{"line":86,"column":3}}],"line":84},"3":{"loc":{"start":{"line":97,"column":2},"end":{"line":103,"column":3}},"type":"if","locations":[{"start":{"line":97,"column":2},"end":{"line":103,"column":3}},{"start":{"line":97,"column":2},"end":{"line":103,"column":3}}],"line":97},"4":{"loc":{"start":{"line":99,"column":9},"end":{"line":103,"column":3}},"type":"if","locations":[{"start":{"line":99,"column":9},"end":{"line":103,"column":3}},{"start":{"line":99,"column":9},"end":{"line":103,"column":3}}],"line":99}},"s":{"0":1,"1":1,"2":2,"3":2,"4":10,"5":10,"6":1,"7":2,"8":1,"9":2,"10":2,"11":10,"12":2,"13":1,"14":10,"15":10,"16":9,"17":1,"18":1,"19":10,"20":1,"21":10,"22":10,"23":2,"24":8,"25":1,"26":7,"27":10,"28":10,"29":1,"30":1,"31":1,"32":1,"33":1,"34":1,"35":1,"36":1,"37":1,"38":1,"39":1},"f":{"0":2,"1":2,"2":10,"3":10},"b":{"0":[1,9],"1":[9,1],"2":[1,0],"3":[2,8],"4":[1,7]},"_coverageSchema":"332fd63041d2c1bcb487cc26dd0d5f7d97098a6c","hash":"f9bebe9d0d4e7d37cbe066b73d7693d85fd9bb68"}
,"/Users/hitoi/Dropbox/Projects/agnes-client-side/src/reducers/fetchFileName.js": {"path":"/Users/hitoi/Dropbox/Projects/agnes-client-side/src/reducers/fetchFileName.js","statementMap":{"0":{"start":{"line":5,"column":22},"end":{"line":14,"column":1}},"1":{"start":{"line":6,"column":2},"end":{"line":13,"column":3}},"2":{"start":{"line":8,"column":6},"end":{"line":10,"column":7}},"3":{"start":{"line":12,"column":6},"end":{"line":12,"column":18}}},"fnMap":{"0":{"name":"(anonymous_0)","decl":{"start":{"line":5,"column":22},"end":{"line":5,"column":23}},"loc":{"start":{"line":5,"column":66},"end":{"line":14,"column":1}},"line":5}},"branchMap":{"0":{"loc":{"start":{"line":5,"column":23},"end":{"line":5,"column":53}},"type":"default-arg","locations":[{"start":{"line":5,"column":31},"end":{"line":5,"column":53}}],"line":5},"1":{"loc":{"start":{"line":6,"column":2},"end":{"line":13,"column":3}},"type":"switch","locations":[{"start":{"line":7,"column":4},"end":{"line":10,"column":7}},{"start":{"line":11,"column":4},"end":{"line":12,"column":18}}],"line":6}},"s":{"0":1,"1":3,"2":0,"3":3},"f":{"0":3},"b":{"0":[3],"1":[0,3]},"_coverageSchema":"332fd63041d2c1bcb487cc26dd0d5f7d97098a6c","hash":"be9604dab301880b2a4f906923a815f9d171d6a9"}
,"/Users/hitoi/Dropbox/Projects/agnes-client-side/src/reducers/index.js": {"path":"/Users/hitoi/Dropbox/Projects/agnes-client-side/src/reducers/index.js","statementMap":{"0":{"start":{"line":6,"column":25},"end":{"line":9,"column":2}}},"fnMap":{},"branchMap":{},"s":{"0":1},"f":{},"b":{},"_coverageSchema":"332fd63041d2c1bcb487cc26dd0d5f7d97098a6c","hash":"d32b3adce1224278db071f69e36171b536299a2e"}
,"/Users/hitoi/Dropbox/Projects/agnes-client-side/src/reducers/treeState.js": {"path":"/Users/hitoi/Dropbox/Projects/agnes-client-side/src/reducers/treeState.js","statementMap":{"0":{"start":{"line":16,"column":21},"end":{"line":31,"column":1}},"1":{"start":{"line":17,"column":18},"end":{"line":19,"column":3}},"2":{"start":{"line":20,"column":2},"end":{"line":26,"column":3}},"3":{"start":{"line":21,"column":4},"end":{"line":21,"column":34}},"4":{"start":{"line":22,"column":9},"end":{"line":26,"column":3}},"5":{"start":{"line":23,"column":4},"end":{"line":23,"column":36}},"6":{"start":{"line":25,"column":4},"end":{"line":25,"column":28}},"7":{"start":{"line":28,"column":2},"end":{"line":28,"column":29}},"8":{"start":{"line":30,"column":2},"end":{"line":30,"column":18}},"9":{"start":{"line":33,"column":21},"end":{"line":33,"column":56}},"10":{"start":{"line":35,"column":19},"end":{"line":35,"column":43}},"11":{"start":{"line":36,"column":19},"end":{"line":36,"column":43}},"12":{"start":{"line":37,"column":19},"end":{"line":37,"column":58}},"13":{"start":{"line":38,"column":19},"end":{"line":38,"column":43}},"14":{"start":{"line":40,"column":17},"end":{"line":40,"column":41}},"15":{"start":{"line":41,"column":17},"end":{"line":41,"column":95}},"16":{"start":{"line":42,"column":17},"end":{"line":42,"column":41}},"17":{"start":{"line":43,"column":17},"end":{"line":43,"column":41}},"18":{"start":{"line":45,"column":25},"end":{"line":55,"column":1}},"19":{"start":{"line":57,"column":23},"end":{"line":66,"column":1}},"20":{"start":{"line":78,"column":26},"end":{"line":100,"column":1}},"21":{"start":{"line":81,"column":2},"end":{"line":81,"column":68}},"22":{"start":{"line":86,"column":4},"end":{"line":98,"column":6}},"23":{"start":{"line":87,"column":8},"end":{"line":97,"column":9}},"24":{"start":{"line":88,"column":12},"end":{"line":90,"column":13}},"25":{"start":{"line":91,"column":15},"end":{"line":97,"column":9}},"26":{"start":{"line":92,"column":10},"end":{"line":94,"column":11}},"27":{"start":{"line":96,"column":10},"end":{"line":96,"column":23}},"28":{"start":{"line":102,"column":21},"end":{"line":132,"column":1}},"29":{"start":{"line":106,"column":2},"end":{"line":110,"column":3}},"30":{"start":{"line":114,"column":4},"end":{"line":130,"column":6}},"31":{"start":{"line":116,"column":8},"end":{"line":129,"column":9}},"32":{"start":{"line":119,"column":10},"end":{"line":121,"column":11}},"33":{"start":{"line":122,"column":15},"end":{"line":129,"column":9}},"34":{"start":{"line":124,"column":10},"end":{"line":126,"column":11}},"35":{"start":{"line":128,"column":10},"end":{"line":128,"column":23}},"36":{"start":{"line":134,"column":18},"end":{"line":239,"column":1}},"37":{"start":{"line":135,"column":2},"end":{"line":238,"column":3}},"38":{"start":{"line":137,"column":4},"end":{"line":144,"column":7}},"39":{"start":{"line":146,"column":6},"end":{"line":152,"column":7}},"40":{"start":{"line":154,"column":6},"end":{"line":157,"column":7}},"41":{"start":{"line":159,"column":6},"end":{"line":165,"column":7}},"42":{"start":{"line":168,"column":16},"end":{"line":168,"column":41}},"43":{"start":{"line":169,"column":17},"end":{"line":169,"column":51}},"44":{"start":{"line":170,"column":15},"end":{"line":170,"column":47}},"45":{"start":{"line":174,"column":20},"end":{"line":174,"column":71}},"46":{"start":{"line":176,"column":6},"end":{"line":176,"column":88}},"47":{"start":{"line":178,"column":6},"end":{"line":184,"column":7}},"48":{"start":{"line":201,"column":6},"end":{"line":209,"column":7}},"49":{"start":{"line":213,"column":6},"end":{"line":213,"column":59}},"50":{"start":{"line":218,"column":6},"end":{"line":225,"column":9}},"51":{"start":{"line":228,"column":4},"end":{"line":234,"column":7}},"52":{"start":{"line":237,"column":6},"end":{"line":237,"column":18}},"53":{"start":{"line":292,"column":17},"end":{"line":315,"column":1}},"54":{"start":{"line":293,"column":2},"end":{"line":314,"column":3}},"55":{"start":{"line":295,"column":6},"end":{"line":297,"column":7}},"56":{"start":{"line":301,"column":18},"end":{"line":301,"column":37}},"57":{"start":{"line":302,"column":20},"end":{"line":302,"column":48}},"58":{"start":{"line":303,"column":18},"end":{"line":303,"column":44}},"59":{"start":{"line":307,"column":23},"end":{"line":307,"column":74}},"60":{"start":{"line":309,"column":8},"end":{"line":309,"column":78}},"61":{"start":{"line":311,"column":8},"end":{"line":311,"column":23}},"62":{"start":{"line":313,"column":6},"end":{"line":313,"column":18}}},"fnMap":{"0":{"name":"(anonymous_0)","decl":{"start":{"line":16,"column":21},"end":{"line":16,"column":22}},"loc":{"start":{"line":16,"column":41},"end":{"line":31,"column":1}},"line":16},"1":{"name":"(anonymous_1)","decl":{"start":{"line":78,"column":26},"end":{"line":78,"column":27}},"loc":{"start":{"line":78,"column":60},"end":{"line":100,"column":1}},"line":78},"2":{"name":"processBranches","decl":{"start":{"line":85,"column":11},"end":{"line":85,"column":26}},"loc":{"start":{"line":85,"column":60},"end":{"line":99,"column":3}},"line":85},"3":{"name":"(anonymous_3)","decl":{"start":{"line":86,"column":25},"end":{"line":86,"column":26}},"loc":{"start":{"line":86,"column":35},"end":{"line":98,"column":5}},"line":86},"4":{"name":"(anonymous_4)","decl":{"start":{"line":102,"column":21},"end":{"line":102,"column":22}},"loc":{"start":{"line":102,"column":69},"end":{"line":132,"column":1}},"line":102},"5":{"name":"processBranches","decl":{"start":{"line":112,"column":11},"end":{"line":112,"column":26}},"loc":{"start":{"line":112,"column":56},"end":{"line":131,"column":3}},"line":112},"6":{"name":"(anonymous_6)","decl":{"start":{"line":114,"column":21},"end":{"line":114,"column":22}},"loc":{"start":{"line":114,"column":31},"end":{"line":130,"column":5}},"line":114},"7":{"name":"(anonymous_7)","decl":{"start":{"line":134,"column":18},"end":{"line":134,"column":19}},"loc":{"start":{"line":134,"column":54},"end":{"line":239,"column":1}},"line":134},"8":{"name":"(anonymous_8)","decl":{"start":{"line":292,"column":17},"end":{"line":292,"column":18}},"loc":{"start":{"line":292,"column":41},"end":{"line":315,"column":1}},"line":292}},"branchMap":{"0":{"loc":{"start":{"line":20,"column":2},"end":{"line":26,"column":3}},"type":"if","locations":[{"start":{"line":20,"column":2},"end":{"line":26,"column":3}},{"start":{"line":20,"column":2},"end":{"line":26,"column":3}}],"line":20},"1":{"loc":{"start":{"line":22,"column":9},"end":{"line":26,"column":3}},"type":"if","locations":[{"start":{"line":22,"column":9},"end":{"line":26,"column":3}},{"start":{"line":22,"column":9},"end":{"line":26,"column":3}}],"line":22},"2":{"loc":{"start":{"line":87,"column":8},"end":{"line":97,"column":9}},"type":"if","locations":[{"start":{"line":87,"column":8},"end":{"line":97,"column":9}},{"start":{"line":87,"column":8},"end":{"line":97,"column":9}}],"line":87},"3":{"loc":{"start":{"line":89,"column":35},"end":{"line":89,"column":74}},"type":"cond-expr","locations":[{"start":{"line":89,"column":62},"end":{"line":89,"column":66}},{"start":{"line":89,"column":69},"end":{"line":89,"column":74}}],"line":89},"4":{"loc":{"start":{"line":91,"column":15},"end":{"line":97,"column":9}},"type":"if","locations":[{"start":{"line":91,"column":15},"end":{"line":97,"column":9}},{"start":{"line":91,"column":15},"end":{"line":97,"column":9}}],"line":91},"5":{"loc":{"start":{"line":109,"column":18},"end":{"line":109,"column":62}},"type":"cond-expr","locations":[{"start":{"line":109,"column":33},"end":{"line":109,"column":41}},{"start":{"line":109,"column":44},"end":{"line":109,"column":62}}],"line":109},"6":{"loc":{"start":{"line":116,"column":8},"end":{"line":129,"column":9}},"type":"if","locations":[{"start":{"line":116,"column":8},"end":{"line":129,"column":9}},{"start":{"line":116,"column":8},"end":{"line":129,"column":9}}],"line":116},"7":{"loc":{"start":{"line":120,"column":33},"end":{"line":120,"column":72}},"type":"cond-expr","locations":[{"start":{"line":120,"column":60},"end":{"line":120,"column":64}},{"start":{"line":120,"column":67},"end":{"line":120,"column":72}}],"line":120},"8":{"loc":{"start":{"line":122,"column":15},"end":{"line":129,"column":9}},"type":"if","locations":[{"start":{"line":122,"column":15},"end":{"line":129,"column":9}},{"start":{"line":122,"column":15},"end":{"line":129,"column":9}}],"line":122},"9":{"loc":{"start":{"line":134,"column":19},"end":{"line":134,"column":41}},"type":"default-arg","locations":[{"start":{"line":134,"column":27},"end":{"line":134,"column":41}}],"line":134},"10":{"loc":{"start":{"line":135,"column":2},"end":{"line":238,"column":3}},"type":"switch","locations":[{"start":{"line":136,"column":4},"end":{"line":144,"column":7}},{"start":{"line":145,"column":4},"end":{"line":152,"column":7}},{"start":{"line":153,"column":4},"end":{"line":157,"column":7}},{"start":{"line":158,"column":4},"end":{"line":165,"column":7}},{"start":{"line":166,"column":4},"end":{"line":184,"column":7}},{"start":{"line":199,"column":4},"end":{"line":209,"column":7}},{"start":{"line":211,"column":4},"end":{"line":213,"column":59}},{"start":{"line":215,"column":4},"end":{"line":225,"column":9}},{"start":{"line":227,"column":4},"end":{"line":234,"column":7}},{"start":{"line":236,"column":4},"end":{"line":237,"column":18}}],"line":135},"11":{"loc":{"start":{"line":220,"column":24},"end":{"line":220,"column":94}},"type":"cond-expr","locations":[{"start":{"line":220,"column":52},"end":{"line":220,"column":73}},{"start":{"line":220,"column":76},"end":{"line":220,"column":94}}],"line":220},"12":{"loc":{"start":{"line":292,"column":18},"end":{"line":292,"column":28}},"type":"default-arg","locations":[{"start":{"line":292,"column":26},"end":{"line":292,"column":28}}],"line":292},"13":{"loc":{"start":{"line":293,"column":2},"end":{"line":314,"column":3}},"type":"switch","locations":[{"start":{"line":294,"column":4},"end":{"line":297,"column":7}},{"start":{"line":298,"column":4},"end":{"line":311,"column":23}},{"start":{"line":312,"column":4},"end":{"line":313,"column":18}}],"line":293}},"s":{"0":1,"1":10,"2":10,"3":2,"4":8,"5":1,"6":7,"7":10,"8":10,"9":1,"10":1,"11":1,"12":1,"13":1,"14":1,"15":1,"16":1,"17":1,"18":1,"19":1,"20":1,"21":0,"22":0,"23":0,"24":0,"25":0,"26":0,"27":0,"28":1,"29":0,"30":0,"31":0,"32":0,"33":0,"34":0,"35":0,"36":1,"37":3,"38":0,"39":0,"40":0,"41":0,"42":0,"43":0,"44":0,"45":0,"46":0,"47":0,"48":0,"49":0,"50":0,"51":0,"52":3,"53":1,"54":0,"55":0,"56":0,"57":0,"58":0,"59":0,"60":0,"61":0,"62":0},"f":{"0":10,"1":0,"2":0,"3":0,"4":0,"5":0,"6":0,"7":3,"8":0},"b":{"0":[2,8],"1":[1,7],"2":[0,0],"3":[0,0],"4":[0,0],"5":[0,0],"6":[0,0],"7":[0,0],"8":[0,0],"9":[3],"10":[0,0,0,0,0,0,0,0,0,3],"11":[0,0],"12":[0],"13":[0,0,0]},"_coverageSchema":"332fd63041d2c1bcb487cc26dd0d5f7d97098a6c","hash":"64c01aa5bf03e7b580450b0d4e3e8632912ae9c7"}
}
