TN:
SF:/Users/hitoi/Dropbox/Projects/agnes-client-side/src/App.js
FN:9,(anonymous_0)
FNF:1
FNH:1
FNDA:1,(anonymous_0)
DA:9,1
DA:11,1
LF:2
LH:2
BRF:0
BRH:0
end_of_record
TN:
SF:/Users/hitoi/Dropbox/Projects/agnes-client-side/src/router.js
FN:43,(anonymous_0)
FNF:1
FNH:0
FNDA:0,(anonymous_0)
DA:13,1
DA:43,1
DA:44,0
LF:3
LH:2
BRF:0
BRH:0
end_of_record
TN:
SF:/Users/hitoi/Dropbox/Projects/agnes-client-side/src/sample-array.js
FNF:0
FNH:0
DA:5,1
DA:10,1
DA:15,1
DA:19,1
LF:4
LH:4
BRF:0
BRH:0
end_of_record
TN:
SF:/Users/hitoi/Dropbox/Projects/agnes-client-side/src/sample.js
FN:1,(anonymous_0)
FN:2,(anonymous_1)
FN:11,(anonymous_2)
FNF:3
FNH:3
FNDA:1,(anonymous_0)
FNDA:1999,(anonymous_1)
FNDA:999,(anonymous_2)
DA:1,1
DA:2,1
DA:3,1999
DA:4,1000
DA:6,999
DA:7,999
DA:8,999
DA:9,999
DA:11,1
DA:12,999
DA:13,0
DA:15,999
DA:16,999
DA:17,8709
DA:18,8709
DA:19,4322
DA:21,4387
DA:24,999
DA:25,517
DA:26,482
DA:27,482
DA:29,999
DA:31,1
LF:23
LH:22
BRDA:3,0,0,1000
BRDA:3,0,1,999
BRDA:12,1,0,0
BRDA:12,1,1,999
BRDA:16,2,0,9708
BRDA:16,2,1,9191
BRDA:18,3,0,4322
BRDA:18,3,1,4387
BRDA:24,4,0,517
BRDA:24,4,1,482
BRDA:26,5,0,482
BRDA:26,5,1,0
BRF:12
BRH:10
end_of_record
TN:
SF:/Users/hitoi/Dropbox/Projects/agnes-client-side/src/store.js
FNF:0
FNH:0
DA:6,1
DA:10,1
DA:17,1
DA:19,1
DA:20,1
LF:5
LH:5
BRDA:19,0,0,1
BRDA:19,0,1,1
BRF:2
BRH:2
end_of_record
TN:
SF:/Users/hitoi/Dropbox/Projects/agnes-client-side/src/actions/index.js
FN:22,(anonymous_0)
FN:30,(anonymous_1)
FN:36,(anonymous_2)
FN:42,(anonymous_3)
FN:52,(anonymous_4)
FN:68,(anonymous_5)
FN:186,(anonymous_6)
FN:194,(anonymous_7)
FN:221,(anonymous_8)
FN:227,(anonymous_9)
FN:245,(anonymous_10)
FN:246,(anonymous_11)
FN:254,(anonymous_12)
FN:300,immutableDelete
FN:303,(anonymous_14)
FN:304,(anonymous_15)
FN:315,(anonymous_16)
FN:327,(anonymous_17)
FN:422,(anonymous_18)
FN:424,(anonymous_19)
FN:427,(anonymous_20)
FN:430,(anonymous_21)
FN:433,(anonymous_22)
FN:443,getTargetBranch
FN:451,recursiveCheck
FN:471,immutablePop
FN:474,(anonymous_26)
FN:492,(anonymous_27)
FN:512,(anonymous_28)
FN:522,(anonymous_29)
FN:531,(anonymous_30)
FN:540,(anonymous_31)
FN:547,processBranches
FN:608,(anonymous_33)
FN:634,(anonymous_34)
FN:659,(anonymous_35)
FN:705,getPrevSibDownwords
FN:722,(anonymous_37)
FN:765,getNextSibUpwords
FN:788,(anonymous_39)
FN:808,checkIfActiveChild
FN:809,(anonymous_41)
FNF:42
FNH:0
FNDA:0,(anonymous_0)
FNDA:0,(anonymous_1)
FNDA:0,(anonymous_2)
FNDA:0,(anonymous_3)
FNDA:0,(anonymous_4)
FNDA:0,(anonymous_5)
FNDA:0,(anonymous_6)
FNDA:0,(anonymous_7)
FNDA:0,(anonymous_8)
FNDA:0,(anonymous_9)
FNDA:0,(anonymous_10)
FNDA:0,(anonymous_11)
FNDA:0,(anonymous_12)
FNDA:0,immutableDelete
FNDA:0,(anonymous_14)
FNDA:0,(anonymous_15)
FNDA:0,(anonymous_16)
FNDA:0,(anonymous_17)
FNDA:0,(anonymous_18)
FNDA:0,(anonymous_19)
FNDA:0,(anonymous_20)
FNDA:0,(anonymous_21)
FNDA:0,(anonymous_22)
FNDA:0,getTargetBranch
FNDA:0,recursiveCheck
FNDA:0,immutablePop
FNDA:0,(anonymous_26)
FNDA:0,(anonymous_27)
FNDA:0,(anonymous_28)
FNDA:0,(anonymous_29)
FNDA:0,(anonymous_30)
FNDA:0,(anonymous_31)
FNDA:0,processBranches
FNDA:0,(anonymous_33)
FNDA:0,(anonymous_34)
FNDA:0,(anonymous_35)
FNDA:0,getPrevSibDownwords
FNDA:0,(anonymous_37)
FNDA:0,getNextSibUpwords
FNDA:0,(anonymous_39)
FNDA:0,checkIfActiveChild
FNDA:0,(anonymous_41)
DA:22,1
DA:23,0
DA:30,1
DA:31,0
DA:36,1
DA:37,0
DA:42,1
DA:43,0
DA:52,1
DA:53,0
DA:54,0
DA:56,0
DA:57,0
DA:60,0
DA:61,0
DA:63,0
DA:68,1
DA:71,0
DA:73,0
DA:74,0
DA:86,0
DA:90,0
DA:99,0
DA:103,0
DA:105,0
DA:106,0
DA:107,0
DA:127,0
DA:186,1
DA:189,0
DA:190,0
DA:192,0
DA:198,0
DA:200,0
DA:206,0
DA:207,0
DA:212,0
DA:221,1
DA:222,0
DA:227,1
DA:228,0
DA:231,0
DA:232,0
DA:233,0
DA:234,0
DA:236,0
DA:239,0
DA:241,0
DA:245,1
DA:246,0
DA:247,0
DA:248,0
DA:250,0
DA:254,1
DA:255,0
DA:256,0
DA:257,0
DA:258,0
DA:263,0
DA:264,0
DA:269,0
DA:270,0
DA:271,0
DA:272,0
DA:274,0
DA:289,0
DA:301,0
DA:303,1
DA:304,0
DA:305,0
DA:307,0
DA:308,0
DA:312,0
DA:313,0
DA:316,0
DA:320,0
DA:327,1
DA:328,0
DA:329,0
DA:330,0
DA:331,0
DA:337,0
DA:338,0
DA:339,0
DA:343,0
DA:344,0
DA:346,0
DA:348,0
DA:352,0
DA:357,0
DA:362,0
DA:363,0
DA:367,0
DA:369,0
DA:370,0
DA:371,0
DA:375,0
DA:380,0
DA:381,0
DA:382,0
DA:386,0
DA:388,0
DA:389,0
DA:390,0
DA:392,0
DA:398,0
DA:399,0
DA:400,0
DA:404,0
DA:406,0
DA:407,0
DA:408,0
DA:410,0
DA:418,0
DA:422,1
DA:423,0
DA:425,0
DA:428,0
DA:431,0
DA:434,0
DA:437,0
DA:445,0
DA:446,0
DA:448,0
DA:450,0
DA:452,0
DA:453,0
DA:454,0
DA:455,0
DA:456,0
DA:457,0
DA:472,0
DA:474,1
DA:476,0
DA:477,0
DA:479,0
DA:480,0
DA:481,0
DA:482,0
DA:485,0
DA:488,0
DA:492,1
DA:493,0
DA:496,0
DA:497,0
DA:499,0
DA:500,0
DA:501,0
DA:502,0
DA:504,0
DA:507,0
DA:512,1
DA:513,0
DA:514,0
DA:517,0
DA:519,0
DA:522,1
DA:523,0
DA:524,0
DA:525,0
DA:527,0
DA:531,1
DA:537,0
DA:538,0
DA:539,0
DA:540,0
DA:543,0
DA:550,0
DA:554,0
DA:556,0
DA:559,0
DA:560,0
DA:562,0
DA:565,0
DA:566,0
DA:567,0
DA:608,1
DA:613,0
DA:615,0
DA:617,0
DA:625,0
DA:627,0
DA:629,0
DA:634,1
DA:640,0
DA:641,0
DA:643,0
DA:648,0
DA:649,0
DA:651,0
DA:659,1
DA:664,0
DA:665,0
DA:666,0
DA:671,0
DA:673,0
DA:674,0
DA:675,0
DA:676,0
DA:689,0
DA:691,0
DA:698,0
DA:699,0
DA:706,0
DA:708,0
DA:710,0
DA:711,0
DA:722,1
DA:727,0
DA:728,0
DA:729,0
DA:731,0
DA:732,0
DA:739,0
DA:740,0
DA:741,0
DA:748,0
DA:752,0
DA:753,0
DA:754,0
DA:758,0
DA:767,0
DA:769,0
DA:772,0
DA:774,0
DA:782,0
DA:784,0
DA:788,1
DA:789,0
DA:794,0
DA:795,0
DA:797,0
DA:800,0
DA:803,0
DA:805,0
DA:809,0
DA:810,0
DA:821,0
LF:238
LH:24
BRDA:56,0,0,0
BRDA:56,0,1,0
BRDA:56,1,0,0
BRDA:56,1,1,0
BRDA:86,2,0,0
BRDA:86,2,1,0
BRDA:99,3,0,0
BRDA:99,3,1,0
BRDA:105,4,0,0
BRDA:105,4,1,0
BRDA:189,5,0,0
BRDA:189,5,1,0
BRDA:198,6,0,0
BRDA:198,6,1,0
BRDA:206,7,0,0
BRDA:206,7,1,0
BRDA:231,8,0,0
BRDA:231,8,1,0
BRDA:233,9,0,0
BRDA:233,9,1,0
BRDA:247,10,0,0
BRDA:247,10,1,0
BRDA:263,11,0,0
BRDA:263,11,1,0
BRDA:263,12,0,0
BRDA:263,12,1,0
BRDA:269,13,0,0
BRDA:269,13,1,0
BRDA:271,14,0,0
BRDA:271,14,1,0
BRDA:307,15,0,0
BRDA:307,15,1,0
BRDA:312,16,0,0
BRDA:312,16,1,0
BRDA:337,17,0,0
BRDA:337,17,1,0
BRDA:338,18,0,0
BRDA:338,18,1,0
BRDA:357,19,0,0
BRDA:357,19,1,0
BRDA:362,20,0,0
BRDA:362,20,1,0
BRDA:362,21,0,0
BRDA:362,21,1,0
BRDA:380,22,0,0
BRDA:380,22,1,0
BRDA:381,23,0,0
BRDA:381,23,1,0
BRDA:398,24,0,0
BRDA:398,24,1,0
BRDA:399,25,0,0
BRDA:399,25,1,0
BRDA:437,26,0,0
BRDA:437,26,1,0
BRDA:445,27,0,0
BRDA:445,27,1,0
BRDA:453,28,0,0
BRDA:453,28,1,0
BRDA:456,29,0,0
BRDA:456,29,1,0
BRDA:476,30,0,0
BRDA:476,30,1,0
BRDA:481,31,0,0
BRDA:481,31,1,0
BRDA:496,32,0,0
BRDA:496,32,1,0
BRDA:501,33,0,0
BRDA:501,33,1,0
BRDA:513,34,0,0
BRDA:513,34,1,0
BRDA:554,35,0,0
BRDA:554,35,1,0
BRDA:565,36,0,0
BRDA:565,36,1,0
BRDA:566,37,0,0
BRDA:566,37,1,0
BRDA:615,38,0,0
BRDA:615,38,1,0
BRDA:625,39,0,0
BRDA:625,39,1,0
BRDA:625,40,0,0
BRDA:625,40,1,0
BRDA:641,41,0,0
BRDA:641,41,1,0
BRDA:648,42,0,0
BRDA:648,42,1,0
BRDA:648,43,0,0
BRDA:648,43,1,0
BRDA:671,44,0,0
BRDA:671,44,1,0
BRDA:673,45,0,0
BRDA:673,45,1,0
BRDA:673,46,0,0
BRDA:673,46,1,0
BRDA:675,47,0,0
BRDA:675,47,1,0
BRDA:675,48,0,0
BRDA:675,48,1,0
BRDA:675,48,2,0
BRDA:689,49,0,0
BRDA:689,49,1,0
BRDA:689,50,0,0
BRDA:689,50,1,0
BRDA:698,51,0,0
BRDA:698,51,1,0
BRDA:698,52,0,0
BRDA:698,52,1,0
BRDA:706,53,0,0
BRDA:706,53,1,0
BRDA:706,54,0,0
BRDA:706,54,1,0
BRDA:710,55,0,0
BRDA:710,55,1,0
BRDA:710,56,0,0
BRDA:710,56,1,0
BRDA:710,56,2,0
BRDA:710,56,3,0
BRDA:731,57,0,0
BRDA:731,57,1,0
BRDA:731,58,0,0
BRDA:731,58,1,0
BRDA:739,59,0,0
BRDA:739,59,1,0
BRDA:739,60,0,0
BRDA:739,60,1,0
BRDA:739,60,2,0
BRDA:740,61,0,0
BRDA:740,61,1,0
BRDA:748,62,0,0
BRDA:748,62,1,0
BRDA:753,63,0,0
BRDA:753,63,1,0
BRDA:772,64,0,0
BRDA:772,64,1,0
BRDA:794,65,0,0
BRDA:794,65,1,0
BRDA:800,66,0,0
BRDA:800,66,1,0
BRDA:810,67,0,0
BRDA:810,67,1,0
BRDA:810,68,0,0
BRDA:810,68,1,0
BRF:142
BRH:0
end_of_record
TN:
SF:/Users/hitoi/Dropbox/Projects/agnes-client-side/src/actions/types.js
FNF:0
FNH:0
DA:1,1
DA:2,1
DA:3,1
DA:4,1
DA:5,1
DA:6,1
DA:7,1
DA:8,1
DA:9,1
DA:10,1
DA:12,1
LF:11
LH:11
BRF:0
BRH:0
end_of_record
TN:
SF:/Users/hitoi/Dropbox/Projects/agnes-client-side/src/components/Home.js
FN:6,(anonymous_0)
FN:12,(anonymous_1)
FNF:2
FNH:0
FNDA:0,(anonymous_0)
FNDA:0,(anonymous_1)
DA:6,1
DA:7,0
DA:12,1
DA:13,0
DA:20,1
LF:5
LH:3
BRF:0
BRH:0
end_of_record
TN:
SF:/Users/hitoi/Dropbox/Projects/agnes-client-side/src/components/MainPlaceHolder.js
FN:3,(anonymous_0)
FNF:1
FNH:0
FNDA:0,(anonymous_0)
DA:3,1
DA:4,0
LF:2
LH:1
BRF:0
BRH:0
end_of_record
TN:
SF:/Users/hitoi/Dropbox/Projects/agnes-client-side/src/components/Header/index.js
FN:8,(anonymous_0)
FN:17,(anonymous_1)
FNF:2
FNH:0
FNDA:0,(anonymous_0)
FNDA:0,(anonymous_1)
DA:8,1
DA:9,0
DA:17,1
DA:18,0
DA:24,1
LF:5
LH:3
BRF:0
BRH:0
end_of_record
TN:
SF:/Users/hitoi/Dropbox/Projects/agnes-client-side/src/components/OutlineTree/index.js
FN:6,(anonymous_0)
FN:10,(anonymous_1)
FN:12,(anonymous_2)
FN:18,(anonymous_3)
FN:23,(anonymous_4)
FN:45,growTree
FN:49,(anonymous_6)
FN:64,(anonymous_7)
FN:81,(anonymous_8)
FN:136,(anonymous_9)
FN:139,(anonymous_10)
FNF:11
FNH:0
FNDA:0,(anonymous_0)
FNDA:0,(anonymous_1)
FNDA:0,(anonymous_2)
FNDA:0,(anonymous_3)
FNDA:0,(anonymous_4)
FNDA:0,growTree
FNDA:0,(anonymous_6)
FNDA:0,(anonymous_7)
FNDA:0,(anonymous_8)
FNDA:0,(anonymous_9)
FNDA:0,(anonymous_10)
DA:6,1
DA:7,0
DA:10,1
DA:11,0
DA:13,0
DA:14,0
DA:15,0
DA:19,0
DA:21,0
DA:25,0
DA:26,0
DA:28,0
DA:32,0
DA:46,0
DA:50,0
DA:64,0
DA:81,0
DA:136,1
DA:137,0
DA:139,0
DA:150,1
LF:21
LH:4
BRDA:14,0,0,0
BRDA:14,0,1,0
BRDA:26,1,0,0
BRDA:26,1,1,0
BRDA:26,2,0,0
BRDA:26,2,1,0
BRDA:26,2,2,0
BRDA:26,2,3,0
BRDA:48,3,0,0
BRDA:48,3,1,0
BRDA:48,4,0,0
BRDA:48,4,1,0
BRDA:54,5,0,0
BRDA:54,5,1,0
BRDA:55,6,0,0
BRDA:55,6,1,0
BRDA:56,7,0,0
BRDA:56,7,1,0
BRDA:61,8,0,0
BRDA:61,8,1,0
BRDA:67,9,0,0
BRDA:67,9,1,0
BRDA:70,10,0,0
BRDA:70,10,1,0
BRDA:78,11,0,0
BRDA:78,11,1,0
BRDA:79,12,0,0
BRDA:79,12,1,0
BRDA:85,13,0,0
BRDA:85,13,1,0
BRDA:85,14,0,0
BRDA:85,14,1,0
BRDA:90,15,0,0
BRDA:90,15,1,0
BRDA:90,16,0,0
BRDA:90,16,1,0
BRDA:94,17,0,0
BRDA:94,17,1,0
BRDA:104,18,0,0
BRDA:104,18,1,0
BRDA:109,19,0,0
BRDA:109,19,1,0
BRDA:109,20,0,0
BRDA:109,20,1,0
BRF:44
BRH:0
end_of_record
TN:
SF:/Users/hitoi/Dropbox/Projects/agnes-client-side/src/components/TextEditorDraft/index.js
FN:7,(anonymous_0)
FN:11,(anonymous_1)
FN:13,(anonymous_2)
FN:16,(anonymous_3)
FN:19,(anonymous_4)
FN:28,(anonymous_5)
FN:38,(anonymous_6)
FN:45,(anonymous_7)
FN:46,(anonymous_8)
FN:47,(anonymous_9)
FN:48,(anonymous_10)
FN:50,(anonymous_11)
FN:54,(anonymous_12)
FN:70,(anonymous_13)
FN:74,(anonymous_14)
FN:95,(anonymous_15)
FN:104,(anonymous_16)
FN:134,handleTab
FNF:18
FNH:0
FNDA:0,(anonymous_0)
FNDA:0,(anonymous_1)
FNDA:0,(anonymous_2)
FNDA:0,(anonymous_3)
FNDA:0,(anonymous_4)
FNDA:0,(anonymous_5)
FNDA:0,(anonymous_6)
FNDA:0,(anonymous_7)
FNDA:0,(anonymous_8)
FNDA:0,(anonymous_9)
FNDA:0,(anonymous_10)
FNDA:0,(anonymous_11)
FNDA:0,(anonymous_12)
FNDA:0,(anonymous_13)
FNDA:0,(anonymous_14)
FNDA:0,(anonymous_15)
FNDA:0,(anonymous_16)
FNDA:0,handleTab
DA:7,1
DA:8,0
DA:11,1
DA:12,0
DA:22,0
DA:30,0
DA:32,0
DA:35,0
DA:38,0
DA:40,0
DA:42,0
DA:45,0
DA:46,0
DA:47,0
DA:48,0
DA:52,0
DA:60,0
DA:61,0
DA:62,0
DA:71,0
DA:76,0
DA:81,0
DA:82,0
DA:83,0
DA:89,0
DA:90,0
DA:96,0
DA:97,0
DA:98,0
DA:99,0
DA:100,0
DA:102,0
DA:105,0
DA:135,0
DA:137,0
DA:138,0
DA:139,0
DA:140,0
DA:142,0
DA:145,0
DA:146,0
DA:152,0
DA:159,0
DA:163,1
LF:44
LH:3
BRDA:60,0,0,0
BRDA:60,0,1,0
BRDA:98,1,0,0
BRDA:98,1,1,0
BRDA:145,2,0,0
BRDA:145,2,1,0
BRF:6
BRH:0
end_of_record
TN:
SF:/Users/hitoi/Dropbox/Projects/agnes-client-side/src/components/TreeNav/index.js
FN:6,(anonymous_0)
FN:10,(anonymous_1)
FN:12,(anonymous_2)
FN:17,(anonymous_3)
FN:22,(anonymous_4)
FN:27,(anonymous_5)
FN:38,(anonymous_6)
FN:44,(anonymous_7)
FN:53,(anonymous_8)
FN:60,(anonymous_9)
FN:70,(anonymous_10)
FN:80,(anonymous_11)
FN:96,(anonymous_12)
FN:105,(anonymous_13)
FN:114,(anonymous_14)
FN:131,(anonymous_15)
FN:145,(anonymous_16)
FN:156,(anonymous_17)
FN:166,(anonymous_18)
FN:176,(anonymous_19)
FNF:20
FNH:0
FNDA:0,(anonymous_0)
FNDA:0,(anonymous_1)
FNDA:0,(anonymous_2)
FNDA:0,(anonymous_3)
FNDA:0,(anonymous_4)
FNDA:0,(anonymous_5)
FNDA:0,(anonymous_6)
FNDA:0,(anonymous_7)
FNDA:0,(anonymous_8)
FNDA:0,(anonymous_9)
FNDA:0,(anonymous_10)
FNDA:0,(anonymous_11)
FNDA:0,(anonymous_12)
FNDA:0,(anonymous_13)
FNDA:0,(anonymous_14)
FNDA:0,(anonymous_15)
FNDA:0,(anonymous_16)
FNDA:0,(anonymous_17)
FNDA:0,(anonymous_18)
FNDA:0,(anonymous_19)
DA:6,1
DA:7,0
DA:10,1
DA:11,0
DA:13,0
DA:14,0
DA:15,0
DA:18,0
DA:19,0
DA:20,0
DA:23,0
DA:24,0
DA:25,0
DA:28,0
DA:30,0
DA:31,0
DA:32,0
DA:36,0
DA:39,0
DA:41,0
DA:42,0
DA:45,0
DA:47,0
DA:48,0
DA:53,1
DA:54,0
DA:60,0
DA:70,0
DA:80,0
DA:96,0
DA:105,0
DA:114,0
DA:131,0
DA:145,0
DA:156,0
DA:166,0
DA:176,0
DA:212,1
LF:38
LH:4
BRDA:31,0,0,0
BRDA:31,0,1,0
BRF:2
BRH:0
end_of_record
TN:
SF:/Users/hitoi/Dropbox/Projects/agnes-client-side/src/components/TwoPanes/index.js
FN:9,(anonymous_0)
FN:18,(anonymous_1)
FN:21,(anonymous_2)
FN:32,(anonymous_3)
FN:38,(anonymous_4)
FN:45,(anonymous_5)
FNF:6
FNH:0
FNDA:0,(anonymous_0)
FNDA:0,(anonymous_1)
FNDA:0,(anonymous_2)
FNDA:0,(anonymous_3)
FNDA:0,(anonymous_4)
FNDA:0,(anonymous_5)
DA:10,0
DA:12,0
DA:22,0
DA:23,0
DA:27,0
DA:33,0
DA:39,0
DA:41,0
DA:46,0
LF:9
LH:0
BRDA:22,0,0,0
BRDA:22,0,1,0
BRDA:39,1,0,0
BRDA:39,1,1,0
BRDA:39,2,0,0
BRDA:39,2,1,0
BRDA:39,2,2,0
BRDA:74,3,0,0
BRDA:74,3,1,0
BRF:9
BRH:0
end_of_record
TN:
SF:/Users/hitoi/Dropbox/Projects/agnes-client-side/src/reducers/dummy.js
FN:58,(anonymous_0)
FN:69,(anonymous_1)
FN:78,(anonymous_2)
FN:93,(anonymous_3)
FNF:4
FNH:4
FNDA:2,(anonymous_0)
FNDA:2,(anonymous_1)
FNDA:10,(anonymous_2)
FNDA:10,(anonymous_3)
DA:2,1
DA:58,1
DA:59,2
DA:60,2
DA:61,10
DA:62,10
DA:63,1
DA:66,2
DA:69,1
DA:70,2
DA:72,2
DA:73,10
DA:76,2
DA:78,1
DA:79,10
DA:82,10
DA:83,9
DA:84,1
DA:85,1
DA:87,10
DA:93,1
DA:94,10
DA:97,10
DA:98,2
DA:99,8
DA:100,1
DA:102,7
DA:105,10
DA:107,10
DA:110,1
DA:112,1
DA:113,1
DA:114,1
DA:115,1
DA:117,1
DA:118,1
DA:119,1
DA:120,1
DA:122,1
DA:134,1
LF:40
LH:40
BRDA:62,0,0,1
BRDA:62,0,1,9
BRDA:82,1,0,9
BRDA:82,1,1,1
BRDA:84,2,0,1
BRDA:84,2,1,0
BRDA:97,3,0,2
BRDA:97,3,1,8
BRDA:99,4,0,1
BRDA:99,4,1,7
BRF:10
BRH:9
end_of_record
TN:
SF:/Users/hitoi/Dropbox/Projects/agnes-client-side/src/reducers/fetchFileName.js
FN:5,(anonymous_0)
FNF:1
FNH:1
FNDA:3,(anonymous_0)
DA:5,1
DA:6,3
DA:8,0
DA:12,3
LF:4
LH:3
BRDA:5,0,0,3
BRDA:6,1,0,0
BRDA:6,1,1,3
BRF:3
BRH:2
end_of_record
TN:
SF:/Users/hitoi/Dropbox/Projects/agnes-client-side/src/reducers/index.js
FNF:0
FNH:0
DA:6,1
LF:1
LH:1
BRF:0
BRH:0
end_of_record
TN:
SF:/Users/hitoi/Dropbox/Projects/agnes-client-side/src/reducers/treeState.js
FN:16,(anonymous_0)
FN:78,(anonymous_1)
FN:85,processBranches
FN:86,(anonymous_3)
FN:102,(anonymous_4)
FN:112,processBranches
FN:114,(anonymous_6)
FN:134,(anonymous_7)
FN:292,(anonymous_8)
FNF:9
FNH:2
FNDA:10,(anonymous_0)
FNDA:0,(anonymous_1)
FNDA:0,processBranches
FNDA:0,(anonymous_3)
FNDA:0,(anonymous_4)
FNDA:0,processBranches
FNDA:0,(anonymous_6)
FNDA:3,(anonymous_7)
FNDA:0,(anonymous_8)
DA:16,1
DA:17,10
DA:20,10
DA:21,2
DA:22,8
DA:23,1
DA:25,7
DA:28,10
DA:30,10
DA:33,1
DA:35,1
DA:36,1
DA:37,1
DA:38,1
DA:40,1
DA:41,1
DA:42,1
DA:43,1
DA:45,1
DA:57,1
DA:78,1
DA:81,0
DA:86,0
DA:87,0
DA:88,0
DA:91,0
DA:92,0
DA:96,0
DA:102,1
DA:106,0
DA:114,0
DA:116,0
DA:119,0
DA:122,0
DA:124,0
DA:128,0
DA:134,1
DA:135,3
DA:137,0
DA:146,0
DA:154,0
DA:159,0
DA:168,0
DA:169,0
DA:170,0
DA:174,0
DA:176,0
DA:178,0
DA:201,0
DA:213,0
DA:218,0
DA:228,0
DA:237,3
DA:292,1
DA:293,0
DA:295,0
DA:301,0
DA:302,0
DA:303,0
DA:307,0
DA:309,0
DA:311,0
DA:313,0
LF:63
LH:26
BRDA:20,0,0,2
BRDA:20,0,1,8
BRDA:22,1,0,1
BRDA:22,1,1,7
BRDA:87,2,0,0
BRDA:87,2,1,0
BRDA:89,3,0,0
BRDA:89,3,1,0
BRDA:91,4,0,0
BRDA:91,4,1,0
BRDA:109,5,0,0
BRDA:109,5,1,0
BRDA:116,6,0,0
BRDA:116,6,1,0
BRDA:120,7,0,0
BRDA:120,7,1,0
BRDA:122,8,0,0
BRDA:122,8,1,0
BRDA:134,9,0,3
BRDA:135,10,0,0
BRDA:135,10,1,0
BRDA:135,10,2,0
BRDA:135,10,3,0
BRDA:135,10,4,0
BRDA:135,10,5,0
BRDA:135,10,6,0
BRDA:135,10,7,0
BRDA:135,10,8,0
BRDA:135,10,9,3
BRDA:220,11,0,0
BRDA:220,11,1,0
BRDA:292,12,0,0
BRDA:293,13,0,0
BRDA:293,13,1,0
BRDA:293,13,2,0
BRF:35
BRH:6
end_of_record
