TN:
SF:/Users/hitoi/Dropbox/Projects/agnes-client-side/src/App.js
FN:9,(anonymous_0)
FNF:1
FNH:1
FNDA:1,(anonymous_0)
DA:9,1
DA:11,1
LF:2
LH:2
BRF:0
BRH:0
end_of_record
TN:
SF:/Users/hitoi/Dropbox/Projects/agnes-client-side/src/router.js
FN:43,(anonymous_0)
FNF:1
FNH:0
FNDA:0,(anonymous_0)
DA:13,1
DA:43,1
DA:44,0
LF:3
LH:2
BRF:0
BRH:0
end_of_record
TN:
SF:/Users/hitoi/Dropbox/Projects/agnes-client-side/src/sample-array.js
FNF:0
FNH:0
DA:5,1
DA:10,1
DA:15,1
DA:19,1
LF:4
LH:4
BRF:0
BRH:0
end_of_record
TN:
SF:/Users/hitoi/Dropbox/Projects/agnes-client-side/src/sample.js
FN:1,(anonymous_0)
FN:2,(anonymous_1)
FN:11,(anonymous_2)
FNF:3
FNH:3
FNDA:1,(anonymous_0)
FNDA:1999,(anonymous_1)
FNDA:999,(anonymous_2)
DA:1,1
DA:2,1
DA:3,1999
DA:4,1000
DA:6,999
DA:7,999
DA:8,999
DA:9,999
DA:11,1
DA:12,999
DA:13,0
DA:15,999
DA:16,999
DA:17,8709
DA:18,8709
DA:19,4322
DA:21,4387
DA:24,999
DA:25,517
DA:26,482
DA:27,482
DA:29,999
DA:31,1
LF:23
LH:22
BRDA:3,0,0,1000
BRDA:3,0,1,999
BRDA:12,1,0,0
BRDA:12,1,1,999
BRDA:16,2,0,9708
BRDA:16,2,1,9191
BRDA:18,3,0,4322
BRDA:18,3,1,4387
BRDA:24,4,0,517
BRDA:24,4,1,482
BRDA:26,5,0,482
BRDA:26,5,1,0
BRF:12
BRH:10
end_of_record
TN:
SF:/Users/hitoi/Dropbox/Projects/agnes-client-side/src/store.js
FNF:0
FNH:0
DA:6,1
DA:10,1
DA:17,1
DA:19,1
DA:20,1
LF:5
LH:5
BRDA:19,0,0,1
BRDA:19,0,1,1
BRF:2
BRH:2
end_of_record
TN:
SF:/Users/hitoi/Dropbox/Projects/agnes-client-side/src/actions/index.js
FN:20,(anonymous_0)
FN:29,(anonymous_1)
FN:36,(anonymous_2)
FN:42,(anonymous_3)
FN:56,(anonymous_4)
FN:72,(anonymous_5)
FN:142,(anonymous_6)
FN:150,(anonymous_7)
FN:177,(anonymous_8)
FN:183,(anonymous_9)
FN:201,(anonymous_10)
FN:202,(anonymous_11)
FN:210,(anonymous_12)
FN:256,immutableDelete
FN:259,(anonymous_14)
FN:260,(anonymous_15)
FN:271,(anonymous_16)
FN:283,(anonymous_17)
FN:388,(anonymous_18)
FN:390,(anonymous_19)
FN:393,(anonymous_20)
FN:396,(anonymous_21)
FN:399,(anonymous_22)
FN:409,getTargetBranch
FN:417,recursiveCheck
FN:437,immutablePop
FN:440,(anonymous_26)
FN:458,(anonymous_27)
FN:478,(anonymous_28)
FN:488,(anonymous_29)
FN:497,(anonymous_30)
FN:506,(anonymous_31)
FN:513,processBranches
FN:574,(anonymous_33)
FN:600,(anonymous_34)
FN:625,(anonymous_35)
FN:671,getPrevSibDownwords
FN:688,(anonymous_37)
FN:731,getNextSibUpwords
FN:754,(anonymous_39)
FN:774,checkIfActiveChild
FN:775,(anonymous_41)
FNF:42
FNH:26
FNDA:1,(anonymous_0)
FNDA:1,(anonymous_1)
FNDA:1,(anonymous_2)
FNDA:1,(anonymous_3)
FNDA:5,(anonymous_4)
FNDA:3,(anonymous_5)
FNDA:13,(anonymous_6)
FNDA:25,(anonymous_7)
FNDA:9,(anonymous_8)
FNDA:3,(anonymous_9)
FNDA:5,(anonymous_10)
FNDA:46,(anonymous_11)
FNDA:4,(anonymous_12)
FNDA:10,immutableDelete
FNDA:45,(anonymous_14)
FNDA:54,(anonymous_15)
FNDA:35,(anonymous_16)
FNDA:16,(anonymous_17)
FNDA:0,(anonymous_18)
FNDA:0,(anonymous_19)
FNDA:0,(anonymous_20)
FNDA:0,(anonymous_21)
FNDA:0,(anonymous_22)
FNDA:0,getTargetBranch
FNDA:0,recursiveCheck
FNDA:12,immutablePop
FNDA:2,(anonymous_26)
FNDA:2,(anonymous_27)
FNDA:30,(anonymous_28)
FNDA:12,(anonymous_29)
FNDA:25,(anonymous_30)
FNDA:35,(anonymous_31)
FNDA:51,processBranches
FNDA:0,(anonymous_33)
FNDA:0,(anonymous_34)
FNDA:0,(anonymous_35)
FNDA:0,getPrevSibDownwords
FNDA:0,(anonymous_37)
FNDA:0,getNextSibUpwords
FNDA:0,(anonymous_39)
FNDA:0,checkIfActiveChild
FNDA:0,(anonymous_41)
DA:20,2
DA:21,1
DA:29,2
DA:30,1
DA:36,2
DA:37,1
DA:42,2
DA:43,1
DA:56,2
DA:57,5
DA:58,5
DA:60,5
DA:61,0
DA:64,5
DA:65,56
DA:67,5
DA:72,2
DA:75,3
DA:77,3
DA:78,3
DA:90,3
DA:94,1
DA:103,2
DA:107,1
DA:109,1
DA:110,1
DA:111,1
DA:131,3
DA:142,2
DA:145,13
DA:146,6
DA:148,7
DA:154,25
DA:156,3
DA:162,22
DA:163,4
DA:168,18
DA:177,2
DA:178,9
DA:183,2
DA:184,3
DA:187,3
DA:188,0
DA:189,3
DA:190,0
DA:192,3
DA:195,3
DA:197,3
DA:201,2
DA:202,5
DA:203,46
DA:204,41
DA:206,5
DA:210,2
DA:211,4
DA:212,4
DA:213,4
DA:214,4
DA:219,4
DA:220,0
DA:225,4
DA:226,1
DA:227,3
DA:228,1
DA:230,2
DA:245,4
DA:257,10
DA:259,2
DA:260,45
DA:261,54
DA:263,45
DA:264,10
DA:268,35
DA:269,10
DA:272,35
DA:276,25
DA:283,2
DA:284,16
DA:285,16
DA:286,16
DA:287,16
DA:293,16
DA:294,4
DA:295,2
DA:299,2
DA:300,2
DA:302,2
DA:304,2
DA:308,2
DA:313,12
DA:318,4
DA:319,3
DA:323,1
DA:325,1
DA:326,1
DA:327,1
DA:331,1
DA:336,8
DA:337,4
DA:338,3
DA:342,1
DA:344,1
DA:345,1
DA:346,1
DA:348,1
DA:354,4
DA:366,4
DA:367,2
DA:371,2
DA:373,2
DA:374,2
DA:375,2
DA:377,2
DA:384,0
DA:388,2
DA:389,0
DA:391,0
DA:394,0
DA:397,0
DA:400,0
DA:403,0
DA:411,0
DA:412,0
DA:414,0
DA:416,0
DA:418,0
DA:419,0
DA:420,0
DA:421,0
DA:422,0
DA:423,0
DA:438,12
DA:440,2
DA:442,2
DA:443,0
DA:445,2
DA:446,2
DA:447,2
DA:448,2
DA:451,0
DA:454,2
DA:458,2
DA:459,2
DA:462,2
DA:463,0
DA:465,2
DA:466,2
DA:467,3
DA:468,2
DA:470,1
DA:473,2
DA:478,2
DA:479,30
DA:480,18
DA:483,12
DA:485,12
DA:488,2
DA:489,12
DA:490,12
DA:491,12
DA:493,12
DA:497,2
DA:503,25
DA:504,25
DA:505,25
DA:506,35
DA:509,25
DA:516,51
DA:520,155
DA:522,25
DA:525,25
DA:526,25
DA:528,25
DA:531,130
DA:532,130
DA:533,26
DA:574,2
DA:579,0
DA:581,0
DA:583,0
DA:591,0
DA:593,0
DA:595,0
DA:600,2
DA:606,0
DA:607,0
DA:609,0
DA:614,0
DA:615,0
DA:617,0
DA:625,2
DA:630,0
DA:631,0
DA:632,0
DA:637,0
DA:639,0
DA:640,0
DA:641,0
DA:642,0
DA:655,0
DA:657,0
DA:664,0
DA:665,0
DA:672,0
DA:674,0
DA:676,0
DA:677,0
DA:688,2
DA:693,0
DA:694,0
DA:695,0
DA:697,0
DA:698,0
DA:705,0
DA:706,0
DA:707,0
DA:714,0
DA:718,0
DA:719,0
DA:720,0
DA:724,0
DA:733,0
DA:735,0
DA:738,0
DA:740,0
DA:748,0
DA:750,0
DA:754,2
DA:755,0
DA:760,0
DA:761,0
DA:763,0
DA:766,0
DA:769,0
DA:771,0
DA:775,0
DA:776,0
DA:787,0
LF:238
LH:157
BRDA:60,0,0,0
BRDA:60,0,1,5
BRDA:60,1,0,5
BRDA:60,1,1,5
BRDA:90,2,0,1
BRDA:90,2,1,2
BRDA:103,3,0,1
BRDA:103,3,1,1
BRDA:109,4,0,1
BRDA:109,4,1,0
BRDA:145,5,0,6
BRDA:145,5,1,7
BRDA:154,6,0,3
BRDA:154,6,1,22
BRDA:162,7,0,4
BRDA:162,7,1,18
BRDA:187,8,0,0
BRDA:187,8,1,3
BRDA:189,9,0,0
BRDA:189,9,1,3
BRDA:203,10,0,41
BRDA:203,10,1,5
BRDA:219,11,0,0
BRDA:219,11,1,4
BRDA:219,12,0,4
BRDA:219,12,1,2
BRDA:225,13,0,1
BRDA:225,13,1,3
BRDA:227,14,0,1
BRDA:227,14,1,2
BRDA:263,15,0,10
BRDA:263,15,1,35
BRDA:268,16,0,10
BRDA:268,16,1,25
BRDA:293,17,0,4
BRDA:293,17,1,12
BRDA:294,18,0,2
BRDA:294,18,1,2
BRDA:313,19,0,4
BRDA:313,19,1,8
BRDA:318,20,0,3
BRDA:318,20,1,1
BRDA:318,21,0,4
BRDA:318,21,1,1
BRDA:336,22,0,4
BRDA:336,22,1,4
BRDA:337,23,0,3
BRDA:337,23,1,1
BRDA:354,24,0,4
BRDA:354,24,1,0
BRDA:366,25,0,2
BRDA:366,25,1,2
BRDA:403,26,0,0
BRDA:403,26,1,0
BRDA:411,27,0,0
BRDA:411,27,1,0
BRDA:419,28,0,0
BRDA:419,28,1,0
BRDA:422,29,0,0
BRDA:422,29,1,0
BRDA:442,30,0,0
BRDA:442,30,1,2
BRDA:447,31,0,2
BRDA:447,31,1,0
BRDA:462,32,0,0
BRDA:462,32,1,2
BRDA:467,33,0,2
BRDA:467,33,1,1
BRDA:479,34,0,18
BRDA:479,34,1,12
BRDA:520,35,0,25
BRDA:520,35,1,130
BRDA:531,36,0,130
BRDA:531,36,1,0
BRDA:532,37,0,26
BRDA:532,37,1,104
BRDA:581,38,0,0
BRDA:581,38,1,0
BRDA:591,39,0,0
BRDA:591,39,1,0
BRDA:591,40,0,0
BRDA:591,40,1,0
BRDA:607,41,0,0
BRDA:607,41,1,0
BRDA:614,42,0,0
BRDA:614,42,1,0
BRDA:614,43,0,0
BRDA:614,43,1,0
BRDA:637,44,0,0
BRDA:637,44,1,0
BRDA:639,45,0,0
BRDA:639,45,1,0
BRDA:639,46,0,0
BRDA:639,46,1,0
BRDA:641,47,0,0
BRDA:641,47,1,0
BRDA:641,48,0,0
BRDA:641,48,1,0
BRDA:641,48,2,0
BRDA:655,49,0,0
BRDA:655,49,1,0
BRDA:655,50,0,0
BRDA:655,50,1,0
BRDA:664,51,0,0
BRDA:664,51,1,0
BRDA:664,52,0,0
BRDA:664,52,1,0
BRDA:672,53,0,0
BRDA:672,53,1,0
BRDA:672,54,0,0
BRDA:672,54,1,0
BRDA:676,55,0,0
BRDA:676,55,1,0
BRDA:676,56,0,0
BRDA:676,56,1,0
BRDA:676,56,2,0
BRDA:676,56,3,0
BRDA:697,57,0,0
BRDA:697,57,1,0
BRDA:697,58,0,0
BRDA:697,58,1,0
BRDA:705,59,0,0
BRDA:705,59,1,0
BRDA:705,60,0,0
BRDA:705,60,1,0
BRDA:705,60,2,0
BRDA:706,61,0,0
BRDA:706,61,1,0
BRDA:714,62,0,0
BRDA:714,62,1,0
BRDA:719,63,0,0
BRDA:719,63,1,0
BRDA:738,64,0,0
BRDA:738,64,1,0
BRDA:760,65,0,0
BRDA:760,65,1,0
BRDA:766,66,0,0
BRDA:766,66,1,0
BRDA:776,67,0,0
BRDA:776,67,1,0
BRDA:776,68,0,0
BRDA:776,68,1,0
BRF:142
BRH:58
end_of_record
TN:
SF:/Users/hitoi/Dropbox/Projects/agnes-client-side/src/actions/types.js
FNF:0
FNH:0
DA:1,2
DA:2,2
DA:3,2
DA:4,2
DA:5,2
DA:6,2
DA:7,2
DA:8,2
DA:9,2
DA:10,2
DA:12,2
LF:11
LH:11
BRF:0
BRH:0
end_of_record
TN:
SF:/Users/hitoi/Dropbox/Projects/agnes-client-side/src/components/Home.js
FN:6,(anonymous_0)
FN:12,(anonymous_1)
FNF:2
FNH:0
FNDA:0,(anonymous_0)
FNDA:0,(anonymous_1)
DA:6,1
DA:7,0
DA:12,1
DA:13,0
DA:20,1
LF:5
LH:3
BRF:0
BRH:0
end_of_record
TN:
SF:/Users/hitoi/Dropbox/Projects/agnes-client-side/src/components/MainPlaceHolder.js
FN:3,(anonymous_0)
FNF:1
FNH:0
FNDA:0,(anonymous_0)
DA:3,1
DA:4,0
LF:2
LH:1
BRF:0
BRH:0
end_of_record
TN:
SF:/Users/hitoi/Dropbox/Projects/agnes-client-side/src/components/Header/index.js
FN:8,(anonymous_0)
FN:19,(anonymous_1)
FNF:2
FNH:0
FNDA:0,(anonymous_0)
FNDA:0,(anonymous_1)
DA:8,1
DA:9,0
DA:19,1
DA:20,0
DA:26,1
LF:5
LH:3
BRF:0
BRH:0
end_of_record
TN:
SF:/Users/hitoi/Dropbox/Projects/agnes-client-side/src/components/OutlineTree/index.js
FN:6,(anonymous_0)
FN:10,(anonymous_1)
FN:12,(anonymous_2)
FN:18,(anonymous_3)
FN:23,(anonymous_4)
FN:45,growTree
FN:49,(anonymous_6)
FN:64,(anonymous_7)
FN:81,(anonymous_8)
FN:136,(anonymous_9)
FN:139,(anonymous_10)
FNF:11
FNH:0
FNDA:0,(anonymous_0)
FNDA:0,(anonymous_1)
FNDA:0,(anonymous_2)
FNDA:0,(anonymous_3)
FNDA:0,(anonymous_4)
FNDA:0,growTree
FNDA:0,(anonymous_6)
FNDA:0,(anonymous_7)
FNDA:0,(anonymous_8)
FNDA:0,(anonymous_9)
FNDA:0,(anonymous_10)
DA:6,1
DA:7,0
DA:10,1
DA:11,0
DA:13,0
DA:14,0
DA:15,0
DA:19,0
DA:21,0
DA:25,0
DA:26,0
DA:28,0
DA:32,0
DA:46,0
DA:50,0
DA:64,0
DA:81,0
DA:136,1
DA:137,0
DA:139,0
DA:150,1
LF:21
LH:4
BRDA:14,0,0,0
BRDA:14,0,1,0
BRDA:26,1,0,0
BRDA:26,1,1,0
BRDA:26,2,0,0
BRDA:26,2,1,0
BRDA:26,2,2,0
BRDA:26,2,3,0
BRDA:48,3,0,0
BRDA:48,3,1,0
BRDA:48,4,0,0
BRDA:48,4,1,0
BRDA:54,5,0,0
BRDA:54,5,1,0
BRDA:55,6,0,0
BRDA:55,6,1,0
BRDA:56,7,0,0
BRDA:56,7,1,0
BRDA:61,8,0,0
BRDA:61,8,1,0
BRDA:67,9,0,0
BRDA:67,9,1,0
BRDA:70,10,0,0
BRDA:70,10,1,0
BRDA:78,11,0,0
BRDA:78,11,1,0
BRDA:79,12,0,0
BRDA:79,12,1,0
BRDA:85,13,0,0
BRDA:85,13,1,0
BRDA:85,14,0,0
BRDA:85,14,1,0
BRDA:90,15,0,0
BRDA:90,15,1,0
BRDA:90,16,0,0
BRDA:90,16,1,0
BRDA:94,17,0,0
BRDA:94,17,1,0
BRDA:104,18,0,0
BRDA:104,18,1,0
BRDA:109,19,0,0
BRDA:109,19,1,0
BRDA:109,20,0,0
BRDA:109,20,1,0
BRF:44
BRH:0
end_of_record
TN:
SF:/Users/hitoi/Dropbox/Projects/agnes-client-side/src/components/TextEditorDraft/index.js
FN:7,(anonymous_0)
FN:11,(anonymous_1)
FN:13,(anonymous_2)
FN:16,(anonymous_3)
FN:19,(anonymous_4)
FN:28,(anonymous_5)
FN:38,(anonymous_6)
FN:45,(anonymous_7)
FN:46,(anonymous_8)
FN:47,(anonymous_9)
FN:48,(anonymous_10)
FN:50,(anonymous_11)
FN:54,(anonymous_12)
FN:70,(anonymous_13)
FN:74,(anonymous_14)
FN:95,(anonymous_15)
FN:104,(anonymous_16)
FN:133,handleTab
FNF:18
FNH:0
FNDA:0,(anonymous_0)
FNDA:0,(anonymous_1)
FNDA:0,(anonymous_2)
FNDA:0,(anonymous_3)
FNDA:0,(anonymous_4)
FNDA:0,(anonymous_5)
FNDA:0,(anonymous_6)
FNDA:0,(anonymous_7)
FNDA:0,(anonymous_8)
FNDA:0,(anonymous_9)
FNDA:0,(anonymous_10)
FNDA:0,(anonymous_11)
FNDA:0,(anonymous_12)
FNDA:0,(anonymous_13)
FNDA:0,(anonymous_14)
FNDA:0,(anonymous_15)
FNDA:0,(anonymous_16)
FNDA:0,handleTab
DA:7,1
DA:8,0
DA:11,1
DA:12,0
DA:22,0
DA:30,0
DA:32,0
DA:35,0
DA:38,0
DA:40,0
DA:42,0
DA:45,0
DA:46,0
DA:47,0
DA:48,0
DA:52,0
DA:60,0
DA:61,0
DA:62,0
DA:76,0
DA:81,0
DA:82,0
DA:83,0
DA:89,0
DA:90,0
DA:96,0
DA:97,0
DA:98,0
DA:99,0
DA:100,0
DA:102,0
DA:105,0
DA:134,0
DA:136,0
DA:137,0
DA:138,0
DA:139,0
DA:141,0
DA:144,0
DA:145,0
DA:151,0
DA:158,0
DA:162,1
LF:43
LH:3
BRDA:60,0,0,0
BRDA:60,0,1,0
BRDA:98,1,0,0
BRDA:98,1,1,0
BRDA:144,2,0,0
BRDA:144,2,1,0
BRF:6
BRH:0
end_of_record
TN:
SF:/Users/hitoi/Dropbox/Projects/agnes-client-side/src/components/TreeNav/index.js
FN:6,(anonymous_0)
FN:10,(anonymous_1)
FN:12,(anonymous_2)
FN:17,(anonymous_3)
FN:22,(anonymous_4)
FN:27,(anonymous_5)
FN:38,(anonymous_6)
FN:44,(anonymous_7)
FN:53,(anonymous_8)
FN:60,(anonymous_9)
FN:70,(anonymous_10)
FN:80,(anonymous_11)
FN:92,(anonymous_12)
FN:101,(anonymous_13)
FN:110,(anonymous_14)
FN:125,(anonymous_15)
FN:136,(anonymous_16)
FN:147,(anonymous_17)
FN:157,(anonymous_18)
FN:167,(anonymous_19)
FNF:20
FNH:0
FNDA:0,(anonymous_0)
FNDA:0,(anonymous_1)
FNDA:0,(anonymous_2)
FNDA:0,(anonymous_3)
FNDA:0,(anonymous_4)
FNDA:0,(anonymous_5)
FNDA:0,(anonymous_6)
FNDA:0,(anonymous_7)
FNDA:0,(anonymous_8)
FNDA:0,(anonymous_9)
FNDA:0,(anonymous_10)
FNDA:0,(anonymous_11)
FNDA:0,(anonymous_12)
FNDA:0,(anonymous_13)
FNDA:0,(anonymous_14)
FNDA:0,(anonymous_15)
FNDA:0,(anonymous_16)
FNDA:0,(anonymous_17)
FNDA:0,(anonymous_18)
FNDA:0,(anonymous_19)
DA:6,1
DA:7,0
DA:10,1
DA:11,0
DA:13,0
DA:14,0
DA:15,0
DA:18,0
DA:19,0
DA:20,0
DA:23,0
DA:24,0
DA:25,0
DA:28,0
DA:30,0
DA:31,0
DA:32,0
DA:36,0
DA:39,0
DA:41,0
DA:42,0
DA:45,0
DA:47,0
DA:48,0
DA:53,1
DA:54,0
DA:60,0
DA:70,0
DA:80,0
DA:92,0
DA:101,0
DA:110,0
DA:125,0
DA:136,0
DA:147,0
DA:157,0
DA:167,0
DA:216,1
LF:38
LH:4
BRDA:31,0,0,0
BRDA:31,0,1,0
BRF:2
BRH:0
end_of_record
TN:
SF:/Users/hitoi/Dropbox/Projects/agnes-client-side/src/components/TwoPanes/index.js
FN:9,(anonymous_0)
FN:18,(anonymous_1)
FN:21,(anonymous_2)
FN:32,(anonymous_3)
FN:38,(anonymous_4)
FN:45,(anonymous_5)
FNF:6
FNH:0
FNDA:0,(anonymous_0)
FNDA:0,(anonymous_1)
FNDA:0,(anonymous_2)
FNDA:0,(anonymous_3)
FNDA:0,(anonymous_4)
FNDA:0,(anonymous_5)
DA:10,0
DA:12,0
DA:22,0
DA:23,0
DA:27,0
DA:33,0
DA:39,0
DA:41,0
DA:46,0
LF:9
LH:0
BRDA:22,0,0,0
BRDA:22,0,1,0
BRDA:39,1,0,0
BRDA:39,1,1,0
BRDA:39,2,0,0
BRDA:39,2,1,0
BRDA:39,2,2,0
BRDA:74,3,0,0
BRDA:74,3,1,0
BRF:9
BRH:0
end_of_record
TN:
SF:/Users/hitoi/Dropbox/Projects/agnes-client-side/src/reducers/dummy.js
FN:64,(anonymous_0)
FN:75,(anonymous_1)
FN:84,(anonymous_2)
FN:100,(anonymous_3)
FNF:4
FNH:4
FNDA:9,(anonymous_0)
FNDA:15,(anonymous_1)
FNDA:55,(anonymous_2)
FNDA:30,(anonymous_3)
DA:2,3
DA:64,3
DA:65,9
DA:66,9
DA:67,33
DA:68,33
DA:69,6
DA:72,9
DA:75,3
DA:76,15
DA:78,15
DA:79,55
DA:82,15
DA:84,3
DA:85,55
DA:89,55
DA:90,45
DA:91,10
DA:92,10
DA:94,55
DA:100,3
DA:101,30
DA:104,30
DA:105,6
DA:106,24
DA:107,3
DA:109,21
DA:112,30
DA:114,30
DA:117,3
DA:119,3
DA:120,3
DA:121,3
DA:122,3
DA:124,3
DA:125,3
DA:126,3
DA:127,3
DA:129,3
DA:141,3
LF:40
LH:40
BRDA:68,0,0,6
BRDA:68,0,1,27
BRDA:89,1,0,45
BRDA:89,1,1,10
BRDA:91,2,0,10
BRDA:91,2,1,0
BRDA:104,3,0,6
BRDA:104,3,1,24
BRDA:106,4,0,3
BRDA:106,4,1,21
BRF:10
BRH:9
end_of_record
TN:
SF:/Users/hitoi/Dropbox/Projects/agnes-client-side/src/reducers/fetchFileName.js
FN:5,(anonymous_0)
FNF:1
FNH:1
FNDA:3,(anonymous_0)
DA:5,1
DA:6,3
DA:8,0
DA:12,3
LF:4
LH:3
BRDA:5,0,0,3
BRDA:6,1,0,0
BRDA:6,1,1,3
BRF:3
BRH:2
end_of_record
TN:
SF:/Users/hitoi/Dropbox/Projects/agnes-client-side/src/reducers/index.js
FNF:0
FNH:0
DA:6,1
LF:1
LH:1
BRF:0
BRH:0
end_of_record
TN:
SF:/Users/hitoi/Dropbox/Projects/agnes-client-side/src/reducers/treeState.js
FN:38,(anonymous_0)
FN:43,processBranches
FN:44,(anonymous_2)
FN:60,(anonymous_3)
FN:70,processBranches
FN:72,(anonymous_5)
FN:92,(anonymous_6)
FN:250,(anonymous_7)
FNF:8
FNH:1
FNDA:0,(anonymous_0)
FNDA:0,processBranches
FNDA:0,(anonymous_2)
FNDA:0,(anonymous_3)
FNDA:0,processBranches
FNDA:0,(anonymous_5)
FNDA:3,(anonymous_6)
FNDA:0,(anonymous_7)
DA:20,1
DA:38,1
DA:41,0
DA:44,0
DA:45,0
DA:46,0
DA:49,0
DA:50,0
DA:54,0
DA:60,1
DA:64,0
DA:72,0
DA:74,0
DA:77,0
DA:80,0
DA:82,0
DA:86,0
DA:92,1
DA:93,3
DA:95,0
DA:104,0
DA:112,0
DA:117,0
DA:126,0
DA:127,0
DA:128,0
DA:132,0
DA:134,0
DA:136,0
DA:159,0
DA:171,0
DA:176,0
DA:186,0
DA:195,3
DA:250,1
DA:251,0
DA:253,0
DA:259,0
DA:260,0
DA:261,0
DA:265,0
DA:267,0
DA:269,0
DA:271,0
LF:44
LH:7
BRDA:45,0,0,0
BRDA:45,0,1,0
BRDA:47,1,0,0
BRDA:47,1,1,0
BRDA:49,2,0,0
BRDA:49,2,1,0
BRDA:67,3,0,0
BRDA:67,3,1,0
BRDA:74,4,0,0
BRDA:74,4,1,0
BRDA:78,5,0,0
BRDA:78,5,1,0
BRDA:80,6,0,0
BRDA:80,6,1,0
BRDA:92,7,0,3
BRDA:93,8,0,0
BRDA:93,8,1,0
BRDA:93,8,2,0
BRDA:93,8,3,0
BRDA:93,8,4,0
BRDA:93,8,5,0
BRDA:93,8,6,0
BRDA:93,8,7,0
BRDA:93,8,8,0
BRDA:93,8,9,3
BRDA:178,9,0,0
BRDA:178,9,1,0
BRDA:250,10,0,0
BRDA:251,11,0,0
BRDA:251,11,1,0
BRDA:251,11,2,0
BRF:31
BRH:2
end_of_record
